[0.127s] DEBUG:colcon:Command line arguments: ['/usr/bin/colcon', 'build', '--symlink-install']
[0.127s] DEBUG:colcon:Parsed command line arguments: Namespace(log_base=None, log_level=None, verb_name='build', build_base='build', install_base='install', merge_install=False, symlink_install=True, test_result_base=None, continue_on_error=False, executor='parallel', parallel_workers=12, event_handlers=None, ignore_user_meta=False, metas=['./colcon.meta'], base_paths=['.'], packages_ignore=None, packages_ignore_regex=None, paths=None, packages_up_to=None, packages_up_to_regex=None, packages_above=None, packages_above_and_dependencies=None, packages_above_depth=None, packages_select_by_dep=None, packages_skip_by_dep=None, packages_skip_up_to=None, packages_select_build_failed=False, packages_skip_build_finished=False, packages_select_test_failures=False, packages_skip_test_passed=False, packages_select=None, packages_skip=None, packages_select_regex=None, packages_skip_regex=None, packages_start=None, packages_end=None, allow_overriding=[], cmake_args=None, cmake_target=None, cmake_target_skip_unavailable=False, cmake_clean_cache=False, cmake_clean_first=False, cmake_force_configure=False, ament_cmake_args=None, catkin_cmake_args=None, catkin_skip_building_tests=False, mixin_files=None, mixin=None, verb_parser=<colcon_mixin.mixin.mixin_argument.MixinArgumentDecorator object at 0x7efe1898caf0>, verb_extension=<colcon_core.verb.build.BuildVerb object at 0x7efe1898c520>, main=<bound method BuildVerb.main of <colcon_core.verb.build.BuildVerb object at 0x7efe1898c520>>, mixin_verb=('build',))
[0.273s] Level 1:colcon.colcon_core.package_discovery:discover_packages(colcon_meta) check parameters
[0.273s] Level 1:colcon.colcon_core.package_discovery:discover_packages(recursive) check parameters
[0.273s] Level 1:colcon.colcon_core.package_discovery:discover_packages(ignore) check parameters
[0.273s] Level 1:colcon.colcon_core.package_discovery:discover_packages(path) check parameters
[0.273s] Level 1:colcon.colcon_core.package_discovery:discover_packages(colcon_meta) discover
[0.273s] Level 1:colcon.colcon_core.package_discovery:discover_packages(recursive) discover
[0.273s] INFO:colcon.colcon_core.package_discovery:Crawling recursively for packages in '/home/user/ros2_dev'
[0.273s] Level 1:colcon.colcon_core.package_identification:_identify(.) by extensions ['ignore', 'ignore_ament_install']
[0.273s] Level 1:colcon.colcon_core.package_identification:_identify(.) by extension 'ignore'
[0.273s] Level 1:colcon.colcon_core.package_identification:_identify(.) by extension 'ignore_ament_install'
[0.273s] Level 1:colcon.colcon_core.package_identification:_identify(.) by extensions ['colcon_pkg']
[0.273s] Level 1:colcon.colcon_core.package_identification:_identify(.) by extension 'colcon_pkg'
[0.273s] Level 1:colcon.colcon_core.package_identification:_identify(.) by extensions ['colcon_meta']
[0.273s] Level 1:colcon.colcon_core.package_identification:_identify(.) by extension 'colcon_meta'
[0.273s] Level 1:colcon.colcon_core.package_identification:_identify(.) by extensions ['ros']
[0.273s] Level 1:colcon.colcon_core.package_identification:_identify(.) by extension 'ros'
[0.281s] Level 1:colcon.colcon_core.package_identification:_identify(.) by extensions ['cmake', 'python']
[0.281s] Level 1:colcon.colcon_core.package_identification:_identify(.) by extension 'cmake'
[0.281s] Level 1:colcon.colcon_core.package_identification:_identify(.) by extension 'python'
[0.281s] Level 1:colcon.colcon_core.package_identification:_identify(.) by extensions ['python_setup_py']
[0.281s] Level 1:colcon.colcon_core.package_identification:_identify(.) by extension 'python_setup_py'
[0.281s] Level 1:colcon.colcon_core.package_identification:_identify(build) by extensions ['ignore', 'ignore_ament_install']
[0.281s] Level 1:colcon.colcon_core.package_identification:_identify(build) by extension 'ignore'
[0.281s] Level 1:colcon.colcon_core.package_identification:_identify(build) ignored
[0.281s] Level 1:colcon.colcon_core.package_identification:_identify(install) by extensions ['ignore', 'ignore_ament_install']
[0.282s] Level 1:colcon.colcon_core.package_identification:_identify(install) by extension 'ignore'
[0.282s] Level 1:colcon.colcon_core.package_identification:_identify(install) ignored
[0.282s] Level 1:colcon.colcon_core.package_identification:_identify(log) by extensions ['ignore', 'ignore_ament_install']
[0.282s] Level 1:colcon.colcon_core.package_identification:_identify(log) by extension 'ignore'
[0.282s] Level 1:colcon.colcon_core.package_identification:_identify(log) ignored
[0.282s] Level 1:colcon.colcon_core.package_identification:_identify(src) by extensions ['ignore', 'ignore_ament_install']
[0.282s] Level 1:colcon.colcon_core.package_identification:_identify(src) by extension 'ignore'
[0.282s] Level 1:colcon.colcon_core.package_identification:_identify(src) by extension 'ignore_ament_install'
[0.282s] Level 1:colcon.colcon_core.package_identification:_identify(src) by extensions ['colcon_pkg']
[0.282s] Level 1:colcon.colcon_core.package_identification:_identify(src) by extension 'colcon_pkg'
[0.282s] Level 1:colcon.colcon_core.package_identification:_identify(src) by extensions ['colcon_meta']
[0.282s] Level 1:colcon.colcon_core.package_identification:_identify(src) by extension 'colcon_meta'
[0.282s] Level 1:colcon.colcon_core.package_identification:_identify(src) by extensions ['ros']
[0.282s] Level 1:colcon.colcon_core.package_identification:_identify(src) by extension 'ros'
[0.282s] Level 1:colcon.colcon_core.package_identification:_identify(src) by extensions ['cmake', 'python']
[0.282s] Level 1:colcon.colcon_core.package_identification:_identify(src) by extension 'cmake'
[0.282s] Level 1:colcon.colcon_core.package_identification:_identify(src) by extension 'python'
[0.282s] Level 1:colcon.colcon_core.package_identification:_identify(src) by extensions ['python_setup_py']
[0.282s] Level 1:colcon.colcon_core.package_identification:_identify(src) by extension 'python_setup_py'
[0.282s] Level 1:colcon.colcon_core.package_identification:_identify(src/communicator_group) by extensions ['ignore', 'ignore_ament_install']
[0.282s] Level 1:colcon.colcon_core.package_identification:_identify(src/communicator_group) by extension 'ignore'
[0.282s] Level 1:colcon.colcon_core.package_identification:_identify(src/communicator_group) by extension 'ignore_ament_install'
[0.282s] Level 1:colcon.colcon_core.package_identification:_identify(src/communicator_group) by extensions ['colcon_pkg']
[0.282s] Level 1:colcon.colcon_core.package_identification:_identify(src/communicator_group) by extension 'colcon_pkg'
[0.282s] Level 1:colcon.colcon_core.package_identification:_identify(src/communicator_group) by extensions ['colcon_meta']
[0.282s] Level 1:colcon.colcon_core.package_identification:_identify(src/communicator_group) by extension 'colcon_meta'
[0.282s] Level 1:colcon.colcon_core.package_identification:_identify(src/communicator_group) by extensions ['ros']
[0.282s] Level 1:colcon.colcon_core.package_identification:_identify(src/communicator_group) by extension 'ros'
[0.284s] DEBUG:colcon.colcon_core.package_identification:Package 'src/communicator_group' with type 'ros.ament_python' and name 'communicator_group'
[0.284s] Level 1:colcon.colcon_core.package_identification:_identify(src/decider_group) by extensions ['ignore', 'ignore_ament_install']
[0.284s] Level 1:colcon.colcon_core.package_identification:_identify(src/decider_group) by extension 'ignore'
[0.284s] Level 1:colcon.colcon_core.package_identification:_identify(src/decider_group) by extension 'ignore_ament_install'
[0.284s] Level 1:colcon.colcon_core.package_identification:_identify(src/decider_group) by extensions ['colcon_pkg']
[0.284s] Level 1:colcon.colcon_core.package_identification:_identify(src/decider_group) by extension 'colcon_pkg'
[0.284s] Level 1:colcon.colcon_core.package_identification:_identify(src/decider_group) by extensions ['colcon_meta']
[0.284s] Level 1:colcon.colcon_core.package_identification:_identify(src/decider_group) by extension 'colcon_meta'
[0.284s] Level 1:colcon.colcon_core.package_identification:_identify(src/decider_group) by extensions ['ros']
[0.284s] Level 1:colcon.colcon_core.package_identification:_identify(src/decider_group) by extension 'ros'
[0.284s] DEBUG:colcon.colcon_core.package_identification:Package 'src/decider_group' with type 'ros.ament_python' and name 'decider_group'
[0.284s] Level 1:colcon.colcon_core.package_identification:_identify(src/predictor_group) by extensions ['ignore', 'ignore_ament_install']
[0.284s] Level 1:colcon.colcon_core.package_identification:_identify(src/predictor_group) by extension 'ignore'
[0.284s] Level 1:colcon.colcon_core.package_identification:_identify(src/predictor_group) by extension 'ignore_ament_install'
[0.284s] Level 1:colcon.colcon_core.package_identification:_identify(src/predictor_group) by extensions ['colcon_pkg']
[0.284s] Level 1:colcon.colcon_core.package_identification:_identify(src/predictor_group) by extension 'colcon_pkg'
[0.285s] Level 1:colcon.colcon_core.package_identification:_identify(src/predictor_group) by extensions ['colcon_meta']
[0.285s] Level 1:colcon.colcon_core.package_identification:_identify(src/predictor_group) by extension 'colcon_meta'
[0.285s] Level 1:colcon.colcon_core.package_identification:_identify(src/predictor_group) by extensions ['ros']
[0.285s] Level 1:colcon.colcon_core.package_identification:_identify(src/predictor_group) by extension 'ros'
[0.285s] DEBUG:colcon.colcon_core.package_identification:Package 'src/predictor_group' with type 'ros.ament_python' and name 'predictor_group'
[0.285s] Level 1:colcon.colcon_core.package_identification:_identify(src/publisher_group) by extensions ['ignore', 'ignore_ament_install']
[0.285s] Level 1:colcon.colcon_core.package_identification:_identify(src/publisher_group) by extension 'ignore'
[0.285s] Level 1:colcon.colcon_core.package_identification:_identify(src/publisher_group) by extension 'ignore_ament_install'
[0.285s] Level 1:colcon.colcon_core.package_identification:_identify(src/publisher_group) by extensions ['colcon_pkg']
[0.285s] Level 1:colcon.colcon_core.package_identification:_identify(src/publisher_group) by extension 'colcon_pkg'
[0.285s] Level 1:colcon.colcon_core.package_identification:_identify(src/publisher_group) by extensions ['colcon_meta']
[0.285s] Level 1:colcon.colcon_core.package_identification:_identify(src/publisher_group) by extension 'colcon_meta'
[0.285s] Level 1:colcon.colcon_core.package_identification:_identify(src/publisher_group) by extensions ['ros']
[0.285s] Level 1:colcon.colcon_core.package_identification:_identify(src/publisher_group) by extension 'ros'
[0.285s] DEBUG:colcon.colcon_core.package_identification:Package 'src/publisher_group' with type 'ros.ament_python' and name 'publisher_group'
[0.285s] Level 1:colcon.colcon_core.package_identification:_identify(src/recognizer_group) by extensions ['ignore', 'ignore_ament_install']
[0.285s] Level 1:colcon.colcon_core.package_identification:_identify(src/recognizer_group) by extension 'ignore'
[0.285s] Level 1:colcon.colcon_core.package_identification:_identify(src/recognizer_group) by extension 'ignore_ament_install'
[0.286s] Level 1:colcon.colcon_core.package_identification:_identify(src/recognizer_group) by extensions ['colcon_pkg']
[0.286s] Level 1:colcon.colcon_core.package_identification:_identify(src/recognizer_group) by extension 'colcon_pkg'
[0.286s] Level 1:colcon.colcon_core.package_identification:_identify(src/recognizer_group) by extensions ['colcon_meta']
[0.286s] Level 1:colcon.colcon_core.package_identification:_identify(src/recognizer_group) by extension 'colcon_meta'
[0.286s] Level 1:colcon.colcon_core.package_identification:_identify(src/recognizer_group) by extensions ['ros']
[0.286s] Level 1:colcon.colcon_core.package_identification:_identify(src/recognizer_group) by extension 'ros'
[0.286s] DEBUG:colcon.colcon_core.package_identification:Package 'src/recognizer_group' with type 'ros.ament_python' and name 'recognizer_group'
[0.286s] Level 1:colcon.colcon_core.package_discovery:discover_packages(recursive) using defaults
[0.286s] Level 1:colcon.colcon_core.package_discovery:discover_packages(ignore) discover
[0.286s] Level 1:colcon.colcon_core.package_discovery:discover_packages(ignore) using defaults
[0.286s] Level 1:colcon.colcon_core.package_discovery:discover_packages(path) discover
[0.286s] Level 1:colcon.colcon_core.package_discovery:discover_packages(path) using defaults
[0.312s] Level 1:colcon.colcon_core.package_discovery:discover_packages(prefix_path) check parameters
[0.312s] Level 1:colcon.colcon_core.package_discovery:discover_packages(prefix_path) discover
[0.322s] DEBUG:colcon.colcon_installed_package_information.package_discovery:Found 346 installed packages in /home/user/ros2_humble/install
[0.323s] Level 1:colcon.colcon_core.package_discovery:discover_packages(prefix_path) using defaults
[0.336s] Level 5:colcon.colcon_core.verb:set package 'communicator_group' build argument 'cmake_args' from command line to 'None'
[0.336s] Level 5:colcon.colcon_core.verb:set package 'communicator_group' build argument 'cmake_target' from command line to 'None'
[0.336s] Level 5:colcon.colcon_core.verb:set package 'communicator_group' build argument 'cmake_target_skip_unavailable' from command line to 'False'
[0.336s] Level 5:colcon.colcon_core.verb:set package 'communicator_group' build argument 'cmake_clean_cache' from command line to 'False'
[0.336s] Level 5:colcon.colcon_core.verb:set package 'communicator_group' build argument 'cmake_clean_first' from command line to 'False'
[0.336s] Level 5:colcon.colcon_core.verb:set package 'communicator_group' build argument 'cmake_force_configure' from command line to 'False'
[0.336s] Level 5:colcon.colcon_core.verb:set package 'communicator_group' build argument 'ament_cmake_args' from command line to 'None'
[0.336s] Level 5:colcon.colcon_core.verb:set package 'communicator_group' build argument 'catkin_cmake_args' from command line to 'None'
[0.336s] Level 5:colcon.colcon_core.verb:set package 'communicator_group' build argument 'catkin_skip_building_tests' from command line to 'False'
[0.336s] DEBUG:colcon.colcon_core.verb:Building package 'communicator_group' with the following arguments: {'ament_cmake_args': None, 'build_base': '/home/user/ros2_dev/build/communicator_group', 'catkin_cmake_args': None, 'catkin_skip_building_tests': False, 'cmake_args': None, 'cmake_clean_cache': False, 'cmake_clean_first': False, 'cmake_force_configure': False, 'cmake_target': None, 'cmake_target_skip_unavailable': False, 'install_base': '/home/user/ros2_dev/install/communicator_group', 'merge_install': False, 'path': '/home/user/ros2_dev/src/communicator_group', 'symlink_install': True, 'test_result_base': None}
[0.336s] Level 5:colcon.colcon_core.verb:set package 'decider_group' build argument 'cmake_args' from command line to 'None'
[0.336s] Level 5:colcon.colcon_core.verb:set package 'decider_group' build argument 'cmake_target' from command line to 'None'
[0.336s] Level 5:colcon.colcon_core.verb:set package 'decider_group' build argument 'cmake_target_skip_unavailable' from command line to 'False'
[0.336s] Level 5:colcon.colcon_core.verb:set package 'decider_group' build argument 'cmake_clean_cache' from command line to 'False'
[0.336s] Level 5:colcon.colcon_core.verb:set package 'decider_group' build argument 'cmake_clean_first' from command line to 'False'
[0.336s] Level 5:colcon.colcon_core.verb:set package 'decider_group' build argument 'cmake_force_configure' from command line to 'False'
[0.336s] Level 5:colcon.colcon_core.verb:set package 'decider_group' build argument 'ament_cmake_args' from command line to 'None'
[0.336s] Level 5:colcon.colcon_core.verb:set package 'decider_group' build argument 'catkin_cmake_args' from command line to 'None'
[0.336s] Level 5:colcon.colcon_core.verb:set package 'decider_group' build argument 'catkin_skip_building_tests' from command line to 'False'
[0.336s] DEBUG:colcon.colcon_core.verb:Building package 'decider_group' with the following arguments: {'ament_cmake_args': None, 'build_base': '/home/user/ros2_dev/build/decider_group', 'catkin_cmake_args': None, 'catkin_skip_building_tests': False, 'cmake_args': None, 'cmake_clean_cache': False, 'cmake_clean_first': False, 'cmake_force_configure': False, 'cmake_target': None, 'cmake_target_skip_unavailable': False, 'install_base': '/home/user/ros2_dev/install/decider_group', 'merge_install': False, 'path': '/home/user/ros2_dev/src/decider_group', 'symlink_install': True, 'test_result_base': None}
[0.336s] Level 5:colcon.colcon_core.verb:set package 'predictor_group' build argument 'cmake_args' from command line to 'None'
[0.336s] Level 5:colcon.colcon_core.verb:set package 'predictor_group' build argument 'cmake_target' from command line to 'None'
[0.336s] Level 5:colcon.colcon_core.verb:set package 'predictor_group' build argument 'cmake_target_skip_unavailable' from command line to 'False'
[0.336s] Level 5:colcon.colcon_core.verb:set package 'predictor_group' build argument 'cmake_clean_cache' from command line to 'False'
[0.336s] Level 5:colcon.colcon_core.verb:set package 'predictor_group' build argument 'cmake_clean_first' from command line to 'False'
[0.336s] Level 5:colcon.colcon_core.verb:set package 'predictor_group' build argument 'cmake_force_configure' from command line to 'False'
[0.337s] Level 5:colcon.colcon_core.verb:set package 'predictor_group' build argument 'ament_cmake_args' from command line to 'None'
[0.337s] Level 5:colcon.colcon_core.verb:set package 'predictor_group' build argument 'catkin_cmake_args' from command line to 'None'
[0.337s] Level 5:colcon.colcon_core.verb:set package 'predictor_group' build argument 'catkin_skip_building_tests' from command line to 'False'
[0.337s] DEBUG:colcon.colcon_core.verb:Building package 'predictor_group' with the following arguments: {'ament_cmake_args': None, 'build_base': '/home/user/ros2_dev/build/predictor_group', 'catkin_cmake_args': None, 'catkin_skip_building_tests': False, 'cmake_args': None, 'cmake_clean_cache': False, 'cmake_clean_first': False, 'cmake_force_configure': False, 'cmake_target': None, 'cmake_target_skip_unavailable': False, 'install_base': '/home/user/ros2_dev/install/predictor_group', 'merge_install': False, 'path': '/home/user/ros2_dev/src/predictor_group', 'symlink_install': True, 'test_result_base': None}
[0.337s] Level 5:colcon.colcon_core.verb:set package 'publisher_group' build argument 'cmake_args' from command line to 'None'
[0.337s] Level 5:colcon.colcon_core.verb:set package 'publisher_group' build argument 'cmake_target' from command line to 'None'
[0.337s] Level 5:colcon.colcon_core.verb:set package 'publisher_group' build argument 'cmake_target_skip_unavailable' from command line to 'False'
[0.337s] Level 5:colcon.colcon_core.verb:set package 'publisher_group' build argument 'cmake_clean_cache' from command line to 'False'
[0.337s] Level 5:colcon.colcon_core.verb:set package 'publisher_group' build argument 'cmake_clean_first' from command line to 'False'
[0.337s] Level 5:colcon.colcon_core.verb:set package 'publisher_group' build argument 'cmake_force_configure' from command line to 'False'
[0.337s] Level 5:colcon.colcon_core.verb:set package 'publisher_group' build argument 'ament_cmake_args' from command line to 'None'
[0.337s] Level 5:colcon.colcon_core.verb:set package 'publisher_group' build argument 'catkin_cmake_args' from command line to 'None'
[0.337s] Level 5:colcon.colcon_core.verb:set package 'publisher_group' build argument 'catkin_skip_building_tests' from command line to 'False'
[0.337s] DEBUG:colcon.colcon_core.verb:Building package 'publisher_group' with the following arguments: {'ament_cmake_args': None, 'build_base': '/home/user/ros2_dev/build/publisher_group', 'catkin_cmake_args': None, 'catkin_skip_building_tests': False, 'cmake_args': None, 'cmake_clean_cache': False, 'cmake_clean_first': False, 'cmake_force_configure': False, 'cmake_target': None, 'cmake_target_skip_unavailable': False, 'install_base': '/home/user/ros2_dev/install/publisher_group', 'merge_install': False, 'path': '/home/user/ros2_dev/src/publisher_group', 'symlink_install': True, 'test_result_base': None}
[0.337s] Level 5:colcon.colcon_core.verb:set package 'recognizer_group' build argument 'cmake_args' from command line to 'None'
[0.337s] Level 5:colcon.colcon_core.verb:set package 'recognizer_group' build argument 'cmake_target' from command line to 'None'
[0.337s] Level 5:colcon.colcon_core.verb:set package 'recognizer_group' build argument 'cmake_target_skip_unavailable' from command line to 'False'
[0.337s] Level 5:colcon.colcon_core.verb:set package 'recognizer_group' build argument 'cmake_clean_cache' from command line to 'False'
[0.337s] Level 5:colcon.colcon_core.verb:set package 'recognizer_group' build argument 'cmake_clean_first' from command line to 'False'
[0.337s] Level 5:colcon.colcon_core.verb:set package 'recognizer_group' build argument 'cmake_force_configure' from command line to 'False'
[0.337s] Level 5:colcon.colcon_core.verb:set package 'recognizer_group' build argument 'ament_cmake_args' from command line to 'None'
[0.337s] Level 5:colcon.colcon_core.verb:set package 'recognizer_group' build argument 'catkin_cmake_args' from command line to 'None'
[0.337s] Level 5:colcon.colcon_core.verb:set package 'recognizer_group' build argument 'catkin_skip_building_tests' from command line to 'False'
[0.337s] DEBUG:colcon.colcon_core.verb:Building package 'recognizer_group' with the following arguments: {'ament_cmake_args': None, 'build_base': '/home/user/ros2_dev/build/recognizer_group', 'catkin_cmake_args': None, 'catkin_skip_building_tests': False, 'cmake_args': None, 'cmake_clean_cache': False, 'cmake_clean_first': False, 'cmake_force_configure': False, 'cmake_target': None, 'cmake_target_skip_unavailable': False, 'install_base': '/home/user/ros2_dev/install/recognizer_group', 'merge_install': False, 'path': '/home/user/ros2_dev/src/recognizer_group', 'symlink_install': True, 'test_result_base': None}
[0.337s] INFO:colcon.colcon_core.executor:Executing jobs using 'parallel' executor
[0.338s] DEBUG:colcon.colcon_parallel_executor.executor.parallel:run_until_complete
[0.338s] INFO:colcon.colcon_ros.task.ament_python.build:Building ROS package in '/home/user/ros2_dev/src/communicator_group' with build type 'ament_python'
[0.338s] Level 1:colcon.colcon_core.shell:create_environment_hook('communicator_group', 'ament_prefix_path')
[0.342s] INFO:colcon.colcon_core.plugin_system:Skipping extension 'colcon_core.shell.bat': Not used on non-Windows systems
[0.342s] INFO:colcon.colcon_core.shell:Creating environment hook '/home/user/ros2_dev/install/communicator_group/share/communicator_group/hook/ament_prefix_path.ps1'
[0.342s] INFO:colcon.colcon_core.shell:Creating environment descriptor '/home/user/ros2_dev/install/communicator_group/share/communicator_group/hook/ament_prefix_path.dsv'
[0.343s] INFO:colcon.colcon_core.shell:Creating environment hook '/home/user/ros2_dev/install/communicator_group/share/communicator_group/hook/ament_prefix_path.sh'
[0.343s] INFO:colcon.colcon_core.shell:Skip shell extension 'powershell' for command environment: Not usable outside of PowerShell
[0.343s] DEBUG:colcon.colcon_core.shell:Skip shell extension 'dsv' for command environment
[0.354s] INFO:colcon.colcon_ros.task.ament_python.build:Building ROS package in '/home/user/ros2_dev/src/decider_group' with build type 'ament_python'
[0.354s] Level 1:colcon.colcon_core.shell:create_environment_hook('decider_group', 'ament_prefix_path')
[0.354s] INFO:colcon.colcon_core.shell:Creating environment hook '/home/user/ros2_dev/install/decider_group/share/decider_group/hook/ament_prefix_path.ps1'
[0.355s] INFO:colcon.colcon_core.shell:Creating environment descriptor '/home/user/ros2_dev/install/decider_group/share/decider_group/hook/ament_prefix_path.dsv'
[0.356s] INFO:colcon.colcon_core.shell:Creating environment hook '/home/user/ros2_dev/install/decider_group/share/decider_group/hook/ament_prefix_path.sh'
[0.356s] INFO:colcon.colcon_core.shell:Skip shell extension 'powershell' for command environment: Not usable outside of PowerShell
[0.356s] DEBUG:colcon.colcon_core.shell:Skip shell extension 'dsv' for command environment
[0.367s] INFO:colcon.colcon_ros.task.ament_python.build:Building ROS package in '/home/user/ros2_dev/src/predictor_group' with build type 'ament_python'
[0.367s] Level 1:colcon.colcon_core.shell:create_environment_hook('predictor_group', 'ament_prefix_path')
[0.367s] INFO:colcon.colcon_core.shell:Creating environment hook '/home/user/ros2_dev/install/predictor_group/share/predictor_group/hook/ament_prefix_path.ps1'
[0.368s] INFO:colcon.colcon_core.shell:Creating environment descriptor '/home/user/ros2_dev/install/predictor_group/share/predictor_group/hook/ament_prefix_path.dsv'
[0.368s] INFO:colcon.colcon_core.shell:Creating environment hook '/home/user/ros2_dev/install/predictor_group/share/predictor_group/hook/ament_prefix_path.sh'
[0.368s] INFO:colcon.colcon_core.shell:Skip shell extension 'powershell' for command environment: Not usable outside of PowerShell
[0.368s] DEBUG:colcon.colcon_core.shell:Skip shell extension 'dsv' for command environment
[0.379s] INFO:colcon.colcon_ros.task.ament_python.build:Building ROS package in '/home/user/ros2_dev/src/publisher_group' with build type 'ament_python'
[0.379s] Level 1:colcon.colcon_core.shell:create_environment_hook('publisher_group', 'ament_prefix_path')
[0.379s] INFO:colcon.colcon_core.shell:Creating environment hook '/home/user/ros2_dev/install/publisher_group/share/publisher_group/hook/ament_prefix_path.ps1'
[0.379s] INFO:colcon.colcon_core.shell:Creating environment descriptor '/home/user/ros2_dev/install/publisher_group/share/publisher_group/hook/ament_prefix_path.dsv'
[0.379s] INFO:colcon.colcon_core.shell:Creating environment hook '/home/user/ros2_dev/install/publisher_group/share/publisher_group/hook/ament_prefix_path.sh'
[0.380s] INFO:colcon.colcon_core.shell:Skip shell extension 'powershell' for command environment: Not usable outside of PowerShell
[0.380s] DEBUG:colcon.colcon_core.shell:Skip shell extension 'dsv' for command environment
[0.391s] INFO:colcon.colcon_ros.task.ament_python.build:Building ROS package in '/home/user/ros2_dev/src/recognizer_group' with build type 'ament_python'
[0.391s] Level 1:colcon.colcon_core.shell:create_environment_hook('recognizer_group', 'ament_prefix_path')
[0.391s] INFO:colcon.colcon_core.shell:Creating environment hook '/home/user/ros2_dev/install/recognizer_group/share/recognizer_group/hook/ament_prefix_path.ps1'
[0.391s] INFO:colcon.colcon_core.shell:Creating environment descriptor '/home/user/ros2_dev/install/recognizer_group/share/recognizer_group/hook/ament_prefix_path.dsv'
[0.392s] INFO:colcon.colcon_core.shell:Creating environment hook '/home/user/ros2_dev/install/recognizer_group/share/recognizer_group/hook/ament_prefix_path.sh'
[0.393s] INFO:colcon.colcon_core.shell:Skip shell extension 'powershell' for command environment: Not usable outside of PowerShell
[0.393s] DEBUG:colcon.colcon_core.shell:Skip shell extension 'dsv' for command environment
[0.694s] INFO:colcon.colcon_core.task.python.build:Building Python package in '/home/user/ros2_dev/src/communicator_group'
[0.694s] INFO:colcon.colcon_core.shell:Skip shell extension 'powershell' for command environment: Not usable outside of PowerShell
[0.694s] DEBUG:colcon.colcon_core.shell:Skip shell extension 'dsv' for command environment
[1.001s] INFO:colcon.colcon_core.task.python.build:Building Python package in '/home/user/ros2_dev/src/decider_group'
[1.001s] INFO:colcon.colcon_core.shell:Skip shell extension 'powershell' for command environment: Not usable outside of PowerShell
[1.001s] DEBUG:colcon.colcon_core.shell:Skip shell extension 'dsv' for command environment
[1.288s] INFO:colcon.colcon_core.task.python.build:Building Python package in '/home/user/ros2_dev/src/predictor_group'
[1.288s] INFO:colcon.colcon_core.shell:Skip shell extension 'powershell' for command environment: Not usable outside of PowerShell
[1.288s] DEBUG:colcon.colcon_core.shell:Skip shell extension 'dsv' for command environment
[1.626s] INFO:colcon.colcon_core.task.python.build:Building Python package in '/home/user/ros2_dev/src/publisher_group'
[1.627s] INFO:colcon.colcon_core.shell:Skip shell extension 'powershell' for command environment: Not usable outside of PowerShell
[1.627s] DEBUG:colcon.colcon_core.shell:Skip shell extension 'dsv' for command environment
[1.927s] INFO:colcon.colcon_core.task.python.build:Building Python package in '/home/user/ros2_dev/src/recognizer_group'
[1.927s] INFO:colcon.colcon_core.shell:Skip shell extension 'powershell' for command environment: Not usable outside of PowerShell
[1.928s] DEBUG:colcon.colcon_core.shell:Skip shell extension 'dsv' for command environment
[2.550s] DEBUG:colcon.colcon_core.event_handler.log_command:Invoking command in '/home/user/ros2_dev/build/communicator_group': PYTHONPATH=/home/user/ros2_dev/build/communicator_group/prefix_override:/usr/lib/python3/dist-packages/colcon_core/task/python/colcon_distutils_commands:/home/user/ros2_dev/install/communicator_group/lib/python3.10/site-packages:${PYTHONPATH} /usr/bin/python3 -W ignore:setup.py install is deprecated -W ignore:easy_install command is deprecated setup.py develop --editable --build-directory /home/user/ros2_dev/build/communicator_group/build --no-deps symlink_data
[2.636s] DEBUG:colcon.colcon_core.event_handler.log_command:Invoking command in '/home/user/ros2_dev/build/publisher_group': PYTHONPATH=/home/user/ros2_dev/build/publisher_group/prefix_override:/usr/lib/python3/dist-packages/colcon_core/task/python/colcon_distutils_commands:/home/user/ros2_dev/install/publisher_group/lib/python3.10/site-packages:${PYTHONPATH} /usr/bin/python3 -W ignore:setup.py install is deprecated -W ignore:easy_install command is deprecated setup.py develop --editable --build-directory /home/user/ros2_dev/build/publisher_group/build --no-deps symlink_data
[2.694s] DEBUG:colcon.colcon_core.event_handler.log_command:Invoking command in '/home/user/ros2_dev/build/recognizer_group': PYTHONPATH=/home/user/ros2_dev/build/recognizer_group/prefix_override:/usr/lib/python3/dist-packages/colcon_core/task/python/colcon_distutils_commands:/home/user/ros2_dev/install/recognizer_group/lib/python3.10/site-packages:${PYTHONPATH} /usr/bin/python3 -W ignore:setup.py install is deprecated -W ignore:easy_install command is deprecated setup.py develop --editable --build-directory /home/user/ros2_dev/build/recognizer_group/build --no-deps symlink_data
[2.868s] DEBUG:colcon.colcon_core.event_handler.log_command:Invoking command in '/home/user/ros2_dev/build/predictor_group': PYTHONPATH=/home/user/ros2_dev/build/predictor_group/prefix_override:/usr/lib/python3/dist-packages/colcon_core/task/python/colcon_distutils_commands:/home/user/ros2_dev/install/predictor_group/lib/python3.10/site-packages:${PYTHONPATH} /usr/bin/python3 -W ignore:setup.py install is deprecated -W ignore:easy_install command is deprecated setup.py develop --editable --build-directory /home/user/ros2_dev/build/predictor_group/build --no-deps symlink_data
[2.870s] DEBUG:colcon.colcon_core.event_handler.log_command:Invoking command in '/home/user/ros2_dev/build/decider_group': PYTHONPATH=/home/user/ros2_dev/build/decider_group/prefix_override:/usr/lib/python3/dist-packages/colcon_core/task/python/colcon_distutils_commands:/home/user/ros2_dev/install/decider_group/lib/python3.10/site-packages:${PYTHONPATH} /usr/bin/python3 -W ignore:setup.py install is deprecated -W ignore:easy_install command is deprecated setup.py develop --editable --build-directory /home/user/ros2_dev/build/decider_group/build --no-deps symlink_data
[3.290s] Level 1:colcon.colcon_core.shell:create_environment_hook('publisher_group', 'pythonpath_develop')
[3.290s] INFO:colcon.colcon_core.shell:Creating environment hook '/home/user/ros2_dev/build/publisher_group/share/publisher_group/hook/pythonpath_develop.ps1'
[3.291s] DEBUG:colcon.colcon_core.event_handler.log_command:Invoked command in '/home/user/ros2_dev/build/publisher_group' returned '0': PYTHONPATH=/home/user/ros2_dev/build/publisher_group/prefix_override:/usr/lib/python3/dist-packages/colcon_core/task/python/colcon_distutils_commands:/home/user/ros2_dev/install/publisher_group/lib/python3.10/site-packages:${PYTHONPATH} /usr/bin/python3 -W ignore:setup.py install is deprecated -W ignore:easy_install command is deprecated setup.py develop --editable --build-directory /home/user/ros2_dev/build/publisher_group/build --no-deps symlink_data
[3.292s] INFO:colcon.colcon_core.shell:Creating environment descriptor '/home/user/ros2_dev/build/publisher_group/share/publisher_group/hook/pythonpath_develop.dsv'
[3.292s] INFO:colcon.colcon_core.shell:Creating environment hook '/home/user/ros2_dev/build/publisher_group/share/publisher_group/hook/pythonpath_develop.sh'
[3.297s] Level 1:colcon.colcon_core.environment:checking '/home/user/ros2_dev/install/publisher_group' for CMake module files
[3.298s] Level 1:colcon.colcon_core.environment:checking '/home/user/ros2_dev/install/publisher_group' for CMake config files
[3.298s] Level 1:colcon.colcon_core.environment:checking '/home/user/ros2_dev/install/publisher_group/lib'
[3.298s] Level 1:colcon.colcon_core.environment:checking '/home/user/ros2_dev/install/publisher_group/bin'
[3.298s] Level 1:colcon.colcon_core.environment:checking '/home/user/ros2_dev/install/publisher_group/lib/pkgconfig/publisher_group.pc'
[3.299s] Level 1:colcon.colcon_core.environment:checking '/home/user/ros2_dev/install/publisher_group/lib/python3.10/site-packages'
[3.299s] Level 1:colcon.colcon_core.shell:create_environment_hook('publisher_group', 'pythonpath')
[3.299s] INFO:colcon.colcon_core.shell:Creating environment hook '/home/user/ros2_dev/install/publisher_group/share/publisher_group/hook/pythonpath.ps1'
[3.299s] INFO:colcon.colcon_core.shell:Creating environment descriptor '/home/user/ros2_dev/install/publisher_group/share/publisher_group/hook/pythonpath.dsv'
[3.299s] INFO:colcon.colcon_core.shell:Creating environment hook '/home/user/ros2_dev/install/publisher_group/share/publisher_group/hook/pythonpath.sh'
[3.300s] Level 1:colcon.colcon_core.environment:checking '/home/user/ros2_dev/install/publisher_group/bin'
[3.300s] Level 1:colcon.colcon_core.environment:create_environment_scripts_only(publisher_group)
[3.300s] INFO:colcon.colcon_core.shell:Creating package script '/home/user/ros2_dev/install/publisher_group/share/publisher_group/package.ps1'
[3.301s] INFO:colcon.colcon_core.shell:Creating package descriptor '/home/user/ros2_dev/install/publisher_group/share/publisher_group/package.dsv'
[3.301s] INFO:colcon.colcon_core.shell:Creating package script '/home/user/ros2_dev/install/publisher_group/share/publisher_group/package.sh'
[3.302s] INFO:colcon.colcon_core.shell:Creating package script '/home/user/ros2_dev/install/publisher_group/share/publisher_group/package.bash'
[3.302s] INFO:colcon.colcon_core.shell:Creating package script '/home/user/ros2_dev/install/publisher_group/share/publisher_group/package.zsh'
[3.303s] Level 1:colcon.colcon_core.environment:create_file_with_runtime_dependencies(/home/user/ros2_dev/install/publisher_group/share/colcon-core/packages/publisher_group)
[3.455s] Level 1:colcon.colcon_core.shell:create_environment_hook('communicator_group', 'pythonpath_develop')
[3.456s] INFO:colcon.colcon_core.shell:Creating environment hook '/home/user/ros2_dev/build/communicator_group/share/communicator_group/hook/pythonpath_develop.ps1'
[3.456s] DEBUG:colcon.colcon_core.event_handler.log_command:Invoked command in '/home/user/ros2_dev/build/communicator_group' returned '0': PYTHONPATH=/home/user/ros2_dev/build/communicator_group/prefix_override:/usr/lib/python3/dist-packages/colcon_core/task/python/colcon_distutils_commands:/home/user/ros2_dev/install/communicator_group/lib/python3.10/site-packages:${PYTHONPATH} /usr/bin/python3 -W ignore:setup.py install is deprecated -W ignore:easy_install command is deprecated setup.py develop --editable --build-directory /home/user/ros2_dev/build/communicator_group/build --no-deps symlink_data
[3.457s] INFO:colcon.colcon_core.shell:Creating environment descriptor '/home/user/ros2_dev/build/communicator_group/share/communicator_group/hook/pythonpath_develop.dsv'
[3.458s] INFO:colcon.colcon_core.shell:Creating environment hook '/home/user/ros2_dev/build/communicator_group/share/communicator_group/hook/pythonpath_develop.sh'
[3.459s] Level 1:colcon.colcon_core.environment:checking '/home/user/ros2_dev/install/communicator_group' for CMake module files
[3.459s] Level 1:colcon.colcon_core.environment:checking '/home/user/ros2_dev/install/communicator_group' for CMake config files
[3.460s] Level 1:colcon.colcon_core.environment:checking '/home/user/ros2_dev/install/communicator_group/lib'
[3.460s] Level 1:colcon.colcon_core.environment:checking '/home/user/ros2_dev/install/communicator_group/bin'
[3.460s] Level 1:colcon.colcon_core.environment:checking '/home/user/ros2_dev/install/communicator_group/lib/pkgconfig/communicator_group.pc'
[3.461s] Level 1:colcon.colcon_core.environment:checking '/home/user/ros2_dev/install/communicator_group/lib/python3.10/site-packages'
[3.461s] Level 1:colcon.colcon_core.shell:create_environment_hook('communicator_group', 'pythonpath')
[3.461s] INFO:colcon.colcon_core.shell:Creating environment hook '/home/user/ros2_dev/install/communicator_group/share/communicator_group/hook/pythonpath.ps1'
[3.462s] INFO:colcon.colcon_core.shell:Creating environment descriptor '/home/user/ros2_dev/install/communicator_group/share/communicator_group/hook/pythonpath.dsv'
[3.462s] INFO:colcon.colcon_core.shell:Creating environment hook '/home/user/ros2_dev/install/communicator_group/share/communicator_group/hook/pythonpath.sh'
[3.463s] Level 1:colcon.colcon_core.environment:checking '/home/user/ros2_dev/install/communicator_group/bin'
[3.463s] Level 1:colcon.colcon_core.environment:create_environment_scripts_only(communicator_group)
[3.463s] INFO:colcon.colcon_core.shell:Creating package script '/home/user/ros2_dev/install/communicator_group/share/communicator_group/package.ps1'
[3.464s] INFO:colcon.colcon_core.shell:Creating package descriptor '/home/user/ros2_dev/install/communicator_group/share/communicator_group/package.dsv'
[3.465s] INFO:colcon.colcon_core.shell:Creating package script '/home/user/ros2_dev/install/communicator_group/share/communicator_group/package.sh'
[3.465s] INFO:colcon.colcon_core.shell:Creating package script '/home/user/ros2_dev/install/communicator_group/share/communicator_group/package.bash'
[3.466s] INFO:colcon.colcon_core.shell:Creating package script '/home/user/ros2_dev/install/communicator_group/share/communicator_group/package.zsh'
[3.466s] Level 1:colcon.colcon_core.environment:create_file_with_runtime_dependencies(/home/user/ros2_dev/install/communicator_group/share/colcon-core/packages/communicator_group)
[3.485s] Level 1:colcon.colcon_core.shell:create_environment_hook('recognizer_group', 'pythonpath_develop')
[3.486s] INFO:colcon.colcon_core.shell:Creating environment hook '/home/user/ros2_dev/build/recognizer_group/share/recognizer_group/hook/pythonpath_develop.ps1'
[3.486s] DEBUG:colcon.colcon_core.event_handler.log_command:Invoked command in '/home/user/ros2_dev/build/recognizer_group' returned '0': PYTHONPATH=/home/user/ros2_dev/build/recognizer_group/prefix_override:/usr/lib/python3/dist-packages/colcon_core/task/python/colcon_distutils_commands:/home/user/ros2_dev/install/recognizer_group/lib/python3.10/site-packages:${PYTHONPATH} /usr/bin/python3 -W ignore:setup.py install is deprecated -W ignore:easy_install command is deprecated setup.py develop --editable --build-directory /home/user/ros2_dev/build/recognizer_group/build --no-deps symlink_data
[3.487s] INFO:colcon.colcon_core.shell:Creating environment descriptor '/home/user/ros2_dev/build/recognizer_group/share/recognizer_group/hook/pythonpath_develop.dsv'
[3.487s] INFO:colcon.colcon_core.shell:Creating environment hook '/home/user/ros2_dev/build/recognizer_group/share/recognizer_group/hook/pythonpath_develop.sh'
[3.488s] Level 1:colcon.colcon_core.environment:checking '/home/user/ros2_dev/install/recognizer_group' for CMake module files
[3.489s] Level 1:colcon.colcon_core.environment:checking '/home/user/ros2_dev/install/recognizer_group' for CMake config files
[3.489s] Level 1:colcon.colcon_core.environment:checking '/home/user/ros2_dev/install/recognizer_group/lib'
[3.490s] Level 1:colcon.colcon_core.environment:checking '/home/user/ros2_dev/install/recognizer_group/bin'
[3.490s] Level 1:colcon.colcon_core.environment:checking '/home/user/ros2_dev/install/recognizer_group/lib/pkgconfig/recognizer_group.pc'
[3.490s] Level 1:colcon.colcon_core.environment:checking '/home/user/ros2_dev/install/recognizer_group/lib/python3.10/site-packages'
[3.490s] Level 1:colcon.colcon_core.shell:create_environment_hook('recognizer_group', 'pythonpath')
[3.490s] INFO:colcon.colcon_core.shell:Creating environment hook '/home/user/ros2_dev/install/recognizer_group/share/recognizer_group/hook/pythonpath.ps1'
[3.491s] INFO:colcon.colcon_core.shell:Creating environment descriptor '/home/user/ros2_dev/install/recognizer_group/share/recognizer_group/hook/pythonpath.dsv'
[3.491s] INFO:colcon.colcon_core.shell:Creating environment hook '/home/user/ros2_dev/install/recognizer_group/share/recognizer_group/hook/pythonpath.sh'
[3.492s] Level 1:colcon.colcon_core.environment:checking '/home/user/ros2_dev/install/recognizer_group/bin'
[3.492s] Level 1:colcon.colcon_core.environment:create_environment_scripts_only(recognizer_group)
[3.492s] INFO:colcon.colcon_core.shell:Creating package script '/home/user/ros2_dev/install/recognizer_group/share/recognizer_group/package.ps1'
[3.493s] INFO:colcon.colcon_core.shell:Creating package descriptor '/home/user/ros2_dev/install/recognizer_group/share/recognizer_group/package.dsv'
[3.494s] INFO:colcon.colcon_core.shell:Creating package script '/home/user/ros2_dev/install/recognizer_group/share/recognizer_group/package.sh'
[3.494s] INFO:colcon.colcon_core.shell:Creating package script '/home/user/ros2_dev/install/recognizer_group/share/recognizer_group/package.bash'
[3.495s] INFO:colcon.colcon_core.shell:Creating package script '/home/user/ros2_dev/install/recognizer_group/share/recognizer_group/package.zsh'
[3.495s] Level 1:colcon.colcon_core.environment:create_file_with_runtime_dependencies(/home/user/ros2_dev/install/recognizer_group/share/colcon-core/packages/recognizer_group)
[3.640s] Level 1:colcon.colcon_core.shell:create_environment_hook('predictor_group', 'pythonpath_develop')
[3.640s] INFO:colcon.colcon_core.shell:Creating environment hook '/home/user/ros2_dev/build/predictor_group/share/predictor_group/hook/pythonpath_develop.ps1'
[3.641s] DEBUG:colcon.colcon_core.event_handler.log_command:Invoked command in '/home/user/ros2_dev/build/predictor_group' returned '0': PYTHONPATH=/home/user/ros2_dev/build/predictor_group/prefix_override:/usr/lib/python3/dist-packages/colcon_core/task/python/colcon_distutils_commands:/home/user/ros2_dev/install/predictor_group/lib/python3.10/site-packages:${PYTHONPATH} /usr/bin/python3 -W ignore:setup.py install is deprecated -W ignore:easy_install command is deprecated setup.py develop --editable --build-directory /home/user/ros2_dev/build/predictor_group/build --no-deps symlink_data
[3.641s] INFO:colcon.colcon_core.shell:Creating environment descriptor '/home/user/ros2_dev/build/predictor_group/share/predictor_group/hook/pythonpath_develop.dsv'
[3.642s] INFO:colcon.colcon_core.shell:Creating environment hook '/home/user/ros2_dev/build/predictor_group/share/predictor_group/hook/pythonpath_develop.sh'
[3.642s] Level 1:colcon.colcon_core.environment:checking '/home/user/ros2_dev/install/predictor_group' for CMake module files
[3.642s] Level 1:colcon.colcon_core.environment:checking '/home/user/ros2_dev/install/predictor_group' for CMake config files
[3.643s] Level 1:colcon.colcon_core.environment:checking '/home/user/ros2_dev/install/predictor_group/lib'
[3.643s] Level 1:colcon.colcon_core.environment:checking '/home/user/ros2_dev/install/predictor_group/bin'
[3.643s] Level 1:colcon.colcon_core.environment:checking '/home/user/ros2_dev/install/predictor_group/lib/pkgconfig/predictor_group.pc'
[3.643s] Level 1:colcon.colcon_core.environment:checking '/home/user/ros2_dev/install/predictor_group/lib/python3.10/site-packages'
[3.643s] Level 1:colcon.colcon_core.shell:create_environment_hook('predictor_group', 'pythonpath')
[3.644s] INFO:colcon.colcon_core.shell:Creating environment hook '/home/user/ros2_dev/install/predictor_group/share/predictor_group/hook/pythonpath.ps1'
[3.644s] INFO:colcon.colcon_core.shell:Creating environment descriptor '/home/user/ros2_dev/install/predictor_group/share/predictor_group/hook/pythonpath.dsv'
[3.644s] INFO:colcon.colcon_core.shell:Creating environment hook '/home/user/ros2_dev/install/predictor_group/share/predictor_group/hook/pythonpath.sh'
[3.645s] Level 1:colcon.colcon_core.environment:checking '/home/user/ros2_dev/install/predictor_group/bin'
[3.645s] Level 1:colcon.colcon_core.environment:create_environment_scripts_only(predictor_group)
[3.645s] INFO:colcon.colcon_core.shell:Creating package script '/home/user/ros2_dev/install/predictor_group/share/predictor_group/package.ps1'
[3.646s] INFO:colcon.colcon_core.shell:Creating package descriptor '/home/user/ros2_dev/install/predictor_group/share/predictor_group/package.dsv'
[3.646s] INFO:colcon.colcon_core.shell:Creating package script '/home/user/ros2_dev/install/predictor_group/share/predictor_group/package.sh'
[3.647s] INFO:colcon.colcon_core.shell:Creating package script '/home/user/ros2_dev/install/predictor_group/share/predictor_group/package.bash'
[3.647s] INFO:colcon.colcon_core.shell:Creating package script '/home/user/ros2_dev/install/predictor_group/share/predictor_group/package.zsh'
[3.647s] Level 1:colcon.colcon_core.environment:create_file_with_runtime_dependencies(/home/user/ros2_dev/install/predictor_group/share/colcon-core/packages/predictor_group)
[3.688s] Level 1:colcon.colcon_core.shell:create_environment_hook('decider_group', 'pythonpath_develop')
[3.688s] DEBUG:colcon.colcon_core.event_handler.log_command:Invoked command in '/home/user/ros2_dev/build/decider_group' returned '0': PYTHONPATH=/home/user/ros2_dev/build/decider_group/prefix_override:/usr/lib/python3/dist-packages/colcon_core/task/python/colcon_distutils_commands:/home/user/ros2_dev/install/decider_group/lib/python3.10/site-packages:${PYTHONPATH} /usr/bin/python3 -W ignore:setup.py install is deprecated -W ignore:easy_install command is deprecated setup.py develop --editable --build-directory /home/user/ros2_dev/build/decider_group/build --no-deps symlink_data
[3.688s] INFO:colcon.colcon_core.shell:Creating environment hook '/home/user/ros2_dev/build/decider_group/share/decider_group/hook/pythonpath_develop.ps1'
[3.689s] INFO:colcon.colcon_core.shell:Creating environment descriptor '/home/user/ros2_dev/build/decider_group/share/decider_group/hook/pythonpath_develop.dsv'
[3.689s] INFO:colcon.colcon_core.shell:Creating environment hook '/home/user/ros2_dev/build/decider_group/share/decider_group/hook/pythonpath_develop.sh'
[3.689s] Level 1:colcon.colcon_core.environment:checking '/home/user/ros2_dev/install/decider_group' for CMake module files
[3.689s] Level 1:colcon.colcon_core.environment:checking '/home/user/ros2_dev/install/decider_group' for CMake config files
[3.690s] Level 1:colcon.colcon_core.environment:checking '/home/user/ros2_dev/install/decider_group/lib'
[3.690s] Level 1:colcon.colcon_core.environment:checking '/home/user/ros2_dev/install/decider_group/bin'
[3.690s] Level 1:colcon.colcon_core.environment:checking '/home/user/ros2_dev/install/decider_group/lib/pkgconfig/decider_group.pc'
[3.690s] Level 1:colcon.colcon_core.environment:checking '/home/user/ros2_dev/install/decider_group/lib/python3.10/site-packages'
[3.690s] Level 1:colcon.colcon_core.shell:create_environment_hook('decider_group', 'pythonpath')
[3.690s] INFO:colcon.colcon_core.shell:Creating environment hook '/home/user/ros2_dev/install/decider_group/share/decider_group/hook/pythonpath.ps1'
[3.690s] INFO:colcon.colcon_core.shell:Creating environment descriptor '/home/user/ros2_dev/install/decider_group/share/decider_group/hook/pythonpath.dsv'
[3.690s] INFO:colcon.colcon_core.shell:Creating environment hook '/home/user/ros2_dev/install/decider_group/share/decider_group/hook/pythonpath.sh'
[3.691s] Level 1:colcon.colcon_core.environment:checking '/home/user/ros2_dev/install/decider_group/bin'
[3.691s] Level 1:colcon.colcon_core.environment:create_environment_scripts_only(decider_group)
[3.691s] INFO:colcon.colcon_core.shell:Creating package script '/home/user/ros2_dev/install/decider_group/share/decider_group/package.ps1'
[3.691s] INFO:colcon.colcon_core.shell:Creating package descriptor '/home/user/ros2_dev/install/decider_group/share/decider_group/package.dsv'
[3.691s] INFO:colcon.colcon_core.shell:Creating package script '/home/user/ros2_dev/install/decider_group/share/decider_group/package.sh'
[3.691s] INFO:colcon.colcon_core.shell:Creating package script '/home/user/ros2_dev/install/decider_group/share/decider_group/package.bash'
[3.692s] INFO:colcon.colcon_core.shell:Creating package script '/home/user/ros2_dev/install/decider_group/share/decider_group/package.zsh'
[3.692s] Level 1:colcon.colcon_core.environment:create_file_with_runtime_dependencies(/home/user/ros2_dev/install/decider_group/share/colcon-core/packages/decider_group)
[3.692s] DEBUG:colcon.colcon_parallel_executor.executor.parallel:closing loop
[3.692s] DEBUG:colcon.colcon_parallel_executor.executor.parallel:loop closed
[3.692s] DEBUG:colcon.colcon_parallel_executor.executor.parallel:run_until_complete finished with '0'
[3.692s] DEBUG:colcon.colcon_core.event_reactor:joining thread
[3.702s] INFO:colcon.colcon_core.plugin_system:Skipping extension 'colcon_notification.desktop_notification.terminal_notifier': Not used on non-Darwin systems
[3.702s] INFO:colcon.colcon_core.plugin_system:Skipping extension 'colcon_notification.desktop_notification.win32': Not used on non-Windows systems
[3.702s] INFO:colcon.colcon_notification.desktop_notification:Sending desktop notification using 'notify2'
[3.713s] DEBUG:colcon.colcon_core.event_reactor:joined thread
[3.713s] INFO:colcon.colcon_core.shell:Creating prefix script '/home/user/ros2_dev/install/local_setup.ps1'
[3.714s] INFO:colcon.colcon_core.shell:Creating prefix util module '/home/user/ros2_dev/install/_local_setup_util_ps1.py'
[3.716s] INFO:colcon.colcon_core.shell:Creating prefix chain script '/home/user/ros2_dev/install/setup.ps1'
[3.722s] INFO:colcon.colcon_core.shell:Creating prefix script '/home/user/ros2_dev/install/local_setup.sh'
[3.722s] INFO:colcon.colcon_core.shell:Creating prefix util module '/home/user/ros2_dev/install/_local_setup_util_sh.py'
[3.723s] INFO:colcon.colcon_core.shell:Creating prefix chain script '/home/user/ros2_dev/install/setup.sh'
[3.730s] INFO:colcon.colcon_core.shell:Creating prefix script '/home/user/ros2_dev/install/local_setup.bash'
[3.730s] INFO:colcon.colcon_core.shell:Creating prefix chain script '/home/user/ros2_dev/install/setup.bash'
[3.735s] INFO:colcon.colcon_core.shell:Creating prefix script '/home/user/ros2_dev/install/local_setup.zsh'
[3.736s] INFO:colcon.colcon_core.shell:Creating prefix chain script '/home/user/ros2_dev/install/setup.zsh'
