[0.131s] DEBUG:colcon:Command line arguments: ['/usr/bin/colcon', 'build', '--symlink-install']
[0.131s] DEBUG:colcon:Parsed command line arguments: Namespace(log_base=None, log_level=None, verb_name='build', build_base='build', install_base='install', merge_install=False, symlink_install=True, test_result_base=None, continue_on_error=False, executor='parallel', parallel_workers=12, event_handlers=None, ignore_user_meta=False, metas=['./colcon.meta'], base_paths=['.'], packages_ignore=None, packages_ignore_regex=None, paths=None, packages_up_to=None, packages_up_to_regex=None, packages_above=None, packages_above_and_dependencies=None, packages_above_depth=None, packages_select_by_dep=None, packages_skip_by_dep=None, packages_skip_up_to=None, packages_select_build_failed=False, packages_skip_build_finished=False, packages_select_test_failures=False, packages_skip_test_passed=False, packages_select=None, packages_skip=None, packages_select_regex=None, packages_skip_regex=None, packages_start=None, packages_end=None, allow_overriding=[], cmake_args=None, cmake_target=None, cmake_target_skip_unavailable=False, cmake_clean_cache=False, cmake_clean_first=False, cmake_force_configure=False, ament_cmake_args=None, catkin_cmake_args=None, catkin_skip_building_tests=False, mixin_files=None, mixin=None, verb_parser=<colcon_mixin.mixin.mixin_argument.MixinArgumentDecorator object at 0x781d6a090a90>, verb_extension=<colcon_core.verb.build.BuildVerb object at 0x781d6a0904c0>, main=<bound method BuildVerb.main of <colcon_core.verb.build.BuildVerb object at 0x781d6a0904c0>>, mixin_verb=('build',))
[0.278s] Level 1:colcon.colcon_core.package_discovery:discover_packages(colcon_meta) check parameters
[0.279s] Level 1:colcon.colcon_core.package_discovery:discover_packages(recursive) check parameters
[0.279s] Level 1:colcon.colcon_core.package_discovery:discover_packages(ignore) check parameters
[0.279s] Level 1:colcon.colcon_core.package_discovery:discover_packages(path) check parameters
[0.279s] Level 1:colcon.colcon_core.package_discovery:discover_packages(colcon_meta) discover
[0.279s] Level 1:colcon.colcon_core.package_discovery:discover_packages(recursive) discover
[0.279s] INFO:colcon.colcon_core.package_discovery:Crawling recursively for packages in '/home/user/ros2_dev'
[0.279s] Level 1:colcon.colcon_core.package_identification:_identify(.) by extensions ['ignore', 'ignore_ament_install']
[0.279s] Level 1:colcon.colcon_core.package_identification:_identify(.) by extension 'ignore'
[0.279s] Level 1:colcon.colcon_core.package_identification:_identify(.) by extension 'ignore_ament_install'
[0.279s] Level 1:colcon.colcon_core.package_identification:_identify(.) by extensions ['colcon_pkg']
[0.279s] Level 1:colcon.colcon_core.package_identification:_identify(.) by extension 'colcon_pkg'
[0.279s] Level 1:colcon.colcon_core.package_identification:_identify(.) by extensions ['colcon_meta']
[0.279s] Level 1:colcon.colcon_core.package_identification:_identify(.) by extension 'colcon_meta'
[0.279s] Level 1:colcon.colcon_core.package_identification:_identify(.) by extensions ['ros']
[0.279s] Level 1:colcon.colcon_core.package_identification:_identify(.) by extension 'ros'
[0.287s] Level 1:colcon.colcon_core.package_identification:_identify(.) by extensions ['cmake', 'python']
[0.287s] Level 1:colcon.colcon_core.package_identification:_identify(.) by extension 'cmake'
[0.287s] Level 1:colcon.colcon_core.package_identification:_identify(.) by extension 'python'
[0.287s] Level 1:colcon.colcon_core.package_identification:_identify(.) by extensions ['python_setup_py']
[0.287s] Level 1:colcon.colcon_core.package_identification:_identify(.) by extension 'python_setup_py'
[0.287s] Level 1:colcon.colcon_core.package_identification:_identify(build) by extensions ['ignore', 'ignore_ament_install']
[0.287s] Level 1:colcon.colcon_core.package_identification:_identify(build) by extension 'ignore'
[0.287s] Level 1:colcon.colcon_core.package_identification:_identify(build) ignored
[0.287s] Level 1:colcon.colcon_core.package_identification:_identify(install) by extensions ['ignore', 'ignore_ament_install']
[0.287s] Level 1:colcon.colcon_core.package_identification:_identify(install) by extension 'ignore'
[0.287s] Level 1:colcon.colcon_core.package_identification:_identify(install) ignored
[0.287s] Level 1:colcon.colcon_core.package_identification:_identify(log) by extensions ['ignore', 'ignore_ament_install']
[0.287s] Level 1:colcon.colcon_core.package_identification:_identify(log) by extension 'ignore'
[0.287s] Level 1:colcon.colcon_core.package_identification:_identify(log) ignored
[0.287s] Level 1:colcon.colcon_core.package_identification:_identify(src) by extensions ['ignore', 'ignore_ament_install']
[0.287s] Level 1:colcon.colcon_core.package_identification:_identify(src) by extension 'ignore'
[0.287s] Level 1:colcon.colcon_core.package_identification:_identify(src) by extension 'ignore_ament_install'
[0.287s] Level 1:colcon.colcon_core.package_identification:_identify(src) by extensions ['colcon_pkg']
[0.287s] Level 1:colcon.colcon_core.package_identification:_identify(src) by extension 'colcon_pkg'
[0.287s] Level 1:colcon.colcon_core.package_identification:_identify(src) by extensions ['colcon_meta']
[0.288s] Level 1:colcon.colcon_core.package_identification:_identify(src) by extension 'colcon_meta'
[0.288s] Level 1:colcon.colcon_core.package_identification:_identify(src) by extensions ['ros']
[0.288s] Level 1:colcon.colcon_core.package_identification:_identify(src) by extension 'ros'
[0.288s] Level 1:colcon.colcon_core.package_identification:_identify(src) by extensions ['cmake', 'python']
[0.288s] Level 1:colcon.colcon_core.package_identification:_identify(src) by extension 'cmake'
[0.288s] Level 1:colcon.colcon_core.package_identification:_identify(src) by extension 'python'
[0.288s] Level 1:colcon.colcon_core.package_identification:_identify(src) by extensions ['python_setup_py']
[0.288s] Level 1:colcon.colcon_core.package_identification:_identify(src) by extension 'python_setup_py'
[0.288s] Level 1:colcon.colcon_core.package_identification:_identify(src/communicator_group) by extensions ['ignore', 'ignore_ament_install']
[0.288s] Level 1:colcon.colcon_core.package_identification:_identify(src/communicator_group) by extension 'ignore'
[0.288s] Level 1:colcon.colcon_core.package_identification:_identify(src/communicator_group) by extension 'ignore_ament_install'
[0.288s] Level 1:colcon.colcon_core.package_identification:_identify(src/communicator_group) by extensions ['colcon_pkg']
[0.288s] Level 1:colcon.colcon_core.package_identification:_identify(src/communicator_group) by extension 'colcon_pkg'
[0.288s] Level 1:colcon.colcon_core.package_identification:_identify(src/communicator_group) by extensions ['colcon_meta']
[0.288s] Level 1:colcon.colcon_core.package_identification:_identify(src/communicator_group) by extension 'colcon_meta'
[0.288s] Level 1:colcon.colcon_core.package_identification:_identify(src/communicator_group) by extensions ['ros']
[0.288s] Level 1:colcon.colcon_core.package_identification:_identify(src/communicator_group) by extension 'ros'
[0.289s] DEBUG:colcon.colcon_core.package_identification:Package 'src/communicator_group' with type 'ros.ament_python' and name 'communicator_group'
[0.289s] Level 1:colcon.colcon_core.package_identification:_identify(src/decider_group) by extensions ['ignore', 'ignore_ament_install']
[0.289s] Level 1:colcon.colcon_core.package_identification:_identify(src/decider_group) by extension 'ignore'
[0.289s] Level 1:colcon.colcon_core.package_identification:_identify(src/decider_group) by extension 'ignore_ament_install'
[0.290s] Level 1:colcon.colcon_core.package_identification:_identify(src/decider_group) by extensions ['colcon_pkg']
[0.290s] Level 1:colcon.colcon_core.package_identification:_identify(src/decider_group) by extension 'colcon_pkg'
[0.290s] Level 1:colcon.colcon_core.package_identification:_identify(src/decider_group) by extensions ['colcon_meta']
[0.290s] Level 1:colcon.colcon_core.package_identification:_identify(src/decider_group) by extension 'colcon_meta'
[0.290s] Level 1:colcon.colcon_core.package_identification:_identify(src/decider_group) by extensions ['ros']
[0.290s] Level 1:colcon.colcon_core.package_identification:_identify(src/decider_group) by extension 'ros'
[0.290s] DEBUG:colcon.colcon_core.package_identification:Package 'src/decider_group' with type 'ros.ament_python' and name 'decider_group'
[0.290s] Level 1:colcon.colcon_core.package_identification:_identify(src/predictor_group) by extensions ['ignore', 'ignore_ament_install']
[0.290s] Level 1:colcon.colcon_core.package_identification:_identify(src/predictor_group) by extension 'ignore'
[0.290s] Level 1:colcon.colcon_core.package_identification:_identify(src/predictor_group) by extension 'ignore_ament_install'
[0.290s] Level 1:colcon.colcon_core.package_identification:_identify(src/predictor_group) by extensions ['colcon_pkg']
[0.290s] Level 1:colcon.colcon_core.package_identification:_identify(src/predictor_group) by extension 'colcon_pkg'
[0.290s] Level 1:colcon.colcon_core.package_identification:_identify(src/predictor_group) by extensions ['colcon_meta']
[0.290s] Level 1:colcon.colcon_core.package_identification:_identify(src/predictor_group) by extension 'colcon_meta'
[0.290s] Level 1:colcon.colcon_core.package_identification:_identify(src/predictor_group) by extensions ['ros']
[0.290s] Level 1:colcon.colcon_core.package_identification:_identify(src/predictor_group) by extension 'ros'
[0.291s] DEBUG:colcon.colcon_core.package_identification:Package 'src/predictor_group' with type 'ros.ament_python' and name 'predictor_group'
[0.291s] Level 1:colcon.colcon_core.package_identification:_identify(src/publisher_group) by extensions ['ignore', 'ignore_ament_install']
[0.291s] Level 1:colcon.colcon_core.package_identification:_identify(src/publisher_group) by extension 'ignore'
[0.291s] Level 1:colcon.colcon_core.package_identification:_identify(src/publisher_group) by extension 'ignore_ament_install'
[0.291s] Level 1:colcon.colcon_core.package_identification:_identify(src/publisher_group) by extensions ['colcon_pkg']
[0.291s] Level 1:colcon.colcon_core.package_identification:_identify(src/publisher_group) by extension 'colcon_pkg'
[0.291s] Level 1:colcon.colcon_core.package_identification:_identify(src/publisher_group) by extensions ['colcon_meta']
[0.291s] Level 1:colcon.colcon_core.package_identification:_identify(src/publisher_group) by extension 'colcon_meta'
[0.291s] Level 1:colcon.colcon_core.package_identification:_identify(src/publisher_group) by extensions ['ros']
[0.291s] Level 1:colcon.colcon_core.package_identification:_identify(src/publisher_group) by extension 'ros'
[0.291s] DEBUG:colcon.colcon_core.package_identification:Package 'src/publisher_group' with type 'ros.ament_python' and name 'publisher_group'
[0.291s] Level 1:colcon.colcon_core.package_identification:_identify(src/recognizer_group) by extensions ['ignore', 'ignore_ament_install']
[0.291s] Level 1:colcon.colcon_core.package_identification:_identify(src/recognizer_group) by extension 'ignore'
[0.291s] Level 1:colcon.colcon_core.package_identification:_identify(src/recognizer_group) by extension 'ignore_ament_install'
[0.291s] Level 1:colcon.colcon_core.package_identification:_identify(src/recognizer_group) by extensions ['colcon_pkg']
[0.291s] Level 1:colcon.colcon_core.package_identification:_identify(src/recognizer_group) by extension 'colcon_pkg'
[0.291s] Level 1:colcon.colcon_core.package_identification:_identify(src/recognizer_group) by extensions ['colcon_meta']
[0.291s] Level 1:colcon.colcon_core.package_identification:_identify(src/recognizer_group) by extension 'colcon_meta'
[0.291s] Level 1:colcon.colcon_core.package_identification:_identify(src/recognizer_group) by extensions ['ros']
[0.291s] Level 1:colcon.colcon_core.package_identification:_identify(src/recognizer_group) by extension 'ros'
[0.292s] DEBUG:colcon.colcon_core.package_identification:Package 'src/recognizer_group' with type 'ros.ament_python' and name 'recognizer_group'
[0.292s] Level 1:colcon.colcon_core.package_discovery:discover_packages(recursive) using defaults
[0.292s] Level 1:colcon.colcon_core.package_discovery:discover_packages(ignore) discover
[0.292s] Level 1:colcon.colcon_core.package_discovery:discover_packages(ignore) using defaults
[0.292s] Level 1:colcon.colcon_core.package_discovery:discover_packages(path) discover
[0.292s] Level 1:colcon.colcon_core.package_discovery:discover_packages(path) using defaults
[0.318s] Level 1:colcon.colcon_core.package_discovery:discover_packages(prefix_path) check parameters
[0.318s] Level 1:colcon.colcon_core.package_discovery:discover_packages(prefix_path) discover
[0.327s] DEBUG:colcon.colcon_installed_package_information.package_discovery:Found 346 installed packages in /home/user/ros2_humble/install
[0.328s] Level 1:colcon.colcon_core.package_discovery:discover_packages(prefix_path) using defaults
[0.342s] Level 5:colcon.colcon_core.verb:set package 'communicator_group' build argument 'cmake_args' from command line to 'None'
[0.342s] Level 5:colcon.colcon_core.verb:set package 'communicator_group' build argument 'cmake_target' from command line to 'None'
[0.342s] Level 5:colcon.colcon_core.verb:set package 'communicator_group' build argument 'cmake_target_skip_unavailable' from command line to 'False'
[0.342s] Level 5:colcon.colcon_core.verb:set package 'communicator_group' build argument 'cmake_clean_cache' from command line to 'False'
[0.342s] Level 5:colcon.colcon_core.verb:set package 'communicator_group' build argument 'cmake_clean_first' from command line to 'False'
[0.342s] Level 5:colcon.colcon_core.verb:set package 'communicator_group' build argument 'cmake_force_configure' from command line to 'False'
[0.342s] Level 5:colcon.colcon_core.verb:set package 'communicator_group' build argument 'ament_cmake_args' from command line to 'None'
[0.342s] Level 5:colcon.colcon_core.verb:set package 'communicator_group' build argument 'catkin_cmake_args' from command line to 'None'
[0.342s] Level 5:colcon.colcon_core.verb:set package 'communicator_group' build argument 'catkin_skip_building_tests' from command line to 'False'
[0.342s] DEBUG:colcon.colcon_core.verb:Building package 'communicator_group' with the following arguments: {'ament_cmake_args': None, 'build_base': '/home/user/ros2_dev/build/communicator_group', 'catkin_cmake_args': None, 'catkin_skip_building_tests': False, 'cmake_args': None, 'cmake_clean_cache': False, 'cmake_clean_first': False, 'cmake_force_configure': False, 'cmake_target': None, 'cmake_target_skip_unavailable': False, 'install_base': '/home/user/ros2_dev/install/communicator_group', 'merge_install': False, 'path': '/home/user/ros2_dev/src/communicator_group', 'symlink_install': True, 'test_result_base': None}
[0.342s] Level 5:colcon.colcon_core.verb:set package 'decider_group' build argument 'cmake_args' from command line to 'None'
[0.342s] Level 5:colcon.colcon_core.verb:set package 'decider_group' build argument 'cmake_target' from command line to 'None'
[0.342s] Level 5:colcon.colcon_core.verb:set package 'decider_group' build argument 'cmake_target_skip_unavailable' from command line to 'False'
[0.342s] Level 5:colcon.colcon_core.verb:set package 'decider_group' build argument 'cmake_clean_cache' from command line to 'False'
[0.342s] Level 5:colcon.colcon_core.verb:set package 'decider_group' build argument 'cmake_clean_first' from command line to 'False'
[0.342s] Level 5:colcon.colcon_core.verb:set package 'decider_group' build argument 'cmake_force_configure' from command line to 'False'
[0.342s] Level 5:colcon.colcon_core.verb:set package 'decider_group' build argument 'ament_cmake_args' from command line to 'None'
[0.342s] Level 5:colcon.colcon_core.verb:set package 'decider_group' build argument 'catkin_cmake_args' from command line to 'None'
[0.342s] Level 5:colcon.colcon_core.verb:set package 'decider_group' build argument 'catkin_skip_building_tests' from command line to 'False'
[0.342s] DEBUG:colcon.colcon_core.verb:Building package 'decider_group' with the following arguments: {'ament_cmake_args': None, 'build_base': '/home/user/ros2_dev/build/decider_group', 'catkin_cmake_args': None, 'catkin_skip_building_tests': False, 'cmake_args': None, 'cmake_clean_cache': False, 'cmake_clean_first': False, 'cmake_force_configure': False, 'cmake_target': None, 'cmake_target_skip_unavailable': False, 'install_base': '/home/user/ros2_dev/install/decider_group', 'merge_install': False, 'path': '/home/user/ros2_dev/src/decider_group', 'symlink_install': True, 'test_result_base': None}
[0.342s] Level 5:colcon.colcon_core.verb:set package 'predictor_group' build argument 'cmake_args' from command line to 'None'
[0.342s] Level 5:colcon.colcon_core.verb:set package 'predictor_group' build argument 'cmake_target' from command line to 'None'
[0.342s] Level 5:colcon.colcon_core.verb:set package 'predictor_group' build argument 'cmake_target_skip_unavailable' from command line to 'False'
[0.342s] Level 5:colcon.colcon_core.verb:set package 'predictor_group' build argument 'cmake_clean_cache' from command line to 'False'
[0.342s] Level 5:colcon.colcon_core.verb:set package 'predictor_group' build argument 'cmake_clean_first' from command line to 'False'
[0.342s] Level 5:colcon.colcon_core.verb:set package 'predictor_group' build argument 'cmake_force_configure' from command line to 'False'
[0.342s] Level 5:colcon.colcon_core.verb:set package 'predictor_group' build argument 'ament_cmake_args' from command line to 'None'
[0.342s] Level 5:colcon.colcon_core.verb:set package 'predictor_group' build argument 'catkin_cmake_args' from command line to 'None'
[0.342s] Level 5:colcon.colcon_core.verb:set package 'predictor_group' build argument 'catkin_skip_building_tests' from command line to 'False'
[0.342s] DEBUG:colcon.colcon_core.verb:Building package 'predictor_group' with the following arguments: {'ament_cmake_args': None, 'build_base': '/home/user/ros2_dev/build/predictor_group', 'catkin_cmake_args': None, 'catkin_skip_building_tests': False, 'cmake_args': None, 'cmake_clean_cache': False, 'cmake_clean_first': False, 'cmake_force_configure': False, 'cmake_target': None, 'cmake_target_skip_unavailable': False, 'install_base': '/home/user/ros2_dev/install/predictor_group', 'merge_install': False, 'path': '/home/user/ros2_dev/src/predictor_group', 'symlink_install': True, 'test_result_base': None}
[0.343s] Level 5:colcon.colcon_core.verb:set package 'publisher_group' build argument 'cmake_args' from command line to 'None'
[0.343s] Level 5:colcon.colcon_core.verb:set package 'publisher_group' build argument 'cmake_target' from command line to 'None'
[0.343s] Level 5:colcon.colcon_core.verb:set package 'publisher_group' build argument 'cmake_target_skip_unavailable' from command line to 'False'
[0.343s] Level 5:colcon.colcon_core.verb:set package 'publisher_group' build argument 'cmake_clean_cache' from command line to 'False'
[0.343s] Level 5:colcon.colcon_core.verb:set package 'publisher_group' build argument 'cmake_clean_first' from command line to 'False'
[0.343s] Level 5:colcon.colcon_core.verb:set package 'publisher_group' build argument 'cmake_force_configure' from command line to 'False'
[0.343s] Level 5:colcon.colcon_core.verb:set package 'publisher_group' build argument 'ament_cmake_args' from command line to 'None'
[0.343s] Level 5:colcon.colcon_core.verb:set package 'publisher_group' build argument 'catkin_cmake_args' from command line to 'None'
[0.343s] Level 5:colcon.colcon_core.verb:set package 'publisher_group' build argument 'catkin_skip_building_tests' from command line to 'False'
[0.343s] DEBUG:colcon.colcon_core.verb:Building package 'publisher_group' with the following arguments: {'ament_cmake_args': None, 'build_base': '/home/user/ros2_dev/build/publisher_group', 'catkin_cmake_args': None, 'catkin_skip_building_tests': False, 'cmake_args': None, 'cmake_clean_cache': False, 'cmake_clean_first': False, 'cmake_force_configure': False, 'cmake_target': None, 'cmake_target_skip_unavailable': False, 'install_base': '/home/user/ros2_dev/install/publisher_group', 'merge_install': False, 'path': '/home/user/ros2_dev/src/publisher_group', 'symlink_install': True, 'test_result_base': None}
[0.343s] Level 5:colcon.colcon_core.verb:set package 'recognizer_group' build argument 'cmake_args' from command line to 'None'
[0.343s] Level 5:colcon.colcon_core.verb:set package 'recognizer_group' build argument 'cmake_target' from command line to 'None'
[0.343s] Level 5:colcon.colcon_core.verb:set package 'recognizer_group' build argument 'cmake_target_skip_unavailable' from command line to 'False'
[0.343s] Level 5:colcon.colcon_core.verb:set package 'recognizer_group' build argument 'cmake_clean_cache' from command line to 'False'
[0.343s] Level 5:colcon.colcon_core.verb:set package 'recognizer_group' build argument 'cmake_clean_first' from command line to 'False'
[0.343s] Level 5:colcon.colcon_core.verb:set package 'recognizer_group' build argument 'cmake_force_configure' from command line to 'False'
[0.343s] Level 5:colcon.colcon_core.verb:set package 'recognizer_group' build argument 'ament_cmake_args' from command line to 'None'
[0.343s] Level 5:colcon.colcon_core.verb:set package 'recognizer_group' build argument 'catkin_cmake_args' from command line to 'None'
[0.343s] Level 5:colcon.colcon_core.verb:set package 'recognizer_group' build argument 'catkin_skip_building_tests' from command line to 'False'
[0.343s] DEBUG:colcon.colcon_core.verb:Building package 'recognizer_group' with the following arguments: {'ament_cmake_args': None, 'build_base': '/home/user/ros2_dev/build/recognizer_group', 'catkin_cmake_args': None, 'catkin_skip_building_tests': False, 'cmake_args': None, 'cmake_clean_cache': False, 'cmake_clean_first': False, 'cmake_force_configure': False, 'cmake_target': None, 'cmake_target_skip_unavailable': False, 'install_base': '/home/user/ros2_dev/install/recognizer_group', 'merge_install': False, 'path': '/home/user/ros2_dev/src/recognizer_group', 'symlink_install': True, 'test_result_base': None}
[0.343s] INFO:colcon.colcon_core.executor:Executing jobs using 'parallel' executor
[0.344s] DEBUG:colcon.colcon_parallel_executor.executor.parallel:run_until_complete
[0.344s] INFO:colcon.colcon_ros.task.ament_python.build:Building ROS package in '/home/user/ros2_dev/src/communicator_group' with build type 'ament_python'
[0.344s] Level 1:colcon.colcon_core.shell:create_environment_hook('communicator_group', 'ament_prefix_path')
[0.348s] INFO:colcon.colcon_core.plugin_system:Skipping extension 'colcon_core.shell.bat': Not used on non-Windows systems
[0.348s] INFO:colcon.colcon_core.shell:Creating environment hook '/home/user/ros2_dev/install/communicator_group/share/communicator_group/hook/ament_prefix_path.ps1'
[0.348s] INFO:colcon.colcon_core.shell:Creating environment descriptor '/home/user/ros2_dev/install/communicator_group/share/communicator_group/hook/ament_prefix_path.dsv'
[0.348s] INFO:colcon.colcon_core.shell:Creating environment hook '/home/user/ros2_dev/install/communicator_group/share/communicator_group/hook/ament_prefix_path.sh'
[0.349s] INFO:colcon.colcon_core.shell:Skip shell extension 'powershell' for command environment: Not usable outside of PowerShell
[0.349s] DEBUG:colcon.colcon_core.shell:Skip shell extension 'dsv' for command environment
[0.360s] INFO:colcon.colcon_ros.task.ament_python.build:Building ROS package in '/home/user/ros2_dev/src/decider_group' with build type 'ament_python'
[0.360s] Level 1:colcon.colcon_core.shell:create_environment_hook('decider_group', 'ament_prefix_path')
[0.360s] INFO:colcon.colcon_core.shell:Creating environment hook '/home/user/ros2_dev/install/decider_group/share/decider_group/hook/ament_prefix_path.ps1'
[0.361s] INFO:colcon.colcon_core.shell:Creating environment descriptor '/home/user/ros2_dev/install/decider_group/share/decider_group/hook/ament_prefix_path.dsv'
[0.361s] INFO:colcon.colcon_core.shell:Creating environment hook '/home/user/ros2_dev/install/decider_group/share/decider_group/hook/ament_prefix_path.sh'
[0.362s] INFO:colcon.colcon_core.shell:Skip shell extension 'powershell' for command environment: Not usable outside of PowerShell
[0.362s] DEBUG:colcon.colcon_core.shell:Skip shell extension 'dsv' for command environment
[0.372s] INFO:colcon.colcon_ros.task.ament_python.build:Building ROS package in '/home/user/ros2_dev/src/predictor_group' with build type 'ament_python'
[0.372s] Level 1:colcon.colcon_core.shell:create_environment_hook('predictor_group', 'ament_prefix_path')
[0.373s] INFO:colcon.colcon_core.shell:Creating environment hook '/home/user/ros2_dev/install/predictor_group/share/predictor_group/hook/ament_prefix_path.ps1'
[0.374s] INFO:colcon.colcon_core.shell:Creating environment descriptor '/home/user/ros2_dev/install/predictor_group/share/predictor_group/hook/ament_prefix_path.dsv'
[0.374s] INFO:colcon.colcon_core.shell:Creating environment hook '/home/user/ros2_dev/install/predictor_group/share/predictor_group/hook/ament_prefix_path.sh'
[0.375s] INFO:colcon.colcon_core.shell:Skip shell extension 'powershell' for command environment: Not usable outside of PowerShell
[0.375s] DEBUG:colcon.colcon_core.shell:Skip shell extension 'dsv' for command environment
[0.391s] INFO:colcon.colcon_ros.task.ament_python.build:Building ROS package in '/home/user/ros2_dev/src/publisher_group' with build type 'ament_python'
[0.392s] Level 1:colcon.colcon_core.shell:create_environment_hook('publisher_group', 'ament_prefix_path')
[0.392s] INFO:colcon.colcon_core.shell:Creating environment hook '/home/user/ros2_dev/install/publisher_group/share/publisher_group/hook/ament_prefix_path.ps1'
[0.392s] INFO:colcon.colcon_core.shell:Creating environment descriptor '/home/user/ros2_dev/install/publisher_group/share/publisher_group/hook/ament_prefix_path.dsv'
[0.392s] INFO:colcon.colcon_core.shell:Creating environment hook '/home/user/ros2_dev/install/publisher_group/share/publisher_group/hook/ament_prefix_path.sh'
[0.393s] INFO:colcon.colcon_core.shell:Skip shell extension 'powershell' for command environment: Not usable outside of PowerShell
[0.393s] DEBUG:colcon.colcon_core.shell:Skip shell extension 'dsv' for command environment
[0.403s] INFO:colcon.colcon_ros.task.ament_python.build:Building ROS package in '/home/user/ros2_dev/src/recognizer_group' with build type 'ament_python'
[0.403s] Level 1:colcon.colcon_core.shell:create_environment_hook('recognizer_group', 'ament_prefix_path')
[0.403s] INFO:colcon.colcon_core.shell:Creating environment hook '/home/user/ros2_dev/install/recognizer_group/share/recognizer_group/hook/ament_prefix_path.ps1'
[0.404s] INFO:colcon.colcon_core.shell:Creating environment descriptor '/home/user/ros2_dev/install/recognizer_group/share/recognizer_group/hook/ament_prefix_path.dsv'
[0.404s] INFO:colcon.colcon_core.shell:Creating environment hook '/home/user/ros2_dev/install/recognizer_group/share/recognizer_group/hook/ament_prefix_path.sh'
[0.404s] INFO:colcon.colcon_core.shell:Skip shell extension 'powershell' for command environment: Not usable outside of PowerShell
[0.404s] DEBUG:colcon.colcon_core.shell:Skip shell extension 'dsv' for command environment
[0.699s] INFO:colcon.colcon_core.task.python.build:Building Python package in '/home/user/ros2_dev/src/communicator_group'
[0.700s] INFO:colcon.colcon_core.shell:Skip shell extension 'powershell' for command environment: Not usable outside of PowerShell
[0.700s] DEBUG:colcon.colcon_core.shell:Skip shell extension 'dsv' for command environment
[0.998s] INFO:colcon.colcon_core.task.python.build:Building Python package in '/home/user/ros2_dev/src/decider_group'
[0.998s] INFO:colcon.colcon_core.shell:Skip shell extension 'powershell' for command environment: Not usable outside of PowerShell
[0.998s] DEBUG:colcon.colcon_core.shell:Skip shell extension 'dsv' for command environment
[1.288s] INFO:colcon.colcon_core.task.python.build:Building Python package in '/home/user/ros2_dev/src/predictor_group'
[1.289s] INFO:colcon.colcon_core.shell:Skip shell extension 'powershell' for command environment: Not usable outside of PowerShell
[1.289s] DEBUG:colcon.colcon_core.shell:Skip shell extension 'dsv' for command environment
[1.585s] INFO:colcon.colcon_core.task.python.build:Building Python package in '/home/user/ros2_dev/src/publisher_group'
[1.585s] INFO:colcon.colcon_core.shell:Skip shell extension 'powershell' for command environment: Not usable outside of PowerShell
[1.585s] DEBUG:colcon.colcon_core.shell:Skip shell extension 'dsv' for command environment
[1.887s] INFO:colcon.colcon_core.task.python.build:Building Python package in '/home/user/ros2_dev/src/recognizer_group'
[1.888s] INFO:colcon.colcon_core.shell:Skip shell extension 'powershell' for command environment: Not usable outside of PowerShell
[1.888s] DEBUG:colcon.colcon_core.shell:Skip shell extension 'dsv' for command environment
[2.459s] DEBUG:colcon.colcon_core.event_handler.log_command:Invoking command in '/home/user/ros2_dev/build/predictor_group': PYTHONPATH=/home/user/ros2_dev/build/predictor_group/prefix_override:/usr/lib/python3/dist-packages/colcon_core/task/python/colcon_distutils_commands:/home/user/ros2_dev/install/predictor_group/lib/python3.10/site-packages:${PYTHONPATH} /usr/bin/python3 -W ignore:setup.py install is deprecated -W ignore:easy_install command is deprecated setup.py develop --editable --build-directory /home/user/ros2_dev/build/predictor_group/build --no-deps symlink_data
[2.544s] DEBUG:colcon.colcon_core.event_handler.log_command:Invoking command in '/home/user/ros2_dev/build/decider_group': PYTHONPATH=/home/user/ros2_dev/build/decider_group/prefix_override:/usr/lib/python3/dist-packages/colcon_core/task/python/colcon_distutils_commands:/home/user/ros2_dev/install/decider_group/lib/python3.10/site-packages:${PYTHONPATH} /usr/bin/python3 -W ignore:setup.py install is deprecated -W ignore:easy_install command is deprecated setup.py develop --editable --build-directory /home/user/ros2_dev/build/decider_group/build --no-deps symlink_data
[2.655s] DEBUG:colcon.colcon_core.event_handler.log_command:Invoking command in '/home/user/ros2_dev/build/publisher_group': PYTHONPATH=/home/user/ros2_dev/build/publisher_group/prefix_override:/usr/lib/python3/dist-packages/colcon_core/task/python/colcon_distutils_commands:/home/user/ros2_dev/install/publisher_group/lib/python3.10/site-packages:${PYTHONPATH} /usr/bin/python3 -W ignore:setup.py install is deprecated -W ignore:easy_install command is deprecated setup.py develop --editable --build-directory /home/user/ros2_dev/build/publisher_group/build --no-deps symlink_data
[2.712s] DEBUG:colcon.colcon_core.event_handler.log_command:Invoking command in '/home/user/ros2_dev/build/communicator_group': PYTHONPATH=/home/user/ros2_dev/build/communicator_group/prefix_override:/usr/lib/python3/dist-packages/colcon_core/task/python/colcon_distutils_commands:/home/user/ros2_dev/install/communicator_group/lib/python3.10/site-packages:${PYTHONPATH} /usr/bin/python3 -W ignore:setup.py install is deprecated -W ignore:easy_install command is deprecated setup.py develop --editable --build-directory /home/user/ros2_dev/build/communicator_group/build --no-deps symlink_data
[2.819s] DEBUG:colcon.colcon_core.event_handler.log_command:Invoking command in '/home/user/ros2_dev/build/recognizer_group': PYTHONPATH=/home/user/ros2_dev/build/recognizer_group/prefix_override:/usr/lib/python3/dist-packages/colcon_core/task/python/colcon_distutils_commands:/home/user/ros2_dev/install/recognizer_group/lib/python3.10/site-packages:${PYTHONPATH} /usr/bin/python3 -W ignore:setup.py install is deprecated -W ignore:easy_install command is deprecated setup.py develop --editable --build-directory /home/user/ros2_dev/build/recognizer_group/build --no-deps symlink_data
[3.223s] Level 1:colcon.colcon_core.shell:create_environment_hook('predictor_group', 'pythonpath_develop')
[3.223s] DEBUG:colcon.colcon_core.event_handler.log_command:Invoked command in '/home/user/ros2_dev/build/predictor_group' returned '0': PYTHONPATH=/home/user/ros2_dev/build/predictor_group/prefix_override:/usr/lib/python3/dist-packages/colcon_core/task/python/colcon_distutils_commands:/home/user/ros2_dev/install/predictor_group/lib/python3.10/site-packages:${PYTHONPATH} /usr/bin/python3 -W ignore:setup.py install is deprecated -W ignore:easy_install command is deprecated setup.py develop --editable --build-directory /home/user/ros2_dev/build/predictor_group/build --no-deps symlink_data
[3.224s] INFO:colcon.colcon_core.shell:Creating environment hook '/home/user/ros2_dev/build/predictor_group/share/predictor_group/hook/pythonpath_develop.ps1'
[3.225s] INFO:colcon.colcon_core.shell:Creating environment descriptor '/home/user/ros2_dev/build/predictor_group/share/predictor_group/hook/pythonpath_develop.dsv'
[3.225s] INFO:colcon.colcon_core.shell:Creating environment hook '/home/user/ros2_dev/build/predictor_group/share/predictor_group/hook/pythonpath_develop.sh'
[3.233s] Level 1:colcon.colcon_core.environment:checking '/home/user/ros2_dev/install/predictor_group' for CMake module files
[3.234s] Level 1:colcon.colcon_core.environment:checking '/home/user/ros2_dev/install/predictor_group' for CMake config files
[3.234s] Level 1:colcon.colcon_core.environment:checking '/home/user/ros2_dev/install/predictor_group/lib'
[3.235s] Level 1:colcon.colcon_core.environment:checking '/home/user/ros2_dev/install/predictor_group/bin'
[3.235s] Level 1:colcon.colcon_core.environment:checking '/home/user/ros2_dev/install/predictor_group/lib/pkgconfig/predictor_group.pc'
[3.235s] Level 1:colcon.colcon_core.environment:checking '/home/user/ros2_dev/install/predictor_group/lib/python3.10/site-packages'
[3.235s] Level 1:colcon.colcon_core.shell:create_environment_hook('predictor_group', 'pythonpath')
[3.235s] INFO:colcon.colcon_core.shell:Creating environment hook '/home/user/ros2_dev/install/predictor_group/share/predictor_group/hook/pythonpath.ps1'
[3.236s] INFO:colcon.colcon_core.shell:Creating environment descriptor '/home/user/ros2_dev/install/predictor_group/share/predictor_group/hook/pythonpath.dsv'
[3.236s] INFO:colcon.colcon_core.shell:Creating environment hook '/home/user/ros2_dev/install/predictor_group/share/predictor_group/hook/pythonpath.sh'
[3.237s] Level 1:colcon.colcon_core.environment:checking '/home/user/ros2_dev/install/predictor_group/bin'
[3.237s] Level 1:colcon.colcon_core.environment:create_environment_scripts_only(predictor_group)
[3.238s] INFO:colcon.colcon_core.shell:Creating package script '/home/user/ros2_dev/install/predictor_group/share/predictor_group/package.ps1'
[3.239s] INFO:colcon.colcon_core.shell:Creating package descriptor '/home/user/ros2_dev/install/predictor_group/share/predictor_group/package.dsv'
[3.239s] INFO:colcon.colcon_core.shell:Creating package script '/home/user/ros2_dev/install/predictor_group/share/predictor_group/package.sh'
[3.240s] INFO:colcon.colcon_core.shell:Creating package script '/home/user/ros2_dev/install/predictor_group/share/predictor_group/package.bash'
[3.241s] INFO:colcon.colcon_core.shell:Creating package script '/home/user/ros2_dev/install/predictor_group/share/predictor_group/package.zsh'
[3.242s] Level 1:colcon.colcon_core.environment:create_file_with_runtime_dependencies(/home/user/ros2_dev/install/predictor_group/share/colcon-core/packages/predictor_group)
[3.243s] Level 1:colcon.colcon_core.shell:create_environment_hook('decider_group', 'pythonpath_develop')
[3.244s] INFO:colcon.colcon_core.shell:Creating environment hook '/home/user/ros2_dev/build/decider_group/share/decider_group/hook/pythonpath_develop.ps1'
[3.244s] INFO:colcon.colcon_core.shell:Creating environment descriptor '/home/user/ros2_dev/build/decider_group/share/decider_group/hook/pythonpath_develop.dsv'
[3.245s] DEBUG:colcon.colcon_core.event_handler.log_command:Invoked command in '/home/user/ros2_dev/build/decider_group' returned '0': PYTHONPATH=/home/user/ros2_dev/build/decider_group/prefix_override:/usr/lib/python3/dist-packages/colcon_core/task/python/colcon_distutils_commands:/home/user/ros2_dev/install/decider_group/lib/python3.10/site-packages:${PYTHONPATH} /usr/bin/python3 -W ignore:setup.py install is deprecated -W ignore:easy_install command is deprecated setup.py develop --editable --build-directory /home/user/ros2_dev/build/decider_group/build --no-deps symlink_data
[3.245s] INFO:colcon.colcon_core.shell:Creating environment hook '/home/user/ros2_dev/build/decider_group/share/decider_group/hook/pythonpath_develop.sh'
[3.246s] Level 1:colcon.colcon_core.environment:checking '/home/user/ros2_dev/install/decider_group' for CMake module files
[3.246s] Level 1:colcon.colcon_core.environment:checking '/home/user/ros2_dev/install/decider_group' for CMake config files
[3.247s] Level 1:colcon.colcon_core.environment:checking '/home/user/ros2_dev/install/decider_group/lib'
[3.247s] Level 1:colcon.colcon_core.environment:checking '/home/user/ros2_dev/install/decider_group/bin'
[3.247s] Level 1:colcon.colcon_core.environment:checking '/home/user/ros2_dev/install/decider_group/lib/pkgconfig/decider_group.pc'
[3.247s] Level 1:colcon.colcon_core.environment:checking '/home/user/ros2_dev/install/decider_group/lib/python3.10/site-packages'
[3.247s] Level 1:colcon.colcon_core.shell:create_environment_hook('decider_group', 'pythonpath')
[3.248s] INFO:colcon.colcon_core.shell:Creating environment hook '/home/user/ros2_dev/install/decider_group/share/decider_group/hook/pythonpath.ps1'
[3.248s] INFO:colcon.colcon_core.shell:Creating environment descriptor '/home/user/ros2_dev/install/decider_group/share/decider_group/hook/pythonpath.dsv'
[3.248s] INFO:colcon.colcon_core.shell:Creating environment hook '/home/user/ros2_dev/install/decider_group/share/decider_group/hook/pythonpath.sh'
[3.248s] Level 1:colcon.colcon_core.environment:checking '/home/user/ros2_dev/install/decider_group/bin'
[3.248s] Level 1:colcon.colcon_core.environment:create_environment_scripts_only(decider_group)
[3.249s] INFO:colcon.colcon_core.shell:Creating package script '/home/user/ros2_dev/install/decider_group/share/decider_group/package.ps1'
[3.249s] INFO:colcon.colcon_core.shell:Creating package descriptor '/home/user/ros2_dev/install/decider_group/share/decider_group/package.dsv'
[3.249s] INFO:colcon.colcon_core.shell:Creating package script '/home/user/ros2_dev/install/decider_group/share/decider_group/package.sh'
[3.250s] INFO:colcon.colcon_core.shell:Creating package script '/home/user/ros2_dev/install/decider_group/share/decider_group/package.bash'
[3.250s] INFO:colcon.colcon_core.shell:Creating package script '/home/user/ros2_dev/install/decider_group/share/decider_group/package.zsh'
[3.250s] Level 1:colcon.colcon_core.environment:create_file_with_runtime_dependencies(/home/user/ros2_dev/install/decider_group/share/colcon-core/packages/decider_group)
[3.493s] Level 1:colcon.colcon_core.shell:create_environment_hook('communicator_group', 'pythonpath_develop')
[3.494s] INFO:colcon.colcon_core.shell:Creating environment hook '/home/user/ros2_dev/build/communicator_group/share/communicator_group/hook/pythonpath_develop.ps1'
[3.494s] DEBUG:colcon.colcon_core.event_handler.log_command:Invoked command in '/home/user/ros2_dev/build/communicator_group' returned '0': PYTHONPATH=/home/user/ros2_dev/build/communicator_group/prefix_override:/usr/lib/python3/dist-packages/colcon_core/task/python/colcon_distutils_commands:/home/user/ros2_dev/install/communicator_group/lib/python3.10/site-packages:${PYTHONPATH} /usr/bin/python3 -W ignore:setup.py install is deprecated -W ignore:easy_install command is deprecated setup.py develop --editable --build-directory /home/user/ros2_dev/build/communicator_group/build --no-deps symlink_data
[3.494s] INFO:colcon.colcon_core.shell:Creating environment descriptor '/home/user/ros2_dev/build/communicator_group/share/communicator_group/hook/pythonpath_develop.dsv'
[3.494s] INFO:colcon.colcon_core.shell:Creating environment hook '/home/user/ros2_dev/build/communicator_group/share/communicator_group/hook/pythonpath_develop.sh'
[3.495s] Level 1:colcon.colcon_core.environment:checking '/home/user/ros2_dev/install/communicator_group' for CMake module files
[3.495s] Level 1:colcon.colcon_core.environment:checking '/home/user/ros2_dev/install/communicator_group' for CMake config files
[3.495s] Level 1:colcon.colcon_core.environment:checking '/home/user/ros2_dev/install/communicator_group/lib'
[3.495s] Level 1:colcon.colcon_core.environment:checking '/home/user/ros2_dev/install/communicator_group/bin'
[3.495s] Level 1:colcon.colcon_core.environment:checking '/home/user/ros2_dev/install/communicator_group/lib/pkgconfig/communicator_group.pc'
[3.495s] Level 1:colcon.colcon_core.environment:checking '/home/user/ros2_dev/install/communicator_group/lib/python3.10/site-packages'
[3.495s] Level 1:colcon.colcon_core.shell:create_environment_hook('communicator_group', 'pythonpath')
[3.496s] INFO:colcon.colcon_core.shell:Creating environment hook '/home/user/ros2_dev/install/communicator_group/share/communicator_group/hook/pythonpath.ps1'
[3.496s] INFO:colcon.colcon_core.shell:Creating environment descriptor '/home/user/ros2_dev/install/communicator_group/share/communicator_group/hook/pythonpath.dsv'
[3.496s] INFO:colcon.colcon_core.shell:Creating environment hook '/home/user/ros2_dev/install/communicator_group/share/communicator_group/hook/pythonpath.sh'
[3.496s] Level 1:colcon.colcon_core.environment:checking '/home/user/ros2_dev/install/communicator_group/bin'
[3.496s] Level 1:colcon.colcon_core.environment:create_environment_scripts_only(communicator_group)
[3.497s] INFO:colcon.colcon_core.shell:Creating package script '/home/user/ros2_dev/install/communicator_group/share/communicator_group/package.ps1'
[3.497s] INFO:colcon.colcon_core.shell:Creating package descriptor '/home/user/ros2_dev/install/communicator_group/share/communicator_group/package.dsv'
[3.497s] INFO:colcon.colcon_core.shell:Creating package script '/home/user/ros2_dev/install/communicator_group/share/communicator_group/package.sh'
[3.497s] INFO:colcon.colcon_core.shell:Creating package script '/home/user/ros2_dev/install/communicator_group/share/communicator_group/package.bash'
[3.497s] INFO:colcon.colcon_core.shell:Creating package script '/home/user/ros2_dev/install/communicator_group/share/communicator_group/package.zsh'
[3.498s] Level 1:colcon.colcon_core.environment:create_file_with_runtime_dependencies(/home/user/ros2_dev/install/communicator_group/share/colcon-core/packages/communicator_group)
[3.559s] Level 1:colcon.colcon_core.shell:create_environment_hook('recognizer_group', 'pythonpath_develop')
[3.559s] DEBUG:colcon.colcon_core.event_handler.log_command:Invoked command in '/home/user/ros2_dev/build/recognizer_group' returned '0': PYTHONPATH=/home/user/ros2_dev/build/recognizer_group/prefix_override:/usr/lib/python3/dist-packages/colcon_core/task/python/colcon_distutils_commands:/home/user/ros2_dev/install/recognizer_group/lib/python3.10/site-packages:${PYTHONPATH} /usr/bin/python3 -W ignore:setup.py install is deprecated -W ignore:easy_install command is deprecated setup.py develop --editable --build-directory /home/user/ros2_dev/build/recognizer_group/build --no-deps symlink_data
[3.559s] INFO:colcon.colcon_core.shell:Creating environment hook '/home/user/ros2_dev/build/recognizer_group/share/recognizer_group/hook/pythonpath_develop.ps1'
[3.560s] INFO:colcon.colcon_core.shell:Creating environment descriptor '/home/user/ros2_dev/build/recognizer_group/share/recognizer_group/hook/pythonpath_develop.dsv'
[3.561s] INFO:colcon.colcon_core.shell:Creating environment hook '/home/user/ros2_dev/build/recognizer_group/share/recognizer_group/hook/pythonpath_develop.sh'
[3.561s] Level 1:colcon.colcon_core.environment:checking '/home/user/ros2_dev/install/recognizer_group' for CMake module files
[3.563s] Level 1:colcon.colcon_core.environment:checking '/home/user/ros2_dev/install/recognizer_group' for CMake config files
[3.564s] Level 1:colcon.colcon_core.environment:checking '/home/user/ros2_dev/install/recognizer_group/lib'
[3.564s] Level 1:colcon.colcon_core.environment:checking '/home/user/ros2_dev/install/recognizer_group/bin'
[3.564s] Level 1:colcon.colcon_core.environment:checking '/home/user/ros2_dev/install/recognizer_group/lib/pkgconfig/recognizer_group.pc'
[3.564s] Level 1:colcon.colcon_core.environment:checking '/home/user/ros2_dev/install/recognizer_group/lib/python3.10/site-packages'
[3.564s] Level 1:colcon.colcon_core.shell:create_environment_hook('recognizer_group', 'pythonpath')
[3.565s] INFO:colcon.colcon_core.shell:Creating environment hook '/home/user/ros2_dev/install/recognizer_group/share/recognizer_group/hook/pythonpath.ps1'
[3.565s] INFO:colcon.colcon_core.shell:Creating environment descriptor '/home/user/ros2_dev/install/recognizer_group/share/recognizer_group/hook/pythonpath.dsv'
[3.566s] INFO:colcon.colcon_core.shell:Creating environment hook '/home/user/ros2_dev/install/recognizer_group/share/recognizer_group/hook/pythonpath.sh'
[3.566s] Level 1:colcon.colcon_core.environment:checking '/home/user/ros2_dev/install/recognizer_group/bin'
[3.566s] Level 1:colcon.colcon_core.environment:create_environment_scripts_only(recognizer_group)
[3.567s] INFO:colcon.colcon_core.shell:Creating package script '/home/user/ros2_dev/install/recognizer_group/share/recognizer_group/package.ps1'
[3.568s] INFO:colcon.colcon_core.shell:Creating package descriptor '/home/user/ros2_dev/install/recognizer_group/share/recognizer_group/package.dsv'
[3.569s] INFO:colcon.colcon_core.shell:Creating package script '/home/user/ros2_dev/install/recognizer_group/share/recognizer_group/package.sh'
[3.569s] INFO:colcon.colcon_core.shell:Creating package script '/home/user/ros2_dev/install/recognizer_group/share/recognizer_group/package.bash'
[3.570s] INFO:colcon.colcon_core.shell:Creating package script '/home/user/ros2_dev/install/recognizer_group/share/recognizer_group/package.zsh'
[3.570s] Level 1:colcon.colcon_core.environment:create_file_with_runtime_dependencies(/home/user/ros2_dev/install/recognizer_group/share/colcon-core/packages/recognizer_group)
[3.590s] Level 1:colcon.colcon_core.shell:create_environment_hook('publisher_group', 'pythonpath_develop')
[3.590s] INFO:colcon.colcon_core.shell:Creating environment hook '/home/user/ros2_dev/build/publisher_group/share/publisher_group/hook/pythonpath_develop.ps1'
[3.591s] DEBUG:colcon.colcon_core.event_handler.log_command:Invoked command in '/home/user/ros2_dev/build/publisher_group' returned '0': PYTHONPATH=/home/user/ros2_dev/build/publisher_group/prefix_override:/usr/lib/python3/dist-packages/colcon_core/task/python/colcon_distutils_commands:/home/user/ros2_dev/install/publisher_group/lib/python3.10/site-packages:${PYTHONPATH} /usr/bin/python3 -W ignore:setup.py install is deprecated -W ignore:easy_install command is deprecated setup.py develop --editable --build-directory /home/user/ros2_dev/build/publisher_group/build --no-deps symlink_data
[3.591s] INFO:colcon.colcon_core.shell:Creating environment descriptor '/home/user/ros2_dev/build/publisher_group/share/publisher_group/hook/pythonpath_develop.dsv'
[3.592s] INFO:colcon.colcon_core.shell:Creating environment hook '/home/user/ros2_dev/build/publisher_group/share/publisher_group/hook/pythonpath_develop.sh'
[3.592s] Level 1:colcon.colcon_core.environment:checking '/home/user/ros2_dev/install/publisher_group' for CMake module files
[3.593s] Level 1:colcon.colcon_core.environment:checking '/home/user/ros2_dev/install/publisher_group' for CMake config files
[3.593s] Level 1:colcon.colcon_core.environment:checking '/home/user/ros2_dev/install/publisher_group/lib'
[3.593s] Level 1:colcon.colcon_core.environment:checking '/home/user/ros2_dev/install/publisher_group/bin'
[3.593s] Level 1:colcon.colcon_core.environment:checking '/home/user/ros2_dev/install/publisher_group/lib/pkgconfig/publisher_group.pc'
[3.594s] Level 1:colcon.colcon_core.environment:checking '/home/user/ros2_dev/install/publisher_group/lib/python3.10/site-packages'
[3.594s] Level 1:colcon.colcon_core.shell:create_environment_hook('publisher_group', 'pythonpath')
[3.594s] INFO:colcon.colcon_core.shell:Creating environment hook '/home/user/ros2_dev/install/publisher_group/share/publisher_group/hook/pythonpath.ps1'
[3.594s] INFO:colcon.colcon_core.shell:Creating environment descriptor '/home/user/ros2_dev/install/publisher_group/share/publisher_group/hook/pythonpath.dsv'
[3.595s] INFO:colcon.colcon_core.shell:Creating environment hook '/home/user/ros2_dev/install/publisher_group/share/publisher_group/hook/pythonpath.sh'
[3.595s] Level 1:colcon.colcon_core.environment:checking '/home/user/ros2_dev/install/publisher_group/bin'
[3.595s] Level 1:colcon.colcon_core.environment:create_environment_scripts_only(publisher_group)
[3.595s] INFO:colcon.colcon_core.shell:Creating package script '/home/user/ros2_dev/install/publisher_group/share/publisher_group/package.ps1'
[3.596s] INFO:colcon.colcon_core.shell:Creating package descriptor '/home/user/ros2_dev/install/publisher_group/share/publisher_group/package.dsv'
[3.596s] INFO:colcon.colcon_core.shell:Creating package script '/home/user/ros2_dev/install/publisher_group/share/publisher_group/package.sh'
[3.597s] INFO:colcon.colcon_core.shell:Creating package script '/home/user/ros2_dev/install/publisher_group/share/publisher_group/package.bash'
[3.597s] INFO:colcon.colcon_core.shell:Creating package script '/home/user/ros2_dev/install/publisher_group/share/publisher_group/package.zsh'
[3.598s] Level 1:colcon.colcon_core.environment:create_file_with_runtime_dependencies(/home/user/ros2_dev/install/publisher_group/share/colcon-core/packages/publisher_group)
[3.598s] DEBUG:colcon.colcon_parallel_executor.executor.parallel:closing loop
[3.598s] DEBUG:colcon.colcon_parallel_executor.executor.parallel:loop closed
[3.598s] DEBUG:colcon.colcon_parallel_executor.executor.parallel:run_until_complete finished with '0'
[3.598s] DEBUG:colcon.colcon_core.event_reactor:joining thread
[3.606s] INFO:colcon.colcon_core.plugin_system:Skipping extension 'colcon_notification.desktop_notification.terminal_notifier': Not used on non-Darwin systems
[3.606s] INFO:colcon.colcon_core.plugin_system:Skipping extension 'colcon_notification.desktop_notification.win32': Not used on non-Windows systems
[3.606s] INFO:colcon.colcon_notification.desktop_notification:Sending desktop notification using 'notify2'
[3.614s] DEBUG:colcon.colcon_core.event_reactor:joined thread
[3.615s] INFO:colcon.colcon_core.shell:Creating prefix script '/home/user/ros2_dev/install/local_setup.ps1'
[3.615s] INFO:colcon.colcon_core.shell:Creating prefix util module '/home/user/ros2_dev/install/_local_setup_util_ps1.py'
[3.616s] INFO:colcon.colcon_core.shell:Creating prefix chain script '/home/user/ros2_dev/install/setup.ps1'
[3.622s] INFO:colcon.colcon_core.shell:Creating prefix script '/home/user/ros2_dev/install/local_setup.sh'
[3.622s] INFO:colcon.colcon_core.shell:Creating prefix util module '/home/user/ros2_dev/install/_local_setup_util_sh.py'
[3.623s] INFO:colcon.colcon_core.shell:Creating prefix chain script '/home/user/ros2_dev/install/setup.sh'
[3.628s] INFO:colcon.colcon_core.shell:Creating prefix script '/home/user/ros2_dev/install/local_setup.bash'
[3.629s] INFO:colcon.colcon_core.shell:Creating prefix chain script '/home/user/ros2_dev/install/setup.bash'
[3.634s] INFO:colcon.colcon_core.shell:Creating prefix script '/home/user/ros2_dev/install/local_setup.zsh'
[3.634s] INFO:colcon.colcon_core.shell:Creating prefix chain script '/home/user/ros2_dev/install/setup.zsh'
