running develop
running egg_info
creating recognizer_group.egg-info
writing recognizer_group.egg-info/PKG-INFO
writing dependency_links to recognizer_group.egg-info/dependency_links.txt
writing entry points to recognizer_group.egg-info/entry_points.txt
writing requirements to recognizer_group.egg-info/requires.txt
writing top-level names to recognizer_group.egg-info/top_level.txt
writing manifest file 'recognizer_group.egg-info/SOURCES.txt'
reading manifest file 'recognizer_group.egg-info/SOURCES.txt'
writing manifest file 'recognizer_group.egg-info/SOURCES.txt'
running build_ext
Creating /home/user/ros2_dev/install/recognizer_group/lib/python3.10/site-packages/recognizer-group.egg-link (link to .)

Installed /home/user/ros2_dev/build/recognizer_group
running symlink_data
creating /home/user/ros2_dev/install/recognizer_group/share/ament_index
creating /home/user/ros2_dev/install/recognizer_group/share/ament_index/resource_index
creating /home/user/ros2_dev/install/recognizer_group/share/ament_index/resource_index/packages
symbolically linking /home/user/ros2_dev/build/recognizer_group/resource/recognizer_group -> /home/user/ros2_dev/install/recognizer_group/share/ament_index/resource_index/packages
symbolically linking /home/user/ros2_dev/build/recognizer_group/package.xml -> /home/user/ros2_dev/install/recognizer_group/share/recognizer_group
