[2.212s] Invoking command in '/home/user/ros2_dev/build/recognizer_group': PYTHONPATH=/home/user/ros2_dev/build/recognizer_group/prefix_override:/usr/lib/python3/dist-packages/colcon_core/task/python/colcon_distutils_commands:/home/user/ros2_dev/install/recognizer_group/lib/python3.10/site-packages:${PYTHONPATH} /usr/bin/python3 -W ignore:setup.py install is deprecated -W ignore:easy_install command is deprecated setup.py develop --editable --build-directory /home/user/ros2_dev/build/recognizer_group/build --no-deps symlink_data
[2.786s] running develop
[3.110s] running egg_info
[3.110s] creating recognizer_group.egg-info
[3.110s] writing recognizer_group.egg-info/PKG-INFO
[3.111s] writing dependency_links to recognizer_group.egg-info/dependency_links.txt
[3.111s] writing entry points to recognizer_group.egg-info/entry_points.txt
[3.111s] writing requirements to recognizer_group.egg-info/requires.txt
[3.111s] writing top-level names to recognizer_group.egg-info/top_level.txt
[3.111s] writing manifest file 'recognizer_group.egg-info/SOURCES.txt'
[3.112s] reading manifest file 'recognizer_group.egg-info/SOURCES.txt'
[3.113s] writing manifest file 'recognizer_group.egg-info/SOURCES.txt'
[3.121s] running build_ext
[3.121s] Creating /home/user/ros2_dev/install/recognizer_group/lib/python3.10/site-packages/recognizer-group.egg-link (link to .)
[3.122s] 
[3.122s] Installed /home/user/ros2_dev/build/recognizer_group
[3.123s] running symlink_data
[3.124s] creating /home/user/ros2_dev/install/recognizer_group/share/ament_index
[3.124s] creating /home/user/ros2_dev/install/recognizer_group/share/ament_index/resource_index
[3.124s] creating /home/user/ros2_dev/install/recognizer_group/share/ament_index/resource_index/packages
[3.125s] symbolically linking /home/user/ros2_dev/build/recognizer_group/resource/recognizer_group -> /home/user/ros2_dev/install/recognizer_group/share/ament_index/resource_index/packages
[3.125s] symbolically linking /home/user/ros2_dev/build/recognizer_group/package.xml -> /home/user/ros2_dev/install/recognizer_group/share/recognizer_group
[3.160s] Invoked command in '/home/user/ros2_dev/build/recognizer_group' returned '0': PYTHONPATH=/home/user/ros2_dev/build/recognizer_group/prefix_override:/usr/lib/python3/dist-packages/colcon_core/task/python/colcon_distutils_commands:/home/user/ros2_dev/install/recognizer_group/lib/python3.10/site-packages:${PYTHONPATH} /usr/bin/python3 -W ignore:setup.py install is deprecated -W ignore:easy_install command is deprecated setup.py develop --editable --build-directory /home/user/ros2_dev/build/recognizer_group/build --no-deps symlink_data
