[0.122s] DEBUG:colcon:Command line arguments: ['/usr/bin/colcon', 'build', '--symlink-install']
[0.122s] DEBUG:colcon:Parsed command line arguments: Namespace(log_base=None, log_level=None, verb_name='build', build_base='build', install_base='install', merge_install=False, symlink_install=True, test_result_base=None, continue_on_error=False, executor='parallel', parallel_workers=12, event_handlers=None, ignore_user_meta=False, metas=['./colcon.meta'], base_paths=['.'], packages_ignore=None, packages_ignore_regex=None, paths=None, packages_up_to=None, packages_up_to_regex=None, packages_above=None, packages_above_and_dependencies=None, packages_above_depth=None, packages_select_by_dep=None, packages_skip_by_dep=None, packages_skip_up_to=None, packages_select_build_failed=False, packages_skip_build_finished=False, packages_select_test_failures=False, packages_skip_test_passed=False, packages_select=None, packages_skip=None, packages_select_regex=None, packages_skip_regex=None, packages_start=None, packages_end=None, allow_overriding=[], cmake_args=None, cmake_target=None, cmake_target_skip_unavailable=False, cmake_clean_cache=False, cmake_clean_first=False, cmake_force_configure=False, ament_cmake_args=None, catkin_cmake_args=None, catkin_skip_building_tests=False, mixin_files=None, mixin=None, verb_parser=<colcon_mixin.mixin.mixin_argument.MixinArgumentDecorator object at 0x730e2f490af0>, verb_extension=<colcon_core.verb.build.BuildVerb object at 0x730e2f490520>, main=<bound method BuildVerb.main of <colcon_core.verb.build.BuildVerb object at 0x730e2f490520>>, mixin_verb=('build',))
[0.259s] Level 1:colcon.colcon_core.package_discovery:discover_packages(colcon_meta) check parameters
[0.259s] Level 1:colcon.colcon_core.package_discovery:discover_packages(recursive) check parameters
[0.259s] Level 1:colcon.colcon_core.package_discovery:discover_packages(ignore) check parameters
[0.259s] Level 1:colcon.colcon_core.package_discovery:discover_packages(path) check parameters
[0.259s] Level 1:colcon.colcon_core.package_discovery:discover_packages(colcon_meta) discover
[0.259s] Level 1:colcon.colcon_core.package_discovery:discover_packages(recursive) discover
[0.259s] INFO:colcon.colcon_core.package_discovery:Crawling recursively for packages in '/home/user/ros2_dev'
[0.259s] Level 1:colcon.colcon_core.package_identification:_identify(.) by extensions ['ignore', 'ignore_ament_install']
[0.259s] Level 1:colcon.colcon_core.package_identification:_identify(.) by extension 'ignore'
[0.259s] Level 1:colcon.colcon_core.package_identification:_identify(.) by extension 'ignore_ament_install'
[0.260s] Level 1:colcon.colcon_core.package_identification:_identify(.) by extensions ['colcon_pkg']
[0.260s] Level 1:colcon.colcon_core.package_identification:_identify(.) by extension 'colcon_pkg'
[0.260s] Level 1:colcon.colcon_core.package_identification:_identify(.) by extensions ['colcon_meta']
[0.260s] Level 1:colcon.colcon_core.package_identification:_identify(.) by extension 'colcon_meta'
[0.260s] Level 1:colcon.colcon_core.package_identification:_identify(.) by extensions ['ros']
[0.260s] Level 1:colcon.colcon_core.package_identification:_identify(.) by extension 'ros'
[0.267s] Level 1:colcon.colcon_core.package_identification:_identify(.) by extensions ['cmake', 'python']
[0.267s] Level 1:colcon.colcon_core.package_identification:_identify(.) by extension 'cmake'
[0.267s] Level 1:colcon.colcon_core.package_identification:_identify(.) by extension 'python'
[0.267s] Level 1:colcon.colcon_core.package_identification:_identify(.) by extensions ['python_setup_py']
[0.267s] Level 1:colcon.colcon_core.package_identification:_identify(.) by extension 'python_setup_py'
[0.267s] Level 1:colcon.colcon_core.package_identification:_identify(build) by extensions ['ignore', 'ignore_ament_install']
[0.267s] Level 1:colcon.colcon_core.package_identification:_identify(build) by extension 'ignore'
[0.267s] Level 1:colcon.colcon_core.package_identification:_identify(build) ignored
[0.267s] Level 1:colcon.colcon_core.package_identification:_identify(install) by extensions ['ignore', 'ignore_ament_install']
[0.267s] Level 1:colcon.colcon_core.package_identification:_identify(install) by extension 'ignore'
[0.267s] Level 1:colcon.colcon_core.package_identification:_identify(install) ignored
[0.267s] Level 1:colcon.colcon_core.package_identification:_identify(log) by extensions ['ignore', 'ignore_ament_install']
[0.267s] Level 1:colcon.colcon_core.package_identification:_identify(log) by extension 'ignore'
[0.267s] Level 1:colcon.colcon_core.package_identification:_identify(log) ignored
[0.267s] Level 1:colcon.colcon_core.package_identification:_identify(src) by extensions ['ignore', 'ignore_ament_install']
[0.267s] Level 1:colcon.colcon_core.package_identification:_identify(src) by extension 'ignore'
[0.268s] Level 1:colcon.colcon_core.package_identification:_identify(src) by extension 'ignore_ament_install'
[0.268s] Level 1:colcon.colcon_core.package_identification:_identify(src) by extensions ['colcon_pkg']
[0.268s] Level 1:colcon.colcon_core.package_identification:_identify(src) by extension 'colcon_pkg'
[0.268s] Level 1:colcon.colcon_core.package_identification:_identify(src) by extensions ['colcon_meta']
[0.268s] Level 1:colcon.colcon_core.package_identification:_identify(src) by extension 'colcon_meta'
[0.268s] Level 1:colcon.colcon_core.package_identification:_identify(src) by extensions ['ros']
[0.268s] Level 1:colcon.colcon_core.package_identification:_identify(src) by extension 'ros'
[0.268s] Level 1:colcon.colcon_core.package_identification:_identify(src) by extensions ['cmake', 'python']
[0.268s] Level 1:colcon.colcon_core.package_identification:_identify(src) by extension 'cmake'
[0.268s] Level 1:colcon.colcon_core.package_identification:_identify(src) by extension 'python'
[0.268s] Level 1:colcon.colcon_core.package_identification:_identify(src) by extensions ['python_setup_py']
[0.268s] Level 1:colcon.colcon_core.package_identification:_identify(src) by extension 'python_setup_py'
[0.268s] Level 1:colcon.colcon_core.package_identification:_identify(src/publisher_group) by extensions ['ignore', 'ignore_ament_install']
[0.268s] Level 1:colcon.colcon_core.package_identification:_identify(src/publisher_group) by extension 'ignore'
[0.268s] Level 1:colcon.colcon_core.package_identification:_identify(src/publisher_group) by extension 'ignore_ament_install'
[0.268s] Level 1:colcon.colcon_core.package_identification:_identify(src/publisher_group) by extensions ['colcon_pkg']
[0.268s] Level 1:colcon.colcon_core.package_identification:_identify(src/publisher_group) by extension 'colcon_pkg'
[0.268s] Level 1:colcon.colcon_core.package_identification:_identify(src/publisher_group) by extensions ['colcon_meta']
[0.268s] Level 1:colcon.colcon_core.package_identification:_identify(src/publisher_group) by extension 'colcon_meta'
[0.268s] Level 1:colcon.colcon_core.package_identification:_identify(src/publisher_group) by extensions ['ros']
[0.268s] Level 1:colcon.colcon_core.package_identification:_identify(src/publisher_group) by extension 'ros'
[0.269s] DEBUG:colcon.colcon_core.package_identification:Package 'src/publisher_group' with type 'ros.ament_python' and name 'publisher_group'
[0.269s] Level 1:colcon.colcon_core.package_discovery:discover_packages(recursive) using defaults
[0.269s] Level 1:colcon.colcon_core.package_discovery:discover_packages(ignore) discover
[0.269s] Level 1:colcon.colcon_core.package_discovery:discover_packages(ignore) using defaults
[0.269s] Level 1:colcon.colcon_core.package_discovery:discover_packages(path) discover
[0.269s] Level 1:colcon.colcon_core.package_discovery:discover_packages(path) using defaults
[0.293s] Level 1:colcon.colcon_core.package_discovery:discover_packages(prefix_path) check parameters
[0.293s] Level 1:colcon.colcon_core.package_discovery:discover_packages(prefix_path) discover
[0.302s] DEBUG:colcon.colcon_installed_package_information.package_discovery:Found 346 installed packages in /home/user/ros2_humble/install
[0.303s] Level 1:colcon.colcon_core.package_discovery:discover_packages(prefix_path) using defaults
[0.315s] Level 5:colcon.colcon_core.verb:set package 'publisher_group' build argument 'cmake_args' from command line to 'None'
[0.316s] Level 5:colcon.colcon_core.verb:set package 'publisher_group' build argument 'cmake_target' from command line to 'None'
[0.316s] Level 5:colcon.colcon_core.verb:set package 'publisher_group' build argument 'cmake_target_skip_unavailable' from command line to 'False'
[0.316s] Level 5:colcon.colcon_core.verb:set package 'publisher_group' build argument 'cmake_clean_cache' from command line to 'False'
[0.316s] Level 5:colcon.colcon_core.verb:set package 'publisher_group' build argument 'cmake_clean_first' from command line to 'False'
[0.316s] Level 5:colcon.colcon_core.verb:set package 'publisher_group' build argument 'cmake_force_configure' from command line to 'False'
[0.316s] Level 5:colcon.colcon_core.verb:set package 'publisher_group' build argument 'ament_cmake_args' from command line to 'None'
[0.316s] Level 5:colcon.colcon_core.verb:set package 'publisher_group' build argument 'catkin_cmake_args' from command line to 'None'
[0.316s] Level 5:colcon.colcon_core.verb:set package 'publisher_group' build argument 'catkin_skip_building_tests' from command line to 'False'
[0.316s] DEBUG:colcon.colcon_core.verb:Building package 'publisher_group' with the following arguments: {'ament_cmake_args': None, 'build_base': '/home/user/ros2_dev/build/publisher_group', 'catkin_cmake_args': None, 'catkin_skip_building_tests': False, 'cmake_args': None, 'cmake_clean_cache': False, 'cmake_clean_first': False, 'cmake_force_configure': False, 'cmake_target': None, 'cmake_target_skip_unavailable': False, 'install_base': '/home/user/ros2_dev/install/publisher_group', 'merge_install': False, 'path': '/home/user/ros2_dev/src/publisher_group', 'symlink_install': True, 'test_result_base': None}
[0.316s] INFO:colcon.colcon_core.executor:Executing jobs using 'parallel' executor
[0.317s] DEBUG:colcon.colcon_parallel_executor.executor.parallel:run_until_complete
[0.317s] INFO:colcon.colcon_ros.task.ament_python.build:Building ROS package in '/home/user/ros2_dev/src/publisher_group' with build type 'ament_python'
[0.317s] Level 1:colcon.colcon_core.shell:create_environment_hook('publisher_group', 'ament_prefix_path')
[0.320s] INFO:colcon.colcon_core.plugin_system:Skipping extension 'colcon_core.shell.bat': Not used on non-Windows systems
[0.320s] INFO:colcon.colcon_core.shell:Creating environment hook '/home/user/ros2_dev/install/publisher_group/share/publisher_group/hook/ament_prefix_path.ps1'
[0.321s] INFO:colcon.colcon_core.shell:Creating environment descriptor '/home/user/ros2_dev/install/publisher_group/share/publisher_group/hook/ament_prefix_path.dsv'
[0.321s] INFO:colcon.colcon_core.shell:Creating environment hook '/home/user/ros2_dev/install/publisher_group/share/publisher_group/hook/ament_prefix_path.sh'
[0.321s] INFO:colcon.colcon_core.shell:Skip shell extension 'powershell' for command environment: Not usable outside of PowerShell
[0.321s] DEBUG:colcon.colcon_core.shell:Skip shell extension 'dsv' for command environment
[0.621s] INFO:colcon.colcon_core.task.python.build:Building Python package in '/home/user/ros2_dev/src/publisher_group'
[0.621s] INFO:colcon.colcon_core.shell:Skip shell extension 'powershell' for command environment: Not usable outside of PowerShell
[0.621s] DEBUG:colcon.colcon_core.shell:Skip shell extension 'dsv' for command environment
[1.036s] DEBUG:colcon.colcon_core.event_handler.log_command:Invoking command in '/home/user/ros2_dev/build/publisher_group': PYTHONPATH=/home/user/ros2_dev/build/publisher_group/prefix_override:/usr/lib/python3/dist-packages/colcon_core/task/python/colcon_distutils_commands:/home/user/ros2_dev/install/publisher_group/lib/python3.10/site-packages:${PYTHONPATH} /usr/bin/python3 -W ignore:setup.py install is deprecated -W ignore:easy_install command is deprecated setup.py develop --editable --build-directory /home/user/ros2_dev/build/publisher_group/build --no-deps symlink_data
[1.535s] Level 1:colcon.colcon_core.shell:create_environment_hook('publisher_group', 'pythonpath_develop')
[1.535s] INFO:colcon.colcon_core.shell:Creating environment hook '/home/user/ros2_dev/build/publisher_group/share/publisher_group/hook/pythonpath_develop.ps1'
[1.536s] DEBUG:colcon.colcon_core.event_handler.log_command:Invoked command in '/home/user/ros2_dev/build/publisher_group' returned '0': PYTHONPATH=/home/user/ros2_dev/build/publisher_group/prefix_override:/usr/lib/python3/dist-packages/colcon_core/task/python/colcon_distutils_commands:/home/user/ros2_dev/install/publisher_group/lib/python3.10/site-packages:${PYTHONPATH} /usr/bin/python3 -W ignore:setup.py install is deprecated -W ignore:easy_install command is deprecated setup.py develop --editable --build-directory /home/user/ros2_dev/build/publisher_group/build --no-deps symlink_data
[1.536s] INFO:colcon.colcon_core.shell:Creating environment descriptor '/home/user/ros2_dev/build/publisher_group/share/publisher_group/hook/pythonpath_develop.dsv'
[1.536s] INFO:colcon.colcon_core.shell:Creating environment hook '/home/user/ros2_dev/build/publisher_group/share/publisher_group/hook/pythonpath_develop.sh'
[1.540s] Level 1:colcon.colcon_core.environment:checking '/home/user/ros2_dev/install/publisher_group' for CMake module files
[1.540s] Level 1:colcon.colcon_core.environment:checking '/home/user/ros2_dev/install/publisher_group' for CMake config files
[1.541s] Level 1:colcon.colcon_core.environment:checking '/home/user/ros2_dev/install/publisher_group/lib'
[1.541s] Level 1:colcon.colcon_core.environment:checking '/home/user/ros2_dev/install/publisher_group/bin'
[1.541s] Level 1:colcon.colcon_core.environment:checking '/home/user/ros2_dev/install/publisher_group/lib/pkgconfig/publisher_group.pc'
[1.541s] Level 1:colcon.colcon_core.environment:checking '/home/user/ros2_dev/install/publisher_group/lib/python3.10/site-packages'
[1.541s] Level 1:colcon.colcon_core.shell:create_environment_hook('publisher_group', 'pythonpath')
[1.541s] INFO:colcon.colcon_core.shell:Creating environment hook '/home/user/ros2_dev/install/publisher_group/share/publisher_group/hook/pythonpath.ps1'
[1.541s] INFO:colcon.colcon_core.shell:Creating environment descriptor '/home/user/ros2_dev/install/publisher_group/share/publisher_group/hook/pythonpath.dsv'
[1.541s] INFO:colcon.colcon_core.shell:Creating environment hook '/home/user/ros2_dev/install/publisher_group/share/publisher_group/hook/pythonpath.sh'
[1.542s] Level 1:colcon.colcon_core.environment:checking '/home/user/ros2_dev/install/publisher_group/bin'
[1.542s] Level 1:colcon.colcon_core.environment:create_environment_scripts_only(publisher_group)
[1.542s] INFO:colcon.colcon_core.shell:Creating package script '/home/user/ros2_dev/install/publisher_group/share/publisher_group/package.ps1'
[1.542s] INFO:colcon.colcon_core.shell:Creating package descriptor '/home/user/ros2_dev/install/publisher_group/share/publisher_group/package.dsv'
[1.543s] INFO:colcon.colcon_core.shell:Creating package script '/home/user/ros2_dev/install/publisher_group/share/publisher_group/package.sh'
[1.543s] INFO:colcon.colcon_core.shell:Creating package script '/home/user/ros2_dev/install/publisher_group/share/publisher_group/package.bash'
[1.543s] INFO:colcon.colcon_core.shell:Creating package script '/home/user/ros2_dev/install/publisher_group/share/publisher_group/package.zsh'
[1.544s] Level 1:colcon.colcon_core.environment:create_file_with_runtime_dependencies(/home/user/ros2_dev/install/publisher_group/share/colcon-core/packages/publisher_group)
[1.544s] DEBUG:colcon.colcon_parallel_executor.executor.parallel:closing loop
[1.544s] DEBUG:colcon.colcon_parallel_executor.executor.parallel:loop closed
[1.544s] DEBUG:colcon.colcon_parallel_executor.executor.parallel:run_until_complete finished with '0'
[1.544s] DEBUG:colcon.colcon_core.event_reactor:joining thread
[1.552s] INFO:colcon.colcon_core.plugin_system:Skipping extension 'colcon_notification.desktop_notification.terminal_notifier': Not used on non-Darwin systems
[1.553s] INFO:colcon.colcon_core.plugin_system:Skipping extension 'colcon_notification.desktop_notification.win32': Not used on non-Windows systems
[1.553s] INFO:colcon.colcon_notification.desktop_notification:Sending desktop notification using 'notify2'
[1.560s] DEBUG:colcon.colcon_core.event_reactor:joined thread
[1.560s] INFO:colcon.colcon_core.shell:Creating prefix script '/home/user/ros2_dev/install/local_setup.ps1'
[1.562s] INFO:colcon.colcon_core.shell:Creating prefix util module '/home/user/ros2_dev/install/_local_setup_util_ps1.py'
[1.563s] INFO:colcon.colcon_core.shell:Creating prefix chain script '/home/user/ros2_dev/install/setup.ps1'
[1.576s] INFO:colcon.colcon_core.shell:Creating prefix script '/home/user/ros2_dev/install/local_setup.sh'
[1.576s] INFO:colcon.colcon_core.shell:Creating prefix util module '/home/user/ros2_dev/install/_local_setup_util_sh.py'
[1.577s] INFO:colcon.colcon_core.shell:Creating prefix chain script '/home/user/ros2_dev/install/setup.sh'
[1.590s] INFO:colcon.colcon_core.shell:Creating prefix script '/home/user/ros2_dev/install/local_setup.bash'
[1.590s] INFO:colcon.colcon_core.shell:Creating prefix chain script '/home/user/ros2_dev/install/setup.bash'
[1.596s] INFO:colcon.colcon_core.shell:Creating prefix script '/home/user/ros2_dev/install/local_setup.zsh'
[1.596s] INFO:colcon.colcon_core.shell:Creating prefix chain script '/home/user/ros2_dev/install/setup.zsh'
