running develop
running egg_info
creating publisher_group.egg-info
writing publisher_group.egg-info/PKG-INFO
writing dependency_links to publisher_group.egg-info/dependency_links.txt
writing entry points to publisher_group.egg-info/entry_points.txt
writing requirements to publisher_group.egg-info/requires.txt
writing top-level names to publisher_group.egg-info/top_level.txt
writing manifest file 'publisher_group.egg-info/SOURCES.txt'
reading manifest file 'publisher_group.egg-info/SOURCES.txt'
writing manifest file 'publisher_group.egg-info/SOURCES.txt'
running build_ext
Creating /home/user/ros2_dev/install/publisher_group/lib/python3.10/site-packages/publisher-group.egg-link (link to .)

Installed /home/user/ros2_dev/build/publisher_group
running symlink_data
creating /home/user/ros2_dev/install/publisher_group/share/ament_index
creating /home/user/ros2_dev/install/publisher_group/share/ament_index/resource_index
creating /home/user/ros2_dev/install/publisher_group/share/ament_index/resource_index/packages
symbolically linking /home/user/ros2_dev/build/publisher_group/resource/publisher_group -> /home/user/ros2_dev/install/publisher_group/share/ament_index/resource_index/packages
symbolically linking /home/user/ros2_dev/build/publisher_group/package.xml -> /home/user/ros2_dev/install/publisher_group/share/publisher_group
