[2.253s] Invoking command in '/home/user/ros2_dev/build/communicator_group': PYTHONPATH=/home/user/ros2_dev/build/communicator_group/prefix_override:/usr/lib/python3/dist-packages/colcon_core/task/python/colcon_distutils_commands:/home/user/ros2_dev/install/communicator_group/lib/python3.10/site-packages:${PYTHONPATH} /usr/bin/python3 -W ignore:setup.py install is deprecated -W ignore:easy_install command is deprecated setup.py develop --editable --build-directory /home/user/ros2_dev/build/communicator_group/build --no-deps symlink_data
[2.694s] running develop
[2.889s] running egg_info
[2.890s] creating communicator_group.egg-info
[2.890s] writing communicator_group.egg-info/PKG-INFO
[2.890s] writing dependency_links to communicator_group.egg-info/dependency_links.txt
[2.890s] writing entry points to communicator_group.egg-info/entry_points.txt
[2.890s] writing requirements to communicator_group.egg-info/requires.txt
[2.890s] writing top-level names to communicator_group.egg-info/top_level.txt
[2.890s] writing manifest file 'communicator_group.egg-info/SOURCES.txt'
[2.891s] reading manifest file 'communicator_group.egg-info/SOURCES.txt'
[2.892s] writing manifest file 'communicator_group.egg-info/SOURCES.txt'
[2.896s] running build_ext
[2.896s] Creating /home/user/ros2_dev/install/communicator_group/lib/python3.10/site-packages/communicator-group.egg-link (link to .)
[2.896s] 
[2.897s] Installed /home/user/ros2_dev/build/communicator_group
[2.897s] running symlink_data
[2.897s] creating /home/user/ros2_dev/install/communicator_group/share/ament_index
[2.897s] creating /home/user/ros2_dev/install/communicator_group/share/ament_index/resource_index
[2.897s] creating /home/user/ros2_dev/install/communicator_group/share/ament_index/resource_index/packages
[2.897s] symbolically linking /home/user/ros2_dev/build/communicator_group/resource/communicator_group -> /home/user/ros2_dev/install/communicator_group/share/ament_index/resource_index/packages
[2.897s] symbolically linking /home/user/ros2_dev/build/communicator_group/package.xml -> /home/user/ros2_dev/install/communicator_group/share/communicator_group
[2.922s] Invoked command in '/home/user/ros2_dev/build/communicator_group' returned '0': PYTHONPATH=/home/user/ros2_dev/build/communicator_group/prefix_override:/usr/lib/python3/dist-packages/colcon_core/task/python/colcon_distutils_commands:/home/user/ros2_dev/install/communicator_group/lib/python3.10/site-packages:${PYTHONPATH} /usr/bin/python3 -W ignore:setup.py install is deprecated -W ignore:easy_install command is deprecated setup.py develop --editable --build-directory /home/user/ros2_dev/build/communicator_group/build --no-deps symlink_data
