[0.121s] DEBUG:colcon:Command line arguments: ['/usr/bin/colcon', 'build', '--symlink-install']
[0.121s] DEBUG:colcon:Parsed command line arguments: Namespace(log_base=None, log_level=None, verb_name='build', build_base='build', install_base='install', merge_install=False, symlink_install=True, test_result_base=None, continue_on_error=False, executor='parallel', parallel_workers=12, event_handlers=None, ignore_user_meta=False, metas=['./colcon.meta'], base_paths=['.'], packages_ignore=None, packages_ignore_regex=None, paths=None, packages_up_to=None, packages_up_to_regex=None, packages_above=None, packages_above_and_dependencies=None, packages_above_depth=None, packages_select_by_dep=None, packages_skip_by_dep=None, packages_skip_up_to=None, packages_select_build_failed=False, packages_skip_build_finished=False, packages_select_test_failures=False, packages_skip_test_passed=False, packages_select=None, packages_skip=None, packages_select_regex=None, packages_skip_regex=None, packages_start=None, packages_end=None, allow_overriding=[], cmake_args=None, cmake_target=None, cmake_target_skip_unavailable=False, cmake_clean_cache=False, cmake_clean_first=False, cmake_force_configure=False, ament_cmake_args=None, catkin_cmake_args=None, catkin_skip_building_tests=False, mixin_files=None, mixin=None, verb_parser=<colcon_mixin.mixin.mixin_argument.MixinArgumentDecorator object at 0x7dada3190af0>, verb_extension=<colcon_core.verb.build.BuildVerb object at 0x7dada3190520>, main=<bound method BuildVerb.main of <colcon_core.verb.build.BuildVerb object at 0x7dada3190520>>, mixin_verb=('build',))
[0.259s] Level 1:colcon.colcon_core.package_discovery:discover_packages(colcon_meta) check parameters
[0.259s] Level 1:colcon.colcon_core.package_discovery:discover_packages(recursive) check parameters
[0.259s] Level 1:colcon.colcon_core.package_discovery:discover_packages(ignore) check parameters
[0.259s] Level 1:colcon.colcon_core.package_discovery:discover_packages(path) check parameters
[0.259s] Level 1:colcon.colcon_core.package_discovery:discover_packages(colcon_meta) discover
[0.259s] Level 1:colcon.colcon_core.package_discovery:discover_packages(recursive) discover
[0.259s] INFO:colcon.colcon_core.package_discovery:Crawling recursively for packages in '/home/user/ros2_dev'
[0.259s] Level 1:colcon.colcon_core.package_identification:_identify(.) by extensions ['ignore', 'ignore_ament_install']
[0.259s] Level 1:colcon.colcon_core.package_identification:_identify(.) by extension 'ignore'
[0.259s] Level 1:colcon.colcon_core.package_identification:_identify(.) by extension 'ignore_ament_install'
[0.259s] Level 1:colcon.colcon_core.package_identification:_identify(.) by extensions ['colcon_pkg']
[0.259s] Level 1:colcon.colcon_core.package_identification:_identify(.) by extension 'colcon_pkg'
[0.259s] Level 1:colcon.colcon_core.package_identification:_identify(.) by extensions ['colcon_meta']
[0.259s] Level 1:colcon.colcon_core.package_identification:_identify(.) by extension 'colcon_meta'
[0.259s] Level 1:colcon.colcon_core.package_identification:_identify(.) by extensions ['ros']
[0.259s] Level 1:colcon.colcon_core.package_identification:_identify(.) by extension 'ros'
[0.267s] Level 1:colcon.colcon_core.package_identification:_identify(.) by extensions ['cmake', 'python']
[0.267s] Level 1:colcon.colcon_core.package_identification:_identify(.) by extension 'cmake'
[0.267s] Level 1:colcon.colcon_core.package_identification:_identify(.) by extension 'python'
[0.267s] Level 1:colcon.colcon_core.package_identification:_identify(.) by extensions ['python_setup_py']
[0.267s] Level 1:colcon.colcon_core.package_identification:_identify(.) by extension 'python_setup_py'
[0.267s] Level 1:colcon.colcon_core.package_identification:_identify(build) by extensions ['ignore', 'ignore_ament_install']
[0.267s] Level 1:colcon.colcon_core.package_identification:_identify(build) by extension 'ignore'
[0.267s] Level 1:colcon.colcon_core.package_identification:_identify(build) ignored
[0.267s] Level 1:colcon.colcon_core.package_identification:_identify(install) by extensions ['ignore', 'ignore_ament_install']
[0.267s] Level 1:colcon.colcon_core.package_identification:_identify(install) by extension 'ignore'
[0.267s] Level 1:colcon.colcon_core.package_identification:_identify(install) ignored
[0.267s] Level 1:colcon.colcon_core.package_identification:_identify(log) by extensions ['ignore', 'ignore_ament_install']
[0.267s] Level 1:colcon.colcon_core.package_identification:_identify(log) by extension 'ignore'
[0.267s] Level 1:colcon.colcon_core.package_identification:_identify(log) ignored
[0.267s] Level 1:colcon.colcon_core.package_identification:_identify(src) by extensions ['ignore', 'ignore_ament_install']
[0.267s] Level 1:colcon.colcon_core.package_identification:_identify(src) by extension 'ignore'
[0.267s] Level 1:colcon.colcon_core.package_identification:_identify(src) by extension 'ignore_ament_install'
[0.267s] Level 1:colcon.colcon_core.package_identification:_identify(src) by extensions ['colcon_pkg']
[0.267s] Level 1:colcon.colcon_core.package_identification:_identify(src) by extension 'colcon_pkg'
[0.267s] Level 1:colcon.colcon_core.package_identification:_identify(src) by extensions ['colcon_meta']
[0.267s] Level 1:colcon.colcon_core.package_identification:_identify(src) by extension 'colcon_meta'
[0.267s] Level 1:colcon.colcon_core.package_identification:_identify(src) by extensions ['ros']
[0.267s] Level 1:colcon.colcon_core.package_identification:_identify(src) by extension 'ros'
[0.267s] Level 1:colcon.colcon_core.package_identification:_identify(src) by extensions ['cmake', 'python']
[0.267s] Level 1:colcon.colcon_core.package_identification:_identify(src) by extension 'cmake'
[0.267s] Level 1:colcon.colcon_core.package_identification:_identify(src) by extension 'python'
[0.267s] Level 1:colcon.colcon_core.package_identification:_identify(src) by extensions ['python_setup_py']
[0.267s] Level 1:colcon.colcon_core.package_identification:_identify(src) by extension 'python_setup_py'
[0.267s] Level 1:colcon.colcon_core.package_identification:_identify(src/communicator_group) by extensions ['ignore', 'ignore_ament_install']
[0.267s] Level 1:colcon.colcon_core.package_identification:_identify(src/communicator_group) by extension 'ignore'
[0.267s] Level 1:colcon.colcon_core.package_identification:_identify(src/communicator_group) by extension 'ignore_ament_install'
[0.267s] Level 1:colcon.colcon_core.package_identification:_identify(src/communicator_group) by extensions ['colcon_pkg']
[0.267s] Level 1:colcon.colcon_core.package_identification:_identify(src/communicator_group) by extension 'colcon_pkg'
[0.267s] Level 1:colcon.colcon_core.package_identification:_identify(src/communicator_group) by extensions ['colcon_meta']
[0.268s] Level 1:colcon.colcon_core.package_identification:_identify(src/communicator_group) by extension 'colcon_meta'
[0.268s] Level 1:colcon.colcon_core.package_identification:_identify(src/communicator_group) by extensions ['ros']
[0.268s] Level 1:colcon.colcon_core.package_identification:_identify(src/communicator_group) by extension 'ros'
[0.269s] DEBUG:colcon.colcon_core.package_identification:Package 'src/communicator_group' with type 'ros.ament_python' and name 'communicator_group'
[0.269s] Level 1:colcon.colcon_core.package_identification:_identify(src/decider_group) by extensions ['ignore', 'ignore_ament_install']
[0.269s] Level 1:colcon.colcon_core.package_identification:_identify(src/decider_group) by extension 'ignore'
[0.269s] Level 1:colcon.colcon_core.package_identification:_identify(src/decider_group) by extension 'ignore_ament_install'
[0.269s] Level 1:colcon.colcon_core.package_identification:_identify(src/decider_group) by extensions ['colcon_pkg']
[0.269s] Level 1:colcon.colcon_core.package_identification:_identify(src/decider_group) by extension 'colcon_pkg'
[0.269s] Level 1:colcon.colcon_core.package_identification:_identify(src/decider_group) by extensions ['colcon_meta']
[0.269s] Level 1:colcon.colcon_core.package_identification:_identify(src/decider_group) by extension 'colcon_meta'
[0.269s] Level 1:colcon.colcon_core.package_identification:_identify(src/decider_group) by extensions ['ros']
[0.269s] Level 1:colcon.colcon_core.package_identification:_identify(src/decider_group) by extension 'ros'
[0.269s] DEBUG:colcon.colcon_core.package_identification:Package 'src/decider_group' with type 'ros.ament_python' and name 'decider_group'
[0.270s] Level 1:colcon.colcon_core.package_identification:_identify(src/predictor_group) by extensions ['ignore', 'ignore_ament_install']
[0.270s] Level 1:colcon.colcon_core.package_identification:_identify(src/predictor_group) by extension 'ignore'
[0.270s] Level 1:colcon.colcon_core.package_identification:_identify(src/predictor_group) by extension 'ignore_ament_install'
[0.270s] Level 1:colcon.colcon_core.package_identification:_identify(src/predictor_group) by extensions ['colcon_pkg']
[0.270s] Level 1:colcon.colcon_core.package_identification:_identify(src/predictor_group) by extension 'colcon_pkg'
[0.270s] Level 1:colcon.colcon_core.package_identification:_identify(src/predictor_group) by extensions ['colcon_meta']
[0.270s] Level 1:colcon.colcon_core.package_identification:_identify(src/predictor_group) by extension 'colcon_meta'
[0.270s] Level 1:colcon.colcon_core.package_identification:_identify(src/predictor_group) by extensions ['ros']
[0.270s] Level 1:colcon.colcon_core.package_identification:_identify(src/predictor_group) by extension 'ros'
[0.270s] DEBUG:colcon.colcon_core.package_identification:Package 'src/predictor_group' with type 'ros.ament_python' and name 'predictor_group'
[0.270s] Level 1:colcon.colcon_core.package_identification:_identify(src/publisher_group) by extensions ['ignore', 'ignore_ament_install']
[0.270s] Level 1:colcon.colcon_core.package_identification:_identify(src/publisher_group) by extension 'ignore'
[0.270s] Level 1:colcon.colcon_core.package_identification:_identify(src/publisher_group) by extension 'ignore_ament_install'
[0.270s] Level 1:colcon.colcon_core.package_identification:_identify(src/publisher_group) by extensions ['colcon_pkg']
[0.270s] Level 1:colcon.colcon_core.package_identification:_identify(src/publisher_group) by extension 'colcon_pkg'
[0.270s] Level 1:colcon.colcon_core.package_identification:_identify(src/publisher_group) by extensions ['colcon_meta']
[0.270s] Level 1:colcon.colcon_core.package_identification:_identify(src/publisher_group) by extension 'colcon_meta'
[0.270s] Level 1:colcon.colcon_core.package_identification:_identify(src/publisher_group) by extensions ['ros']
[0.270s] Level 1:colcon.colcon_core.package_identification:_identify(src/publisher_group) by extension 'ros'
[0.271s] DEBUG:colcon.colcon_core.package_identification:Package 'src/publisher_group' with type 'ros.ament_python' and name 'publisher_group'
[0.271s] Level 1:colcon.colcon_core.package_identification:_identify(src/recognizer_group) by extensions ['ignore', 'ignore_ament_install']
[0.271s] Level 1:colcon.colcon_core.package_identification:_identify(src/recognizer_group) by extension 'ignore'
[0.271s] Level 1:colcon.colcon_core.package_identification:_identify(src/recognizer_group) by extension 'ignore_ament_install'
[0.271s] Level 1:colcon.colcon_core.package_identification:_identify(src/recognizer_group) by extensions ['colcon_pkg']
[0.271s] Level 1:colcon.colcon_core.package_identification:_identify(src/recognizer_group) by extension 'colcon_pkg'
[0.271s] Level 1:colcon.colcon_core.package_identification:_identify(src/recognizer_group) by extensions ['colcon_meta']
[0.271s] Level 1:colcon.colcon_core.package_identification:_identify(src/recognizer_group) by extension 'colcon_meta'
[0.271s] Level 1:colcon.colcon_core.package_identification:_identify(src/recognizer_group) by extensions ['ros']
[0.271s] Level 1:colcon.colcon_core.package_identification:_identify(src/recognizer_group) by extension 'ros'
[0.271s] DEBUG:colcon.colcon_core.package_identification:Package 'src/recognizer_group' with type 'ros.ament_python' and name 'recognizer_group'
[0.271s] Level 1:colcon.colcon_core.package_discovery:discover_packages(recursive) using defaults
[0.271s] Level 1:colcon.colcon_core.package_discovery:discover_packages(ignore) discover
[0.271s] Level 1:colcon.colcon_core.package_discovery:discover_packages(ignore) using defaults
[0.271s] Level 1:colcon.colcon_core.package_discovery:discover_packages(path) discover
[0.271s] Level 1:colcon.colcon_core.package_discovery:discover_packages(path) using defaults
[0.295s] Level 1:colcon.colcon_core.package_discovery:discover_packages(prefix_path) check parameters
[0.295s] Level 1:colcon.colcon_core.package_discovery:discover_packages(prefix_path) discover
[0.304s] DEBUG:colcon.colcon_installed_package_information.package_discovery:Found 346 installed packages in /home/user/ros2_humble/install
[0.305s] Level 1:colcon.colcon_core.package_discovery:discover_packages(prefix_path) using defaults
[0.317s] Level 5:colcon.colcon_core.verb:set package 'communicator_group' build argument 'cmake_args' from command line to 'None'
[0.318s] Level 5:colcon.colcon_core.verb:set package 'communicator_group' build argument 'cmake_target' from command line to 'None'
[0.318s] Level 5:colcon.colcon_core.verb:set package 'communicator_group' build argument 'cmake_target_skip_unavailable' from command line to 'False'
[0.318s] Level 5:colcon.colcon_core.verb:set package 'communicator_group' build argument 'cmake_clean_cache' from command line to 'False'
[0.318s] Level 5:colcon.colcon_core.verb:set package 'communicator_group' build argument 'cmake_clean_first' from command line to 'False'
[0.318s] Level 5:colcon.colcon_core.verb:set package 'communicator_group' build argument 'cmake_force_configure' from command line to 'False'
[0.318s] Level 5:colcon.colcon_core.verb:set package 'communicator_group' build argument 'ament_cmake_args' from command line to 'None'
[0.318s] Level 5:colcon.colcon_core.verb:set package 'communicator_group' build argument 'catkin_cmake_args' from command line to 'None'
[0.318s] Level 5:colcon.colcon_core.verb:set package 'communicator_group' build argument 'catkin_skip_building_tests' from command line to 'False'
[0.318s] DEBUG:colcon.colcon_core.verb:Building package 'communicator_group' with the following arguments: {'ament_cmake_args': None, 'build_base': '/home/user/ros2_dev/build/communicator_group', 'catkin_cmake_args': None, 'catkin_skip_building_tests': False, 'cmake_args': None, 'cmake_clean_cache': False, 'cmake_clean_first': False, 'cmake_force_configure': False, 'cmake_target': None, 'cmake_target_skip_unavailable': False, 'install_base': '/home/user/ros2_dev/install/communicator_group', 'merge_install': False, 'path': '/home/user/ros2_dev/src/communicator_group', 'symlink_install': True, 'test_result_base': None}
[0.318s] Level 5:colcon.colcon_core.verb:set package 'decider_group' build argument 'cmake_args' from command line to 'None'
[0.318s] Level 5:colcon.colcon_core.verb:set package 'decider_group' build argument 'cmake_target' from command line to 'None'
[0.318s] Level 5:colcon.colcon_core.verb:set package 'decider_group' build argument 'cmake_target_skip_unavailable' from command line to 'False'
[0.318s] Level 5:colcon.colcon_core.verb:set package 'decider_group' build argument 'cmake_clean_cache' from command line to 'False'
[0.318s] Level 5:colcon.colcon_core.verb:set package 'decider_group' build argument 'cmake_clean_first' from command line to 'False'
[0.318s] Level 5:colcon.colcon_core.verb:set package 'decider_group' build argument 'cmake_force_configure' from command line to 'False'
[0.318s] Level 5:colcon.colcon_core.verb:set package 'decider_group' build argument 'ament_cmake_args' from command line to 'None'
[0.318s] Level 5:colcon.colcon_core.verb:set package 'decider_group' build argument 'catkin_cmake_args' from command line to 'None'
[0.318s] Level 5:colcon.colcon_core.verb:set package 'decider_group' build argument 'catkin_skip_building_tests' from command line to 'False'
[0.318s] DEBUG:colcon.colcon_core.verb:Building package 'decider_group' with the following arguments: {'ament_cmake_args': None, 'build_base': '/home/user/ros2_dev/build/decider_group', 'catkin_cmake_args': None, 'catkin_skip_building_tests': False, 'cmake_args': None, 'cmake_clean_cache': False, 'cmake_clean_first': False, 'cmake_force_configure': False, 'cmake_target': None, 'cmake_target_skip_unavailable': False, 'install_base': '/home/user/ros2_dev/install/decider_group', 'merge_install': False, 'path': '/home/user/ros2_dev/src/decider_group', 'symlink_install': True, 'test_result_base': None}
[0.318s] Level 5:colcon.colcon_core.verb:set package 'predictor_group' build argument 'cmake_args' from command line to 'None'
[0.318s] Level 5:colcon.colcon_core.verb:set package 'predictor_group' build argument 'cmake_target' from command line to 'None'
[0.318s] Level 5:colcon.colcon_core.verb:set package 'predictor_group' build argument 'cmake_target_skip_unavailable' from command line to 'False'
[0.318s] Level 5:colcon.colcon_core.verb:set package 'predictor_group' build argument 'cmake_clean_cache' from command line to 'False'
[0.318s] Level 5:colcon.colcon_core.verb:set package 'predictor_group' build argument 'cmake_clean_first' from command line to 'False'
[0.318s] Level 5:colcon.colcon_core.verb:set package 'predictor_group' build argument 'cmake_force_configure' from command line to 'False'
[0.318s] Level 5:colcon.colcon_core.verb:set package 'predictor_group' build argument 'ament_cmake_args' from command line to 'None'
[0.318s] Level 5:colcon.colcon_core.verb:set package 'predictor_group' build argument 'catkin_cmake_args' from command line to 'None'
[0.318s] Level 5:colcon.colcon_core.verb:set package 'predictor_group' build argument 'catkin_skip_building_tests' from command line to 'False'
[0.318s] DEBUG:colcon.colcon_core.verb:Building package 'predictor_group' with the following arguments: {'ament_cmake_args': None, 'build_base': '/home/user/ros2_dev/build/predictor_group', 'catkin_cmake_args': None, 'catkin_skip_building_tests': False, 'cmake_args': None, 'cmake_clean_cache': False, 'cmake_clean_first': False, 'cmake_force_configure': False, 'cmake_target': None, 'cmake_target_skip_unavailable': False, 'install_base': '/home/user/ros2_dev/install/predictor_group', 'merge_install': False, 'path': '/home/user/ros2_dev/src/predictor_group', 'symlink_install': True, 'test_result_base': None}
[0.318s] Level 5:colcon.colcon_core.verb:set package 'publisher_group' build argument 'cmake_args' from command line to 'None'
[0.318s] Level 5:colcon.colcon_core.verb:set package 'publisher_group' build argument 'cmake_target' from command line to 'None'
[0.318s] Level 5:colcon.colcon_core.verb:set package 'publisher_group' build argument 'cmake_target_skip_unavailable' from command line to 'False'
[0.318s] Level 5:colcon.colcon_core.verb:set package 'publisher_group' build argument 'cmake_clean_cache' from command line to 'False'
[0.318s] Level 5:colcon.colcon_core.verb:set package 'publisher_group' build argument 'cmake_clean_first' from command line to 'False'
[0.318s] Level 5:colcon.colcon_core.verb:set package 'publisher_group' build argument 'cmake_force_configure' from command line to 'False'
[0.319s] Level 5:colcon.colcon_core.verb:set package 'publisher_group' build argument 'ament_cmake_args' from command line to 'None'
[0.319s] Level 5:colcon.colcon_core.verb:set package 'publisher_group' build argument 'catkin_cmake_args' from command line to 'None'
[0.319s] Level 5:colcon.colcon_core.verb:set package 'publisher_group' build argument 'catkin_skip_building_tests' from command line to 'False'
[0.319s] DEBUG:colcon.colcon_core.verb:Building package 'publisher_group' with the following arguments: {'ament_cmake_args': None, 'build_base': '/home/user/ros2_dev/build/publisher_group', 'catkin_cmake_args': None, 'catkin_skip_building_tests': False, 'cmake_args': None, 'cmake_clean_cache': False, 'cmake_clean_first': False, 'cmake_force_configure': False, 'cmake_target': None, 'cmake_target_skip_unavailable': False, 'install_base': '/home/user/ros2_dev/install/publisher_group', 'merge_install': False, 'path': '/home/user/ros2_dev/src/publisher_group', 'symlink_install': True, 'test_result_base': None}
[0.319s] Level 5:colcon.colcon_core.verb:set package 'recognizer_group' build argument 'cmake_args' from command line to 'None'
[0.319s] Level 5:colcon.colcon_core.verb:set package 'recognizer_group' build argument 'cmake_target' from command line to 'None'
[0.319s] Level 5:colcon.colcon_core.verb:set package 'recognizer_group' build argument 'cmake_target_skip_unavailable' from command line to 'False'
[0.319s] Level 5:colcon.colcon_core.verb:set package 'recognizer_group' build argument 'cmake_clean_cache' from command line to 'False'
[0.319s] Level 5:colcon.colcon_core.verb:set package 'recognizer_group' build argument 'cmake_clean_first' from command line to 'False'
[0.319s] Level 5:colcon.colcon_core.verb:set package 'recognizer_group' build argument 'cmake_force_configure' from command line to 'False'
[0.319s] Level 5:colcon.colcon_core.verb:set package 'recognizer_group' build argument 'ament_cmake_args' from command line to 'None'
[0.319s] Level 5:colcon.colcon_core.verb:set package 'recognizer_group' build argument 'catkin_cmake_args' from command line to 'None'
[0.319s] Level 5:colcon.colcon_core.verb:set package 'recognizer_group' build argument 'catkin_skip_building_tests' from command line to 'False'
[0.319s] DEBUG:colcon.colcon_core.verb:Building package 'recognizer_group' with the following arguments: {'ament_cmake_args': None, 'build_base': '/home/user/ros2_dev/build/recognizer_group', 'catkin_cmake_args': None, 'catkin_skip_building_tests': False, 'cmake_args': None, 'cmake_clean_cache': False, 'cmake_clean_first': False, 'cmake_force_configure': False, 'cmake_target': None, 'cmake_target_skip_unavailable': False, 'install_base': '/home/user/ros2_dev/install/recognizer_group', 'merge_install': False, 'path': '/home/user/ros2_dev/src/recognizer_group', 'symlink_install': True, 'test_result_base': None}
[0.319s] INFO:colcon.colcon_core.executor:Executing jobs using 'parallel' executor
[0.320s] DEBUG:colcon.colcon_parallel_executor.executor.parallel:run_until_complete
[0.320s] INFO:colcon.colcon_ros.task.ament_python.build:Building ROS package in '/home/user/ros2_dev/src/communicator_group' with build type 'ament_python'
[0.320s] Level 1:colcon.colcon_core.shell:create_environment_hook('communicator_group', 'ament_prefix_path')
[0.323s] INFO:colcon.colcon_core.plugin_system:Skipping extension 'colcon_core.shell.bat': Not used on non-Windows systems
[0.323s] INFO:colcon.colcon_core.shell:Creating environment hook '/home/user/ros2_dev/install/communicator_group/share/communicator_group/hook/ament_prefix_path.ps1'
[0.324s] INFO:colcon.colcon_core.shell:Creating environment descriptor '/home/user/ros2_dev/install/communicator_group/share/communicator_group/hook/ament_prefix_path.dsv'
[0.324s] INFO:colcon.colcon_core.shell:Creating environment hook '/home/user/ros2_dev/install/communicator_group/share/communicator_group/hook/ament_prefix_path.sh'
[0.324s] INFO:colcon.colcon_core.shell:Skip shell extension 'powershell' for command environment: Not usable outside of PowerShell
[0.324s] DEBUG:colcon.colcon_core.shell:Skip shell extension 'dsv' for command environment
[0.335s] INFO:colcon.colcon_ros.task.ament_python.build:Building ROS package in '/home/user/ros2_dev/src/decider_group' with build type 'ament_python'
[0.335s] Level 1:colcon.colcon_core.shell:create_environment_hook('decider_group', 'ament_prefix_path')
[0.336s] INFO:colcon.colcon_core.shell:Creating environment hook '/home/user/ros2_dev/install/decider_group/share/decider_group/hook/ament_prefix_path.ps1'
[0.337s] INFO:colcon.colcon_core.shell:Creating environment descriptor '/home/user/ros2_dev/install/decider_group/share/decider_group/hook/ament_prefix_path.dsv'
[0.337s] INFO:colcon.colcon_core.shell:Creating environment hook '/home/user/ros2_dev/install/decider_group/share/decider_group/hook/ament_prefix_path.sh'
[0.337s] INFO:colcon.colcon_core.shell:Skip shell extension 'powershell' for command environment: Not usable outside of PowerShell
[0.337s] DEBUG:colcon.colcon_core.shell:Skip shell extension 'dsv' for command environment
[0.352s] INFO:colcon.colcon_ros.task.ament_python.build:Building ROS package in '/home/user/ros2_dev/src/predictor_group' with build type 'ament_python'
[0.353s] Level 1:colcon.colcon_core.shell:create_environment_hook('predictor_group', 'ament_prefix_path')
[0.353s] INFO:colcon.colcon_core.shell:Creating environment hook '/home/user/ros2_dev/install/predictor_group/share/predictor_group/hook/ament_prefix_path.ps1'
[0.353s] INFO:colcon.colcon_core.shell:Creating environment descriptor '/home/user/ros2_dev/install/predictor_group/share/predictor_group/hook/ament_prefix_path.dsv'
[0.353s] INFO:colcon.colcon_core.shell:Creating environment hook '/home/user/ros2_dev/install/predictor_group/share/predictor_group/hook/ament_prefix_path.sh'
[0.354s] INFO:colcon.colcon_core.shell:Skip shell extension 'powershell' for command environment: Not usable outside of PowerShell
[0.354s] DEBUG:colcon.colcon_core.shell:Skip shell extension 'dsv' for command environment
[0.364s] INFO:colcon.colcon_ros.task.ament_python.build:Building ROS package in '/home/user/ros2_dev/src/publisher_group' with build type 'ament_python'
[0.364s] Level 1:colcon.colcon_core.shell:create_environment_hook('publisher_group', 'ament_prefix_path')
[0.364s] INFO:colcon.colcon_core.shell:Creating environment hook '/home/user/ros2_dev/install/publisher_group/share/publisher_group/hook/ament_prefix_path.ps1'
[0.365s] INFO:colcon.colcon_core.shell:Creating environment descriptor '/home/user/ros2_dev/install/publisher_group/share/publisher_group/hook/ament_prefix_path.dsv'
[0.365s] INFO:colcon.colcon_core.shell:Creating environment hook '/home/user/ros2_dev/install/publisher_group/share/publisher_group/hook/ament_prefix_path.sh'
[0.365s] INFO:colcon.colcon_core.shell:Skip shell extension 'powershell' for command environment: Not usable outside of PowerShell
[0.365s] DEBUG:colcon.colcon_core.shell:Skip shell extension 'dsv' for command environment
[0.376s] INFO:colcon.colcon_ros.task.ament_python.build:Building ROS package in '/home/user/ros2_dev/src/recognizer_group' with build type 'ament_python'
[0.376s] Level 1:colcon.colcon_core.shell:create_environment_hook('recognizer_group', 'ament_prefix_path')
[0.376s] INFO:colcon.colcon_core.shell:Creating environment hook '/home/user/ros2_dev/install/recognizer_group/share/recognizer_group/hook/ament_prefix_path.ps1'
[0.377s] INFO:colcon.colcon_core.shell:Creating environment descriptor '/home/user/ros2_dev/install/recognizer_group/share/recognizer_group/hook/ament_prefix_path.dsv'
[0.377s] INFO:colcon.colcon_core.shell:Creating environment hook '/home/user/ros2_dev/install/recognizer_group/share/recognizer_group/hook/ament_prefix_path.sh'
[0.378s] INFO:colcon.colcon_core.shell:Skip shell extension 'powershell' for command environment: Not usable outside of PowerShell
[0.378s] DEBUG:colcon.colcon_core.shell:Skip shell extension 'dsv' for command environment
[0.676s] INFO:colcon.colcon_core.task.python.build:Building Python package in '/home/user/ros2_dev/src/communicator_group'
[0.676s] INFO:colcon.colcon_core.shell:Skip shell extension 'powershell' for command environment: Not usable outside of PowerShell
[0.676s] DEBUG:colcon.colcon_core.shell:Skip shell extension 'dsv' for command environment
[0.976s] INFO:colcon.colcon_core.task.python.build:Building Python package in '/home/user/ros2_dev/src/decider_group'
[0.976s] INFO:colcon.colcon_core.shell:Skip shell extension 'powershell' for command environment: Not usable outside of PowerShell
[0.976s] DEBUG:colcon.colcon_core.shell:Skip shell extension 'dsv' for command environment
[1.273s] INFO:colcon.colcon_core.task.python.build:Building Python package in '/home/user/ros2_dev/src/predictor_group'
[1.273s] INFO:colcon.colcon_core.shell:Skip shell extension 'powershell' for command environment: Not usable outside of PowerShell
[1.273s] DEBUG:colcon.colcon_core.shell:Skip shell extension 'dsv' for command environment
[1.626s] INFO:colcon.colcon_core.task.python.build:Building Python package in '/home/user/ros2_dev/src/publisher_group'
[1.626s] INFO:colcon.colcon_core.shell:Skip shell extension 'powershell' for command environment: Not usable outside of PowerShell
[1.626s] DEBUG:colcon.colcon_core.shell:Skip shell extension 'dsv' for command environment
[1.926s] INFO:colcon.colcon_core.task.python.build:Building Python package in '/home/user/ros2_dev/src/recognizer_group'
[1.926s] INFO:colcon.colcon_core.shell:Skip shell extension 'powershell' for command environment: Not usable outside of PowerShell
[1.926s] DEBUG:colcon.colcon_core.shell:Skip shell extension 'dsv' for command environment
[2.575s] DEBUG:colcon.colcon_core.event_handler.log_command:Invoking command in '/home/user/ros2_dev/build/communicator_group': PYTHONPATH=/home/user/ros2_dev/build/communicator_group/prefix_override:/usr/lib/python3/dist-packages/colcon_core/task/python/colcon_distutils_commands:/home/user/ros2_dev/install/communicator_group/lib/python3.10/site-packages:${PYTHONPATH} /usr/bin/python3 -W ignore:setup.py install is deprecated -W ignore:easy_install command is deprecated setup.py develop --editable --build-directory /home/user/ros2_dev/build/communicator_group/build --no-deps symlink_data
[2.589s] DEBUG:colcon.colcon_core.event_handler.log_command:Invoking command in '/home/user/ros2_dev/build/recognizer_group': PYTHONPATH=/home/user/ros2_dev/build/recognizer_group/prefix_override:/usr/lib/python3/dist-packages/colcon_core/task/python/colcon_distutils_commands:/home/user/ros2_dev/install/recognizer_group/lib/python3.10/site-packages:${PYTHONPATH} /usr/bin/python3 -W ignore:setup.py install is deprecated -W ignore:easy_install command is deprecated setup.py develop --editable --build-directory /home/user/ros2_dev/build/recognizer_group/build --no-deps symlink_data
[2.864s] DEBUG:colcon.colcon_core.event_handler.log_command:Invoking command in '/home/user/ros2_dev/build/publisher_group': PYTHONPATH=/home/user/ros2_dev/build/publisher_group/prefix_override:/usr/lib/python3/dist-packages/colcon_core/task/python/colcon_distutils_commands:/home/user/ros2_dev/install/publisher_group/lib/python3.10/site-packages:${PYTHONPATH} /usr/bin/python3 -W ignore:setup.py install is deprecated -W ignore:easy_install command is deprecated setup.py develop --editable --build-directory /home/user/ros2_dev/build/publisher_group/build --no-deps symlink_data
[2.891s] DEBUG:colcon.colcon_core.event_handler.log_command:Invoking command in '/home/user/ros2_dev/build/predictor_group': PYTHONPATH=/home/user/ros2_dev/build/predictor_group/prefix_override:/usr/lib/python3/dist-packages/colcon_core/task/python/colcon_distutils_commands:/home/user/ros2_dev/install/predictor_group/lib/python3.10/site-packages:${PYTHONPATH} /usr/bin/python3 -W ignore:setup.py install is deprecated -W ignore:easy_install command is deprecated setup.py develop --editable --build-directory /home/user/ros2_dev/build/predictor_group/build --no-deps symlink_data
[2.894s] DEBUG:colcon.colcon_core.event_handler.log_command:Invoking command in '/home/user/ros2_dev/build/decider_group': PYTHONPATH=/home/user/ros2_dev/build/decider_group/prefix_override:/usr/lib/python3/dist-packages/colcon_core/task/python/colcon_distutils_commands:/home/user/ros2_dev/install/decider_group/lib/python3.10/site-packages:${PYTHONPATH} /usr/bin/python3 -W ignore:setup.py install is deprecated -W ignore:easy_install command is deprecated setup.py develop --editable --build-directory /home/user/ros2_dev/build/decider_group/build --no-deps symlink_data
[3.243s] Level 1:colcon.colcon_core.shell:create_environment_hook('communicator_group', 'pythonpath_develop')
[3.244s] INFO:colcon.colcon_core.shell:Creating environment hook '/home/user/ros2_dev/build/communicator_group/share/communicator_group/hook/pythonpath_develop.ps1'
[3.245s] DEBUG:colcon.colcon_core.event_handler.log_command:Invoked command in '/home/user/ros2_dev/build/communicator_group' returned '0': PYTHONPATH=/home/user/ros2_dev/build/communicator_group/prefix_override:/usr/lib/python3/dist-packages/colcon_core/task/python/colcon_distutils_commands:/home/user/ros2_dev/install/communicator_group/lib/python3.10/site-packages:${PYTHONPATH} /usr/bin/python3 -W ignore:setup.py install is deprecated -W ignore:easy_install command is deprecated setup.py develop --editable --build-directory /home/user/ros2_dev/build/communicator_group/build --no-deps symlink_data
[3.245s] INFO:colcon.colcon_core.shell:Creating environment descriptor '/home/user/ros2_dev/build/communicator_group/share/communicator_group/hook/pythonpath_develop.dsv'
[3.246s] INFO:colcon.colcon_core.shell:Creating environment hook '/home/user/ros2_dev/build/communicator_group/share/communicator_group/hook/pythonpath_develop.sh'
[3.257s] Level 1:colcon.colcon_core.environment:checking '/home/user/ros2_dev/install/communicator_group' for CMake module files
[3.257s] Level 1:colcon.colcon_core.environment:checking '/home/user/ros2_dev/install/communicator_group' for CMake config files
[3.258s] Level 1:colcon.colcon_core.environment:checking '/home/user/ros2_dev/install/communicator_group/lib'
[3.259s] Level 1:colcon.colcon_core.environment:checking '/home/user/ros2_dev/install/communicator_group/bin'
[3.259s] Level 1:colcon.colcon_core.environment:checking '/home/user/ros2_dev/install/communicator_group/lib/pkgconfig/communicator_group.pc'
[3.259s] Level 1:colcon.colcon_core.environment:checking '/home/user/ros2_dev/install/communicator_group/lib/python3.10/site-packages'
[3.259s] Level 1:colcon.colcon_core.shell:create_environment_hook('communicator_group', 'pythonpath')
[3.260s] INFO:colcon.colcon_core.shell:Creating environment hook '/home/user/ros2_dev/install/communicator_group/share/communicator_group/hook/pythonpath.ps1'
[3.260s] INFO:colcon.colcon_core.shell:Creating environment descriptor '/home/user/ros2_dev/install/communicator_group/share/communicator_group/hook/pythonpath.dsv'
[3.261s] INFO:colcon.colcon_core.shell:Creating environment hook '/home/user/ros2_dev/install/communicator_group/share/communicator_group/hook/pythonpath.sh'
[3.262s] Level 1:colcon.colcon_core.environment:checking '/home/user/ros2_dev/install/communicator_group/bin'
[3.262s] Level 1:colcon.colcon_core.environment:create_environment_scripts_only(communicator_group)
[3.263s] INFO:colcon.colcon_core.shell:Creating package script '/home/user/ros2_dev/install/communicator_group/share/communicator_group/package.ps1'
[3.264s] INFO:colcon.colcon_core.shell:Creating package descriptor '/home/user/ros2_dev/install/communicator_group/share/communicator_group/package.dsv'
[3.265s] INFO:colcon.colcon_core.shell:Creating package script '/home/user/ros2_dev/install/communicator_group/share/communicator_group/package.sh'
[3.266s] INFO:colcon.colcon_core.shell:Creating package script '/home/user/ros2_dev/install/communicator_group/share/communicator_group/package.bash'
[3.267s] INFO:colcon.colcon_core.shell:Creating package script '/home/user/ros2_dev/install/communicator_group/share/communicator_group/package.zsh'
[3.268s] Level 1:colcon.colcon_core.environment:create_file_with_runtime_dependencies(/home/user/ros2_dev/install/communicator_group/share/colcon-core/packages/communicator_group)
[3.495s] Level 1:colcon.colcon_core.shell:create_environment_hook('publisher_group', 'pythonpath_develop')
[3.495s] INFO:colcon.colcon_core.shell:Creating environment hook '/home/user/ros2_dev/build/publisher_group/share/publisher_group/hook/pythonpath_develop.ps1'
[3.496s] DEBUG:colcon.colcon_core.event_handler.log_command:Invoked command in '/home/user/ros2_dev/build/publisher_group' returned '0': PYTHONPATH=/home/user/ros2_dev/build/publisher_group/prefix_override:/usr/lib/python3/dist-packages/colcon_core/task/python/colcon_distutils_commands:/home/user/ros2_dev/install/publisher_group/lib/python3.10/site-packages:${PYTHONPATH} /usr/bin/python3 -W ignore:setup.py install is deprecated -W ignore:easy_install command is deprecated setup.py develop --editable --build-directory /home/user/ros2_dev/build/publisher_group/build --no-deps symlink_data
[3.497s] INFO:colcon.colcon_core.shell:Creating environment descriptor '/home/user/ros2_dev/build/publisher_group/share/publisher_group/hook/pythonpath_develop.dsv'
[3.498s] INFO:colcon.colcon_core.shell:Creating environment hook '/home/user/ros2_dev/build/publisher_group/share/publisher_group/hook/pythonpath_develop.sh'
[3.499s] Level 1:colcon.colcon_core.environment:checking '/home/user/ros2_dev/install/publisher_group' for CMake module files
[3.501s] Level 1:colcon.colcon_core.environment:checking '/home/user/ros2_dev/install/publisher_group' for CMake config files
[3.502s] Level 1:colcon.colcon_core.environment:checking '/home/user/ros2_dev/install/publisher_group/lib'
[3.502s] Level 1:colcon.colcon_core.environment:checking '/home/user/ros2_dev/install/publisher_group/bin'
[3.502s] Level 1:colcon.colcon_core.environment:checking '/home/user/ros2_dev/install/publisher_group/lib/pkgconfig/publisher_group.pc'
[3.503s] Level 1:colcon.colcon_core.environment:checking '/home/user/ros2_dev/install/publisher_group/lib/python3.10/site-packages'
[3.503s] Level 1:colcon.colcon_core.shell:create_environment_hook('publisher_group', 'pythonpath')
[3.503s] INFO:colcon.colcon_core.shell:Creating environment hook '/home/user/ros2_dev/install/publisher_group/share/publisher_group/hook/pythonpath.ps1'
[3.504s] INFO:colcon.colcon_core.shell:Creating environment descriptor '/home/user/ros2_dev/install/publisher_group/share/publisher_group/hook/pythonpath.dsv'
[3.505s] INFO:colcon.colcon_core.shell:Creating environment hook '/home/user/ros2_dev/install/publisher_group/share/publisher_group/hook/pythonpath.sh'
[3.506s] Level 1:colcon.colcon_core.environment:checking '/home/user/ros2_dev/install/publisher_group/bin'
[3.506s] Level 1:colcon.colcon_core.environment:create_environment_scripts_only(publisher_group)
[3.506s] INFO:colcon.colcon_core.shell:Creating package script '/home/user/ros2_dev/install/publisher_group/share/publisher_group/package.ps1'
[3.507s] INFO:colcon.colcon_core.shell:Creating package descriptor '/home/user/ros2_dev/install/publisher_group/share/publisher_group/package.dsv'
[3.508s] INFO:colcon.colcon_core.shell:Creating package script '/home/user/ros2_dev/install/publisher_group/share/publisher_group/package.sh'
[3.508s] INFO:colcon.colcon_core.shell:Creating package script '/home/user/ros2_dev/install/publisher_group/share/publisher_group/package.bash'
[3.509s] INFO:colcon.colcon_core.shell:Creating package script '/home/user/ros2_dev/install/publisher_group/share/publisher_group/package.zsh'
[3.509s] Level 1:colcon.colcon_core.environment:create_file_with_runtime_dependencies(/home/user/ros2_dev/install/publisher_group/share/colcon-core/packages/publisher_group)
[3.535s] Level 1:colcon.colcon_core.shell:create_environment_hook('recognizer_group', 'pythonpath_develop')
[3.535s] INFO:colcon.colcon_core.shell:Creating environment hook '/home/user/ros2_dev/build/recognizer_group/share/recognizer_group/hook/pythonpath_develop.ps1'
[3.536s] DEBUG:colcon.colcon_core.event_handler.log_command:Invoked command in '/home/user/ros2_dev/build/recognizer_group' returned '0': PYTHONPATH=/home/user/ros2_dev/build/recognizer_group/prefix_override:/usr/lib/python3/dist-packages/colcon_core/task/python/colcon_distutils_commands:/home/user/ros2_dev/install/recognizer_group/lib/python3.10/site-packages:${PYTHONPATH} /usr/bin/python3 -W ignore:setup.py install is deprecated -W ignore:easy_install command is deprecated setup.py develop --editable --build-directory /home/user/ros2_dev/build/recognizer_group/build --no-deps symlink_data
[3.537s] INFO:colcon.colcon_core.shell:Creating environment descriptor '/home/user/ros2_dev/build/recognizer_group/share/recognizer_group/hook/pythonpath_develop.dsv'
[3.537s] INFO:colcon.colcon_core.shell:Creating environment hook '/home/user/ros2_dev/build/recognizer_group/share/recognizer_group/hook/pythonpath_develop.sh'
[3.537s] Level 1:colcon.colcon_core.environment:checking '/home/user/ros2_dev/install/recognizer_group' for CMake module files
[3.538s] Level 1:colcon.colcon_core.environment:checking '/home/user/ros2_dev/install/recognizer_group' for CMake config files
[3.538s] Level 1:colcon.colcon_core.environment:checking '/home/user/ros2_dev/install/recognizer_group/lib'
[3.538s] Level 1:colcon.colcon_core.environment:checking '/home/user/ros2_dev/install/recognizer_group/bin'
[3.538s] Level 1:colcon.colcon_core.environment:checking '/home/user/ros2_dev/install/recognizer_group/lib/pkgconfig/recognizer_group.pc'
[3.539s] Level 1:colcon.colcon_core.environment:checking '/home/user/ros2_dev/install/recognizer_group/lib/python3.10/site-packages'
[3.539s] Level 1:colcon.colcon_core.shell:create_environment_hook('recognizer_group', 'pythonpath')
[3.539s] INFO:colcon.colcon_core.shell:Creating environment hook '/home/user/ros2_dev/install/recognizer_group/share/recognizer_group/hook/pythonpath.ps1'
[3.539s] INFO:colcon.colcon_core.shell:Creating environment descriptor '/home/user/ros2_dev/install/recognizer_group/share/recognizer_group/hook/pythonpath.dsv'
[3.539s] INFO:colcon.colcon_core.shell:Creating environment hook '/home/user/ros2_dev/install/recognizer_group/share/recognizer_group/hook/pythonpath.sh'
[3.540s] Level 1:colcon.colcon_core.environment:checking '/home/user/ros2_dev/install/recognizer_group/bin'
[3.540s] Level 1:colcon.colcon_core.environment:create_environment_scripts_only(recognizer_group)
[3.540s] INFO:colcon.colcon_core.shell:Creating package script '/home/user/ros2_dev/install/recognizer_group/share/recognizer_group/package.ps1'
[3.541s] INFO:colcon.colcon_core.shell:Creating package descriptor '/home/user/ros2_dev/install/recognizer_group/share/recognizer_group/package.dsv'
[3.541s] INFO:colcon.colcon_core.shell:Creating package script '/home/user/ros2_dev/install/recognizer_group/share/recognizer_group/package.sh'
[3.542s] INFO:colcon.colcon_core.shell:Creating package script '/home/user/ros2_dev/install/recognizer_group/share/recognizer_group/package.bash'
[3.542s] INFO:colcon.colcon_core.shell:Creating package script '/home/user/ros2_dev/install/recognizer_group/share/recognizer_group/package.zsh'
[3.542s] Level 1:colcon.colcon_core.environment:create_file_with_runtime_dependencies(/home/user/ros2_dev/install/recognizer_group/share/colcon-core/packages/recognizer_group)
[3.660s] Level 1:colcon.colcon_core.shell:create_environment_hook('decider_group', 'pythonpath_develop')
[3.660s] INFO:colcon.colcon_core.shell:Creating environment hook '/home/user/ros2_dev/build/decider_group/share/decider_group/hook/pythonpath_develop.ps1'
[3.661s] DEBUG:colcon.colcon_core.event_handler.log_command:Invoked command in '/home/user/ros2_dev/build/decider_group' returned '0': PYTHONPATH=/home/user/ros2_dev/build/decider_group/prefix_override:/usr/lib/python3/dist-packages/colcon_core/task/python/colcon_distutils_commands:/home/user/ros2_dev/install/decider_group/lib/python3.10/site-packages:${PYTHONPATH} /usr/bin/python3 -W ignore:setup.py install is deprecated -W ignore:easy_install command is deprecated setup.py develop --editable --build-directory /home/user/ros2_dev/build/decider_group/build --no-deps symlink_data
[3.661s] INFO:colcon.colcon_core.shell:Creating environment descriptor '/home/user/ros2_dev/build/decider_group/share/decider_group/hook/pythonpath_develop.dsv'
[3.662s] INFO:colcon.colcon_core.shell:Creating environment hook '/home/user/ros2_dev/build/decider_group/share/decider_group/hook/pythonpath_develop.sh'
[3.662s] Level 1:colcon.colcon_core.environment:checking '/home/user/ros2_dev/install/decider_group' for CMake module files
[3.662s] Level 1:colcon.colcon_core.environment:checking '/home/user/ros2_dev/install/decider_group' for CMake config files
[3.662s] Level 1:colcon.colcon_core.environment:checking '/home/user/ros2_dev/install/decider_group/lib'
[3.662s] Level 1:colcon.colcon_core.environment:checking '/home/user/ros2_dev/install/decider_group/bin'
[3.662s] Level 1:colcon.colcon_core.environment:checking '/home/user/ros2_dev/install/decider_group/lib/pkgconfig/decider_group.pc'
[3.663s] Level 1:colcon.colcon_core.environment:checking '/home/user/ros2_dev/install/decider_group/lib/python3.10/site-packages'
[3.663s] Level 1:colcon.colcon_core.shell:create_environment_hook('decider_group', 'pythonpath')
[3.663s] INFO:colcon.colcon_core.shell:Creating environment hook '/home/user/ros2_dev/install/decider_group/share/decider_group/hook/pythonpath.ps1'
[3.663s] INFO:colcon.colcon_core.shell:Creating environment descriptor '/home/user/ros2_dev/install/decider_group/share/decider_group/hook/pythonpath.dsv'
[3.663s] INFO:colcon.colcon_core.shell:Creating environment hook '/home/user/ros2_dev/install/decider_group/share/decider_group/hook/pythonpath.sh'
[3.663s] Level 1:colcon.colcon_core.environment:checking '/home/user/ros2_dev/install/decider_group/bin'
[3.663s] Level 1:colcon.colcon_core.environment:create_environment_scripts_only(decider_group)
[3.664s] INFO:colcon.colcon_core.shell:Creating package script '/home/user/ros2_dev/install/decider_group/share/decider_group/package.ps1'
[3.664s] INFO:colcon.colcon_core.shell:Creating package descriptor '/home/user/ros2_dev/install/decider_group/share/decider_group/package.dsv'
[3.664s] INFO:colcon.colcon_core.shell:Creating package script '/home/user/ros2_dev/install/decider_group/share/decider_group/package.sh'
[3.664s] INFO:colcon.colcon_core.shell:Creating package script '/home/user/ros2_dev/install/decider_group/share/decider_group/package.bash'
[3.665s] INFO:colcon.colcon_core.shell:Creating package script '/home/user/ros2_dev/install/decider_group/share/decider_group/package.zsh'
[3.665s] Level 1:colcon.colcon_core.environment:create_file_with_runtime_dependencies(/home/user/ros2_dev/install/decider_group/share/colcon-core/packages/decider_group)
[3.739s] Level 1:colcon.colcon_core.shell:create_environment_hook('predictor_group', 'pythonpath_develop')
[3.739s] INFO:colcon.colcon_core.shell:Creating environment hook '/home/user/ros2_dev/build/predictor_group/share/predictor_group/hook/pythonpath_develop.ps1'
[3.740s] DEBUG:colcon.colcon_core.event_handler.log_command:Invoked command in '/home/user/ros2_dev/build/predictor_group' returned '0': PYTHONPATH=/home/user/ros2_dev/build/predictor_group/prefix_override:/usr/lib/python3/dist-packages/colcon_core/task/python/colcon_distutils_commands:/home/user/ros2_dev/install/predictor_group/lib/python3.10/site-packages:${PYTHONPATH} /usr/bin/python3 -W ignore:setup.py install is deprecated -W ignore:easy_install command is deprecated setup.py develop --editable --build-directory /home/user/ros2_dev/build/predictor_group/build --no-deps symlink_data
[3.740s] INFO:colcon.colcon_core.shell:Creating environment descriptor '/home/user/ros2_dev/build/predictor_group/share/predictor_group/hook/pythonpath_develop.dsv'
[3.740s] INFO:colcon.colcon_core.shell:Creating environment hook '/home/user/ros2_dev/build/predictor_group/share/predictor_group/hook/pythonpath_develop.sh'
[3.740s] Level 1:colcon.colcon_core.environment:checking '/home/user/ros2_dev/install/predictor_group' for CMake module files
[3.740s] Level 1:colcon.colcon_core.environment:checking '/home/user/ros2_dev/install/predictor_group' for CMake config files
[3.741s] Level 1:colcon.colcon_core.environment:checking '/home/user/ros2_dev/install/predictor_group/lib'
[3.741s] Level 1:colcon.colcon_core.environment:checking '/home/user/ros2_dev/install/predictor_group/bin'
[3.741s] Level 1:colcon.colcon_core.environment:checking '/home/user/ros2_dev/install/predictor_group/lib/pkgconfig/predictor_group.pc'
[3.741s] Level 1:colcon.colcon_core.environment:checking '/home/user/ros2_dev/install/predictor_group/lib/python3.10/site-packages'
[3.741s] Level 1:colcon.colcon_core.shell:create_environment_hook('predictor_group', 'pythonpath')
[3.741s] INFO:colcon.colcon_core.shell:Creating environment hook '/home/user/ros2_dev/install/predictor_group/share/predictor_group/hook/pythonpath.ps1'
[3.741s] INFO:colcon.colcon_core.shell:Creating environment descriptor '/home/user/ros2_dev/install/predictor_group/share/predictor_group/hook/pythonpath.dsv'
[3.742s] INFO:colcon.colcon_core.shell:Creating environment hook '/home/user/ros2_dev/install/predictor_group/share/predictor_group/hook/pythonpath.sh'
[3.742s] Level 1:colcon.colcon_core.environment:checking '/home/user/ros2_dev/install/predictor_group/bin'
[3.742s] Level 1:colcon.colcon_core.environment:create_environment_scripts_only(predictor_group)
[3.742s] INFO:colcon.colcon_core.shell:Creating package script '/home/user/ros2_dev/install/predictor_group/share/predictor_group/package.ps1'
[3.742s] INFO:colcon.colcon_core.shell:Creating package descriptor '/home/user/ros2_dev/install/predictor_group/share/predictor_group/package.dsv'
[3.743s] INFO:colcon.colcon_core.shell:Creating package script '/home/user/ros2_dev/install/predictor_group/share/predictor_group/package.sh'
[3.743s] INFO:colcon.colcon_core.shell:Creating package script '/home/user/ros2_dev/install/predictor_group/share/predictor_group/package.bash'
[3.743s] INFO:colcon.colcon_core.shell:Creating package script '/home/user/ros2_dev/install/predictor_group/share/predictor_group/package.zsh'
[3.743s] Level 1:colcon.colcon_core.environment:create_file_with_runtime_dependencies(/home/user/ros2_dev/install/predictor_group/share/colcon-core/packages/predictor_group)
[3.743s] DEBUG:colcon.colcon_parallel_executor.executor.parallel:closing loop
[3.743s] DEBUG:colcon.colcon_parallel_executor.executor.parallel:loop closed
[3.743s] DEBUG:colcon.colcon_parallel_executor.executor.parallel:run_until_complete finished with '0'
[3.743s] DEBUG:colcon.colcon_core.event_reactor:joining thread
[3.752s] INFO:colcon.colcon_core.plugin_system:Skipping extension 'colcon_notification.desktop_notification.terminal_notifier': Not used on non-Darwin systems
[3.752s] INFO:colcon.colcon_core.plugin_system:Skipping extension 'colcon_notification.desktop_notification.win32': Not used on non-Windows systems
[3.752s] INFO:colcon.colcon_notification.desktop_notification:Sending desktop notification using 'notify2'
[3.761s] DEBUG:colcon.colcon_core.event_reactor:joined thread
[3.761s] INFO:colcon.colcon_core.shell:Creating prefix script '/home/user/ros2_dev/install/local_setup.ps1'
[3.762s] INFO:colcon.colcon_core.shell:Creating prefix util module '/home/user/ros2_dev/install/_local_setup_util_ps1.py'
[3.763s] INFO:colcon.colcon_core.shell:Creating prefix chain script '/home/user/ros2_dev/install/setup.ps1'
[3.768s] INFO:colcon.colcon_core.shell:Creating prefix script '/home/user/ros2_dev/install/local_setup.sh'
[3.769s] INFO:colcon.colcon_core.shell:Creating prefix util module '/home/user/ros2_dev/install/_local_setup_util_sh.py'
[3.769s] INFO:colcon.colcon_core.shell:Creating prefix chain script '/home/user/ros2_dev/install/setup.sh'
[3.775s] INFO:colcon.colcon_core.shell:Creating prefix script '/home/user/ros2_dev/install/local_setup.bash'
[3.775s] INFO:colcon.colcon_core.shell:Creating prefix chain script '/home/user/ros2_dev/install/setup.bash'
[3.780s] INFO:colcon.colcon_core.shell:Creating prefix script '/home/user/ros2_dev/install/local_setup.zsh'
[3.780s] INFO:colcon.colcon_core.shell:Creating prefix chain script '/home/user/ros2_dev/install/setup.zsh'
