[0.121s] DEBUG:colcon:Command line arguments: ['/usr/bin/colcon', 'build', '--symlink-install']
[0.121s] DEBUG:colcon:Parsed command line arguments: Namespace(log_base=None, log_level=None, verb_name='build', build_base='build', install_base='install', merge_install=False, symlink_install=True, test_result_base=None, continue_on_error=False, executor='parallel', parallel_workers=12, event_handlers=None, ignore_user_meta=False, metas=['./colcon.meta'], base_paths=['.'], packages_ignore=None, packages_ignore_regex=None, paths=None, packages_up_to=None, packages_up_to_regex=None, packages_above=None, packages_above_and_dependencies=None, packages_above_depth=None, packages_select_by_dep=None, packages_skip_by_dep=None, packages_skip_up_to=None, packages_select_build_failed=False, packages_skip_build_finished=False, packages_select_test_failures=False, packages_skip_test_passed=False, packages_select=None, packages_skip=None, packages_select_regex=None, packages_skip_regex=None, packages_start=None, packages_end=None, allow_overriding=[], cmake_args=None, cmake_target=None, cmake_target_skip_unavailable=False, cmake_clean_cache=False, cmake_clean_first=False, cmake_force_configure=False, ament_cmake_args=None, catkin_cmake_args=None, catkin_skip_building_tests=False, mixin_files=None, mixin=None, verb_parser=<colcon_mixin.mixin.mixin_argument.MixinArgumentDecorator object at 0x7e034cc90a90>, verb_extension=<colcon_core.verb.build.BuildVerb object at 0x7e034cc904c0>, main=<bound method BuildVerb.main of <colcon_core.verb.build.BuildVerb object at 0x7e034cc904c0>>, mixin_verb=('build',))
[0.257s] Level 1:colcon.colcon_core.package_discovery:discover_packages(colcon_meta) check parameters
[0.258s] Level 1:colcon.colcon_core.package_discovery:discover_packages(recursive) check parameters
[0.258s] Level 1:colcon.colcon_core.package_discovery:discover_packages(ignore) check parameters
[0.258s] Level 1:colcon.colcon_core.package_discovery:discover_packages(path) check parameters
[0.258s] Level 1:colcon.colcon_core.package_discovery:discover_packages(colcon_meta) discover
[0.258s] Level 1:colcon.colcon_core.package_discovery:discover_packages(recursive) discover
[0.258s] INFO:colcon.colcon_core.package_discovery:Crawling recursively for packages in '/home/user/ros2_dev'
[0.258s] Level 1:colcon.colcon_core.package_identification:_identify(.) by extensions ['ignore', 'ignore_ament_install']
[0.258s] Level 1:colcon.colcon_core.package_identification:_identify(.) by extension 'ignore'
[0.258s] Level 1:colcon.colcon_core.package_identification:_identify(.) by extension 'ignore_ament_install'
[0.258s] Level 1:colcon.colcon_core.package_identification:_identify(.) by extensions ['colcon_pkg']
[0.258s] Level 1:colcon.colcon_core.package_identification:_identify(.) by extension 'colcon_pkg'
[0.258s] Level 1:colcon.colcon_core.package_identification:_identify(.) by extensions ['colcon_meta']
[0.258s] Level 1:colcon.colcon_core.package_identification:_identify(.) by extension 'colcon_meta'
[0.258s] Level 1:colcon.colcon_core.package_identification:_identify(.) by extensions ['ros']
[0.258s] Level 1:colcon.colcon_core.package_identification:_identify(.) by extension 'ros'
[0.266s] Level 1:colcon.colcon_core.package_identification:_identify(.) by extensions ['cmake', 'python']
[0.266s] Level 1:colcon.colcon_core.package_identification:_identify(.) by extension 'cmake'
[0.266s] Level 1:colcon.colcon_core.package_identification:_identify(.) by extension 'python'
[0.266s] Level 1:colcon.colcon_core.package_identification:_identify(.) by extensions ['python_setup_py']
[0.266s] Level 1:colcon.colcon_core.package_identification:_identify(.) by extension 'python_setup_py'
[0.266s] Level 1:colcon.colcon_core.package_identification:_identify(build) by extensions ['ignore', 'ignore_ament_install']
[0.266s] Level 1:colcon.colcon_core.package_identification:_identify(build) by extension 'ignore'
[0.266s] Level 1:colcon.colcon_core.package_identification:_identify(build) ignored
[0.266s] Level 1:colcon.colcon_core.package_identification:_identify(install) by extensions ['ignore', 'ignore_ament_install']
[0.266s] Level 1:colcon.colcon_core.package_identification:_identify(install) by extension 'ignore'
[0.266s] Level 1:colcon.colcon_core.package_identification:_identify(install) ignored
[0.266s] Level 1:colcon.colcon_core.package_identification:_identify(log) by extensions ['ignore', 'ignore_ament_install']
[0.266s] Level 1:colcon.colcon_core.package_identification:_identify(log) by extension 'ignore'
[0.266s] Level 1:colcon.colcon_core.package_identification:_identify(log) ignored
[0.266s] Level 1:colcon.colcon_core.package_identification:_identify(src) by extensions ['ignore', 'ignore_ament_install']
[0.266s] Level 1:colcon.colcon_core.package_identification:_identify(src) by extension 'ignore'
[0.266s] Level 1:colcon.colcon_core.package_identification:_identify(src) by extension 'ignore_ament_install'
[0.267s] Level 1:colcon.colcon_core.package_identification:_identify(src) by extensions ['colcon_pkg']
[0.267s] Level 1:colcon.colcon_core.package_identification:_identify(src) by extension 'colcon_pkg'
[0.267s] Level 1:colcon.colcon_core.package_identification:_identify(src) by extensions ['colcon_meta']
[0.267s] Level 1:colcon.colcon_core.package_identification:_identify(src) by extension 'colcon_meta'
[0.267s] Level 1:colcon.colcon_core.package_identification:_identify(src) by extensions ['ros']
[0.267s] Level 1:colcon.colcon_core.package_identification:_identify(src) by extension 'ros'
[0.267s] Level 1:colcon.colcon_core.package_identification:_identify(src) by extensions ['cmake', 'python']
[0.267s] Level 1:colcon.colcon_core.package_identification:_identify(src) by extension 'cmake'
[0.267s] Level 1:colcon.colcon_core.package_identification:_identify(src) by extension 'python'
[0.267s] Level 1:colcon.colcon_core.package_identification:_identify(src) by extensions ['python_setup_py']
[0.267s] Level 1:colcon.colcon_core.package_identification:_identify(src) by extension 'python_setup_py'
[0.267s] Level 1:colcon.colcon_core.package_identification:_identify(src/communicator_group) by extensions ['ignore', 'ignore_ament_install']
[0.267s] Level 1:colcon.colcon_core.package_identification:_identify(src/communicator_group) by extension 'ignore'
[0.267s] Level 1:colcon.colcon_core.package_identification:_identify(src/communicator_group) by extension 'ignore_ament_install'
[0.267s] Level 1:colcon.colcon_core.package_identification:_identify(src/communicator_group) by extensions ['colcon_pkg']
[0.267s] Level 1:colcon.colcon_core.package_identification:_identify(src/communicator_group) by extension 'colcon_pkg'
[0.267s] Level 1:colcon.colcon_core.package_identification:_identify(src/communicator_group) by extensions ['colcon_meta']
[0.267s] Level 1:colcon.colcon_core.package_identification:_identify(src/communicator_group) by extension 'colcon_meta'
[0.267s] Level 1:colcon.colcon_core.package_identification:_identify(src/communicator_group) by extensions ['ros']
[0.267s] Level 1:colcon.colcon_core.package_identification:_identify(src/communicator_group) by extension 'ros'
[0.269s] DEBUG:colcon.colcon_core.package_identification:Package 'src/communicator_group' with type 'ros.ament_python' and name 'communicator_group'
[0.269s] Level 1:colcon.colcon_core.package_identification:_identify(src/decider_group) by extensions ['ignore', 'ignore_ament_install']
[0.269s] Level 1:colcon.colcon_core.package_identification:_identify(src/decider_group) by extension 'ignore'
[0.269s] Level 1:colcon.colcon_core.package_identification:_identify(src/decider_group) by extension 'ignore_ament_install'
[0.269s] Level 1:colcon.colcon_core.package_identification:_identify(src/decider_group) by extensions ['colcon_pkg']
[0.269s] Level 1:colcon.colcon_core.package_identification:_identify(src/decider_group) by extension 'colcon_pkg'
[0.269s] Level 1:colcon.colcon_core.package_identification:_identify(src/decider_group) by extensions ['colcon_meta']
[0.269s] Level 1:colcon.colcon_core.package_identification:_identify(src/decider_group) by extension 'colcon_meta'
[0.269s] Level 1:colcon.colcon_core.package_identification:_identify(src/decider_group) by extensions ['ros']
[0.269s] Level 1:colcon.colcon_core.package_identification:_identify(src/decider_group) by extension 'ros'
[0.269s] DEBUG:colcon.colcon_core.package_identification:Package 'src/decider_group' with type 'ros.ament_python' and name 'decider_group'
[0.269s] Level 1:colcon.colcon_core.package_identification:_identify(src/predictor_group) by extensions ['ignore', 'ignore_ament_install']
[0.269s] Level 1:colcon.colcon_core.package_identification:_identify(src/predictor_group) by extension 'ignore'
[0.269s] Level 1:colcon.colcon_core.package_identification:_identify(src/predictor_group) by extension 'ignore_ament_install'
[0.269s] Level 1:colcon.colcon_core.package_identification:_identify(src/predictor_group) by extensions ['colcon_pkg']
[0.269s] Level 1:colcon.colcon_core.package_identification:_identify(src/predictor_group) by extension 'colcon_pkg'
[0.270s] Level 1:colcon.colcon_core.package_identification:_identify(src/predictor_group) by extensions ['colcon_meta']
[0.270s] Level 1:colcon.colcon_core.package_identification:_identify(src/predictor_group) by extension 'colcon_meta'
[0.270s] Level 1:colcon.colcon_core.package_identification:_identify(src/predictor_group) by extensions ['ros']
[0.270s] Level 1:colcon.colcon_core.package_identification:_identify(src/predictor_group) by extension 'ros'
[0.270s] DEBUG:colcon.colcon_core.package_identification:Package 'src/predictor_group' with type 'ros.ament_python' and name 'predictor_group'
[0.270s] Level 1:colcon.colcon_core.package_identification:_identify(src/publisher_group) by extensions ['ignore', 'ignore_ament_install']
[0.270s] Level 1:colcon.colcon_core.package_identification:_identify(src/publisher_group) by extension 'ignore'
[0.270s] Level 1:colcon.colcon_core.package_identification:_identify(src/publisher_group) by extension 'ignore_ament_install'
[0.270s] Level 1:colcon.colcon_core.package_identification:_identify(src/publisher_group) by extensions ['colcon_pkg']
[0.270s] Level 1:colcon.colcon_core.package_identification:_identify(src/publisher_group) by extension 'colcon_pkg'
[0.270s] Level 1:colcon.colcon_core.package_identification:_identify(src/publisher_group) by extensions ['colcon_meta']
[0.270s] Level 1:colcon.colcon_core.package_identification:_identify(src/publisher_group) by extension 'colcon_meta'
[0.270s] Level 1:colcon.colcon_core.package_identification:_identify(src/publisher_group) by extensions ['ros']
[0.270s] Level 1:colcon.colcon_core.package_identification:_identify(src/publisher_group) by extension 'ros'
[0.271s] DEBUG:colcon.colcon_core.package_identification:Package 'src/publisher_group' with type 'ros.ament_python' and name 'publisher_group'
[0.271s] Level 1:colcon.colcon_core.package_identification:_identify(src/recognizer_group) by extensions ['ignore', 'ignore_ament_install']
[0.271s] Level 1:colcon.colcon_core.package_identification:_identify(src/recognizer_group) by extension 'ignore'
[0.271s] Level 1:colcon.colcon_core.package_identification:_identify(src/recognizer_group) by extension 'ignore_ament_install'
[0.271s] Level 1:colcon.colcon_core.package_identification:_identify(src/recognizer_group) by extensions ['colcon_pkg']
[0.271s] Level 1:colcon.colcon_core.package_identification:_identify(src/recognizer_group) by extension 'colcon_pkg'
[0.271s] Level 1:colcon.colcon_core.package_identification:_identify(src/recognizer_group) by extensions ['colcon_meta']
[0.271s] Level 1:colcon.colcon_core.package_identification:_identify(src/recognizer_group) by extension 'colcon_meta'
[0.271s] Level 1:colcon.colcon_core.package_identification:_identify(src/recognizer_group) by extensions ['ros']
[0.271s] Level 1:colcon.colcon_core.package_identification:_identify(src/recognizer_group) by extension 'ros'
[0.271s] DEBUG:colcon.colcon_core.package_identification:Package 'src/recognizer_group' with type 'ros.ament_python' and name 'recognizer_group'
[0.271s] Level 1:colcon.colcon_core.package_discovery:discover_packages(recursive) using defaults
[0.271s] Level 1:colcon.colcon_core.package_discovery:discover_packages(ignore) discover
[0.271s] Level 1:colcon.colcon_core.package_discovery:discover_packages(ignore) using defaults
[0.271s] Level 1:colcon.colcon_core.package_discovery:discover_packages(path) discover
[0.271s] Level 1:colcon.colcon_core.package_discovery:discover_packages(path) using defaults
[0.295s] Level 1:colcon.colcon_core.package_discovery:discover_packages(prefix_path) check parameters
[0.295s] Level 1:colcon.colcon_core.package_discovery:discover_packages(prefix_path) discover
[0.304s] DEBUG:colcon.colcon_installed_package_information.package_discovery:Found 346 installed packages in /home/user/ros2_humble/install
[0.305s] Level 1:colcon.colcon_core.package_discovery:discover_packages(prefix_path) using defaults
[0.318s] Level 5:colcon.colcon_core.verb:set package 'communicator_group' build argument 'cmake_args' from command line to 'None'
[0.318s] Level 5:colcon.colcon_core.verb:set package 'communicator_group' build argument 'cmake_target' from command line to 'None'
[0.318s] Level 5:colcon.colcon_core.verb:set package 'communicator_group' build argument 'cmake_target_skip_unavailable' from command line to 'False'
[0.318s] Level 5:colcon.colcon_core.verb:set package 'communicator_group' build argument 'cmake_clean_cache' from command line to 'False'
[0.318s] Level 5:colcon.colcon_core.verb:set package 'communicator_group' build argument 'cmake_clean_first' from command line to 'False'
[0.318s] Level 5:colcon.colcon_core.verb:set package 'communicator_group' build argument 'cmake_force_configure' from command line to 'False'
[0.318s] Level 5:colcon.colcon_core.verb:set package 'communicator_group' build argument 'ament_cmake_args' from command line to 'None'
[0.318s] Level 5:colcon.colcon_core.verb:set package 'communicator_group' build argument 'catkin_cmake_args' from command line to 'None'
[0.318s] Level 5:colcon.colcon_core.verb:set package 'communicator_group' build argument 'catkin_skip_building_tests' from command line to 'False'
[0.318s] DEBUG:colcon.colcon_core.verb:Building package 'communicator_group' with the following arguments: {'ament_cmake_args': None, 'build_base': '/home/user/ros2_dev/build/communicator_group', 'catkin_cmake_args': None, 'catkin_skip_building_tests': False, 'cmake_args': None, 'cmake_clean_cache': False, 'cmake_clean_first': False, 'cmake_force_configure': False, 'cmake_target': None, 'cmake_target_skip_unavailable': False, 'install_base': '/home/user/ros2_dev/install/communicator_group', 'merge_install': False, 'path': '/home/user/ros2_dev/src/communicator_group', 'symlink_install': True, 'test_result_base': None}
[0.318s] Level 5:colcon.colcon_core.verb:set package 'decider_group' build argument 'cmake_args' from command line to 'None'
[0.318s] Level 5:colcon.colcon_core.verb:set package 'decider_group' build argument 'cmake_target' from command line to 'None'
[0.318s] Level 5:colcon.colcon_core.verb:set package 'decider_group' build argument 'cmake_target_skip_unavailable' from command line to 'False'
[0.318s] Level 5:colcon.colcon_core.verb:set package 'decider_group' build argument 'cmake_clean_cache' from command line to 'False'
[0.318s] Level 5:colcon.colcon_core.verb:set package 'decider_group' build argument 'cmake_clean_first' from command line to 'False'
[0.318s] Level 5:colcon.colcon_core.verb:set package 'decider_group' build argument 'cmake_force_configure' from command line to 'False'
[0.318s] Level 5:colcon.colcon_core.verb:set package 'decider_group' build argument 'ament_cmake_args' from command line to 'None'
[0.318s] Level 5:colcon.colcon_core.verb:set package 'decider_group' build argument 'catkin_cmake_args' from command line to 'None'
[0.318s] Level 5:colcon.colcon_core.verb:set package 'decider_group' build argument 'catkin_skip_building_tests' from command line to 'False'
[0.318s] DEBUG:colcon.colcon_core.verb:Building package 'decider_group' with the following arguments: {'ament_cmake_args': None, 'build_base': '/home/user/ros2_dev/build/decider_group', 'catkin_cmake_args': None, 'catkin_skip_building_tests': False, 'cmake_args': None, 'cmake_clean_cache': False, 'cmake_clean_first': False, 'cmake_force_configure': False, 'cmake_target': None, 'cmake_target_skip_unavailable': False, 'install_base': '/home/user/ros2_dev/install/decider_group', 'merge_install': False, 'path': '/home/user/ros2_dev/src/decider_group', 'symlink_install': True, 'test_result_base': None}
[0.319s] Level 5:colcon.colcon_core.verb:set package 'predictor_group' build argument 'cmake_args' from command line to 'None'
[0.319s] Level 5:colcon.colcon_core.verb:set package 'predictor_group' build argument 'cmake_target' from command line to 'None'
[0.319s] Level 5:colcon.colcon_core.verb:set package 'predictor_group' build argument 'cmake_target_skip_unavailable' from command line to 'False'
[0.319s] Level 5:colcon.colcon_core.verb:set package 'predictor_group' build argument 'cmake_clean_cache' from command line to 'False'
[0.319s] Level 5:colcon.colcon_core.verb:set package 'predictor_group' build argument 'cmake_clean_first' from command line to 'False'
[0.319s] Level 5:colcon.colcon_core.verb:set package 'predictor_group' build argument 'cmake_force_configure' from command line to 'False'
[0.319s] Level 5:colcon.colcon_core.verb:set package 'predictor_group' build argument 'ament_cmake_args' from command line to 'None'
[0.319s] Level 5:colcon.colcon_core.verb:set package 'predictor_group' build argument 'catkin_cmake_args' from command line to 'None'
[0.319s] Level 5:colcon.colcon_core.verb:set package 'predictor_group' build argument 'catkin_skip_building_tests' from command line to 'False'
[0.319s] DEBUG:colcon.colcon_core.verb:Building package 'predictor_group' with the following arguments: {'ament_cmake_args': None, 'build_base': '/home/user/ros2_dev/build/predictor_group', 'catkin_cmake_args': None, 'catkin_skip_building_tests': False, 'cmake_args': None, 'cmake_clean_cache': False, 'cmake_clean_first': False, 'cmake_force_configure': False, 'cmake_target': None, 'cmake_target_skip_unavailable': False, 'install_base': '/home/user/ros2_dev/install/predictor_group', 'merge_install': False, 'path': '/home/user/ros2_dev/src/predictor_group', 'symlink_install': True, 'test_result_base': None}
[0.319s] Level 5:colcon.colcon_core.verb:set package 'publisher_group' build argument 'cmake_args' from command line to 'None'
[0.319s] Level 5:colcon.colcon_core.verb:set package 'publisher_group' build argument 'cmake_target' from command line to 'None'
[0.319s] Level 5:colcon.colcon_core.verb:set package 'publisher_group' build argument 'cmake_target_skip_unavailable' from command line to 'False'
[0.319s] Level 5:colcon.colcon_core.verb:set package 'publisher_group' build argument 'cmake_clean_cache' from command line to 'False'
[0.319s] Level 5:colcon.colcon_core.verb:set package 'publisher_group' build argument 'cmake_clean_first' from command line to 'False'
[0.319s] Level 5:colcon.colcon_core.verb:set package 'publisher_group' build argument 'cmake_force_configure' from command line to 'False'
[0.319s] Level 5:colcon.colcon_core.verb:set package 'publisher_group' build argument 'ament_cmake_args' from command line to 'None'
[0.319s] Level 5:colcon.colcon_core.verb:set package 'publisher_group' build argument 'catkin_cmake_args' from command line to 'None'
[0.319s] Level 5:colcon.colcon_core.verb:set package 'publisher_group' build argument 'catkin_skip_building_tests' from command line to 'False'
[0.319s] DEBUG:colcon.colcon_core.verb:Building package 'publisher_group' with the following arguments: {'ament_cmake_args': None, 'build_base': '/home/user/ros2_dev/build/publisher_group', 'catkin_cmake_args': None, 'catkin_skip_building_tests': False, 'cmake_args': None, 'cmake_clean_cache': False, 'cmake_clean_first': False, 'cmake_force_configure': False, 'cmake_target': None, 'cmake_target_skip_unavailable': False, 'install_base': '/home/user/ros2_dev/install/publisher_group', 'merge_install': False, 'path': '/home/user/ros2_dev/src/publisher_group', 'symlink_install': True, 'test_result_base': None}
[0.319s] Level 5:colcon.colcon_core.verb:set package 'recognizer_group' build argument 'cmake_args' from command line to 'None'
[0.319s] Level 5:colcon.colcon_core.verb:set package 'recognizer_group' build argument 'cmake_target' from command line to 'None'
[0.319s] Level 5:colcon.colcon_core.verb:set package 'recognizer_group' build argument 'cmake_target_skip_unavailable' from command line to 'False'
[0.320s] Level 5:colcon.colcon_core.verb:set package 'recognizer_group' build argument 'cmake_clean_cache' from command line to 'False'
[0.320s] Level 5:colcon.colcon_core.verb:set package 'recognizer_group' build argument 'cmake_clean_first' from command line to 'False'
[0.320s] Level 5:colcon.colcon_core.verb:set package 'recognizer_group' build argument 'cmake_force_configure' from command line to 'False'
[0.320s] Level 5:colcon.colcon_core.verb:set package 'recognizer_group' build argument 'ament_cmake_args' from command line to 'None'
[0.320s] Level 5:colcon.colcon_core.verb:set package 'recognizer_group' build argument 'catkin_cmake_args' from command line to 'None'
[0.320s] Level 5:colcon.colcon_core.verb:set package 'recognizer_group' build argument 'catkin_skip_building_tests' from command line to 'False'
[0.320s] DEBUG:colcon.colcon_core.verb:Building package 'recognizer_group' with the following arguments: {'ament_cmake_args': None, 'build_base': '/home/user/ros2_dev/build/recognizer_group', 'catkin_cmake_args': None, 'catkin_skip_building_tests': False, 'cmake_args': None, 'cmake_clean_cache': False, 'cmake_clean_first': False, 'cmake_force_configure': False, 'cmake_target': None, 'cmake_target_skip_unavailable': False, 'install_base': '/home/user/ros2_dev/install/recognizer_group', 'merge_install': False, 'path': '/home/user/ros2_dev/src/recognizer_group', 'symlink_install': True, 'test_result_base': None}
[0.320s] INFO:colcon.colcon_core.executor:Executing jobs using 'parallel' executor
[0.320s] DEBUG:colcon.colcon_parallel_executor.executor.parallel:run_until_complete
[0.321s] INFO:colcon.colcon_ros.task.ament_python.build:Building ROS package in '/home/user/ros2_dev/src/communicator_group' with build type 'ament_python'
[0.321s] Level 1:colcon.colcon_core.shell:create_environment_hook('communicator_group', 'ament_prefix_path')
[0.324s] INFO:colcon.colcon_core.plugin_system:Skipping extension 'colcon_core.shell.bat': Not used on non-Windows systems
[0.324s] INFO:colcon.colcon_core.shell:Creating environment hook '/home/user/ros2_dev/install/communicator_group/share/communicator_group/hook/ament_prefix_path.ps1'
[0.324s] INFO:colcon.colcon_core.shell:Creating environment descriptor '/home/user/ros2_dev/install/communicator_group/share/communicator_group/hook/ament_prefix_path.dsv'
[0.325s] INFO:colcon.colcon_core.shell:Creating environment hook '/home/user/ros2_dev/install/communicator_group/share/communicator_group/hook/ament_prefix_path.sh'
[0.325s] INFO:colcon.colcon_core.shell:Skip shell extension 'powershell' for command environment: Not usable outside of PowerShell
[0.325s] DEBUG:colcon.colcon_core.shell:Skip shell extension 'dsv' for command environment
[0.337s] INFO:colcon.colcon_ros.task.ament_python.build:Building ROS package in '/home/user/ros2_dev/src/decider_group' with build type 'ament_python'
[0.337s] Level 1:colcon.colcon_core.shell:create_environment_hook('decider_group', 'ament_prefix_path')
[0.337s] INFO:colcon.colcon_core.shell:Creating environment hook '/home/user/ros2_dev/install/decider_group/share/decider_group/hook/ament_prefix_path.ps1'
[0.338s] INFO:colcon.colcon_core.shell:Creating environment descriptor '/home/user/ros2_dev/install/decider_group/share/decider_group/hook/ament_prefix_path.dsv'
[0.339s] INFO:colcon.colcon_core.shell:Creating environment hook '/home/user/ros2_dev/install/decider_group/share/decider_group/hook/ament_prefix_path.sh'
[0.340s] INFO:colcon.colcon_core.shell:Skip shell extension 'powershell' for command environment: Not usable outside of PowerShell
[0.340s] DEBUG:colcon.colcon_core.shell:Skip shell extension 'dsv' for command environment
[0.362s] INFO:colcon.colcon_ros.task.ament_python.build:Building ROS package in '/home/user/ros2_dev/src/predictor_group' with build type 'ament_python'
[0.362s] Level 1:colcon.colcon_core.shell:create_environment_hook('predictor_group', 'ament_prefix_path')
[0.363s] INFO:colcon.colcon_core.shell:Creating environment hook '/home/user/ros2_dev/install/predictor_group/share/predictor_group/hook/ament_prefix_path.ps1'
[0.363s] INFO:colcon.colcon_core.shell:Creating environment descriptor '/home/user/ros2_dev/install/predictor_group/share/predictor_group/hook/ament_prefix_path.dsv'
[0.363s] INFO:colcon.colcon_core.shell:Creating environment hook '/home/user/ros2_dev/install/predictor_group/share/predictor_group/hook/ament_prefix_path.sh'
[0.363s] INFO:colcon.colcon_core.shell:Skip shell extension 'powershell' for command environment: Not usable outside of PowerShell
[0.364s] DEBUG:colcon.colcon_core.shell:Skip shell extension 'dsv' for command environment
[0.376s] INFO:colcon.colcon_ros.task.ament_python.build:Building ROS package in '/home/user/ros2_dev/src/publisher_group' with build type 'ament_python'
[0.376s] Level 1:colcon.colcon_core.shell:create_environment_hook('publisher_group', 'ament_prefix_path')
[0.377s] INFO:colcon.colcon_core.shell:Creating environment hook '/home/user/ros2_dev/install/publisher_group/share/publisher_group/hook/ament_prefix_path.ps1'
[0.377s] INFO:colcon.colcon_core.shell:Creating environment descriptor '/home/user/ros2_dev/install/publisher_group/share/publisher_group/hook/ament_prefix_path.dsv'
[0.377s] INFO:colcon.colcon_core.shell:Creating environment hook '/home/user/ros2_dev/install/publisher_group/share/publisher_group/hook/ament_prefix_path.sh'
[0.378s] INFO:colcon.colcon_core.shell:Skip shell extension 'powershell' for command environment: Not usable outside of PowerShell
[0.378s] DEBUG:colcon.colcon_core.shell:Skip shell extension 'dsv' for command environment
[0.389s] INFO:colcon.colcon_ros.task.ament_python.build:Building ROS package in '/home/user/ros2_dev/src/recognizer_group' with build type 'ament_python'
[0.389s] Level 1:colcon.colcon_core.shell:create_environment_hook('recognizer_group', 'ament_prefix_path')
[0.389s] INFO:colcon.colcon_core.shell:Creating environment hook '/home/user/ros2_dev/install/recognizer_group/share/recognizer_group/hook/ament_prefix_path.ps1'
[0.389s] INFO:colcon.colcon_core.shell:Creating environment descriptor '/home/user/ros2_dev/install/recognizer_group/share/recognizer_group/hook/ament_prefix_path.dsv'
[0.390s] INFO:colcon.colcon_core.shell:Creating environment hook '/home/user/ros2_dev/install/recognizer_group/share/recognizer_group/hook/ament_prefix_path.sh'
[0.390s] INFO:colcon.colcon_core.shell:Skip shell extension 'powershell' for command environment: Not usable outside of PowerShell
[0.390s] DEBUG:colcon.colcon_core.shell:Skip shell extension 'dsv' for command environment
[0.686s] INFO:colcon.colcon_core.task.python.build:Building Python package in '/home/user/ros2_dev/src/communicator_group'
[0.686s] INFO:colcon.colcon_core.shell:Skip shell extension 'powershell' for command environment: Not usable outside of PowerShell
[0.686s] DEBUG:colcon.colcon_core.shell:Skip shell extension 'dsv' for command environment
[1.004s] INFO:colcon.colcon_core.task.python.build:Building Python package in '/home/user/ros2_dev/src/decider_group'
[1.004s] INFO:colcon.colcon_core.shell:Skip shell extension 'powershell' for command environment: Not usable outside of PowerShell
[1.004s] DEBUG:colcon.colcon_core.shell:Skip shell extension 'dsv' for command environment
[1.293s] INFO:colcon.colcon_core.task.python.build:Building Python package in '/home/user/ros2_dev/src/predictor_group'
[1.293s] INFO:colcon.colcon_core.shell:Skip shell extension 'powershell' for command environment: Not usable outside of PowerShell
[1.293s] DEBUG:colcon.colcon_core.shell:Skip shell extension 'dsv' for command environment
[1.583s] INFO:colcon.colcon_core.task.python.build:Building Python package in '/home/user/ros2_dev/src/publisher_group'
[1.583s] INFO:colcon.colcon_core.shell:Skip shell extension 'powershell' for command environment: Not usable outside of PowerShell
[1.583s] DEBUG:colcon.colcon_core.shell:Skip shell extension 'dsv' for command environment
[1.937s] INFO:colcon.colcon_core.task.python.build:Building Python package in '/home/user/ros2_dev/src/recognizer_group'
[1.937s] INFO:colcon.colcon_core.shell:Skip shell extension 'powershell' for command environment: Not usable outside of PowerShell
[1.938s] DEBUG:colcon.colcon_core.shell:Skip shell extension 'dsv' for command environment
[2.551s] DEBUG:colcon.colcon_core.event_handler.log_command:Invoking command in '/home/user/ros2_dev/build/predictor_group': PYTHONPATH=/home/user/ros2_dev/build/predictor_group/prefix_override:/usr/lib/python3/dist-packages/colcon_core/task/python/colcon_distutils_commands:/home/user/ros2_dev/install/predictor_group/lib/python3.10/site-packages:${PYTHONPATH} /usr/bin/python3 -W ignore:setup.py install is deprecated -W ignore:easy_install command is deprecated setup.py develop --editable --build-directory /home/user/ros2_dev/build/predictor_group/build --no-deps symlink_data
[2.562s] DEBUG:colcon.colcon_core.event_handler.log_command:Invoking command in '/home/user/ros2_dev/build/decider_group': PYTHONPATH=/home/user/ros2_dev/build/decider_group/prefix_override:/usr/lib/python3/dist-packages/colcon_core/task/python/colcon_distutils_commands:/home/user/ros2_dev/install/decider_group/lib/python3.10/site-packages:${PYTHONPATH} /usr/bin/python3 -W ignore:setup.py install is deprecated -W ignore:easy_install command is deprecated setup.py develop --editable --build-directory /home/user/ros2_dev/build/decider_group/build --no-deps symlink_data
[2.830s] DEBUG:colcon.colcon_core.event_handler.log_command:Invoking command in '/home/user/ros2_dev/build/publisher_group': PYTHONPATH=/home/user/ros2_dev/build/publisher_group/prefix_override:/usr/lib/python3/dist-packages/colcon_core/task/python/colcon_distutils_commands:/home/user/ros2_dev/install/publisher_group/lib/python3.10/site-packages:${PYTHONPATH} /usr/bin/python3 -W ignore:setup.py install is deprecated -W ignore:easy_install command is deprecated setup.py develop --editable --build-directory /home/user/ros2_dev/build/publisher_group/build --no-deps symlink_data
[2.920s] DEBUG:colcon.colcon_core.event_handler.log_command:Invoking command in '/home/user/ros2_dev/build/communicator_group': PYTHONPATH=/home/user/ros2_dev/build/communicator_group/prefix_override:/usr/lib/python3/dist-packages/colcon_core/task/python/colcon_distutils_commands:/home/user/ros2_dev/install/communicator_group/lib/python3.10/site-packages:${PYTHONPATH} /usr/bin/python3 -W ignore:setup.py install is deprecated -W ignore:easy_install command is deprecated setup.py develop --editable --build-directory /home/user/ros2_dev/build/communicator_group/build --no-deps symlink_data
[2.956s] DEBUG:colcon.colcon_core.event_handler.log_command:Invoking command in '/home/user/ros2_dev/build/recognizer_group': PYTHONPATH=/home/user/ros2_dev/build/recognizer_group/prefix_override:/usr/lib/python3/dist-packages/colcon_core/task/python/colcon_distutils_commands:/home/user/ros2_dev/install/recognizer_group/lib/python3.10/site-packages:${PYTHONPATH} /usr/bin/python3 -W ignore:setup.py install is deprecated -W ignore:easy_install command is deprecated setup.py develop --editable --build-directory /home/user/ros2_dev/build/recognizer_group/build --no-deps symlink_data
[3.345s] Level 1:colcon.colcon_core.shell:create_environment_hook('predictor_group', 'pythonpath_develop')
[3.345s] INFO:colcon.colcon_core.shell:Creating environment hook '/home/user/ros2_dev/build/predictor_group/share/predictor_group/hook/pythonpath_develop.ps1'
[3.346s] DEBUG:colcon.colcon_core.event_handler.log_command:Invoked command in '/home/user/ros2_dev/build/predictor_group' returned '0': PYTHONPATH=/home/user/ros2_dev/build/predictor_group/prefix_override:/usr/lib/python3/dist-packages/colcon_core/task/python/colcon_distutils_commands:/home/user/ros2_dev/install/predictor_group/lib/python3.10/site-packages:${PYTHONPATH} /usr/bin/python3 -W ignore:setup.py install is deprecated -W ignore:easy_install command is deprecated setup.py develop --editable --build-directory /home/user/ros2_dev/build/predictor_group/build --no-deps symlink_data
[3.347s] INFO:colcon.colcon_core.shell:Creating environment descriptor '/home/user/ros2_dev/build/predictor_group/share/predictor_group/hook/pythonpath_develop.dsv'
[3.347s] INFO:colcon.colcon_core.shell:Creating environment hook '/home/user/ros2_dev/build/predictor_group/share/predictor_group/hook/pythonpath_develop.sh'
[3.357s] Level 1:colcon.colcon_core.environment:checking '/home/user/ros2_dev/install/predictor_group' for CMake module files
[3.357s] Level 1:colcon.colcon_core.environment:checking '/home/user/ros2_dev/install/predictor_group' for CMake config files
[3.359s] Level 1:colcon.colcon_core.environment:checking '/home/user/ros2_dev/install/predictor_group/lib'
[3.359s] Level 1:colcon.colcon_core.environment:checking '/home/user/ros2_dev/install/predictor_group/bin'
[3.359s] Level 1:colcon.colcon_core.environment:checking '/home/user/ros2_dev/install/predictor_group/lib/pkgconfig/predictor_group.pc'
[3.359s] Level 1:colcon.colcon_core.environment:checking '/home/user/ros2_dev/install/predictor_group/lib/python3.10/site-packages'
[3.359s] Level 1:colcon.colcon_core.shell:create_environment_hook('predictor_group', 'pythonpath')
[3.360s] INFO:colcon.colcon_core.shell:Creating environment hook '/home/user/ros2_dev/install/predictor_group/share/predictor_group/hook/pythonpath.ps1'
[3.360s] INFO:colcon.colcon_core.shell:Creating environment descriptor '/home/user/ros2_dev/install/predictor_group/share/predictor_group/hook/pythonpath.dsv'
[3.361s] INFO:colcon.colcon_core.shell:Creating environment hook '/home/user/ros2_dev/install/predictor_group/share/predictor_group/hook/pythonpath.sh'
[3.362s] Level 1:colcon.colcon_core.environment:checking '/home/user/ros2_dev/install/predictor_group/bin'
[3.362s] Level 1:colcon.colcon_core.environment:create_environment_scripts_only(predictor_group)
[3.362s] INFO:colcon.colcon_core.shell:Creating package script '/home/user/ros2_dev/install/predictor_group/share/predictor_group/package.ps1'
[3.363s] INFO:colcon.colcon_core.shell:Creating package descriptor '/home/user/ros2_dev/install/predictor_group/share/predictor_group/package.dsv'
[3.364s] INFO:colcon.colcon_core.shell:Creating package script '/home/user/ros2_dev/install/predictor_group/share/predictor_group/package.sh'
[3.365s] INFO:colcon.colcon_core.shell:Creating package script '/home/user/ros2_dev/install/predictor_group/share/predictor_group/package.bash'
[3.366s] INFO:colcon.colcon_core.shell:Creating package script '/home/user/ros2_dev/install/predictor_group/share/predictor_group/package.zsh'
[3.367s] Level 1:colcon.colcon_core.environment:create_file_with_runtime_dependencies(/home/user/ros2_dev/install/predictor_group/share/colcon-core/packages/predictor_group)
[3.595s] Level 1:colcon.colcon_core.shell:create_environment_hook('publisher_group', 'pythonpath_develop')
[3.596s] INFO:colcon.colcon_core.shell:Creating environment hook '/home/user/ros2_dev/build/publisher_group/share/publisher_group/hook/pythonpath_develop.ps1'
[3.596s] DEBUG:colcon.colcon_core.event_handler.log_command:Invoked command in '/home/user/ros2_dev/build/publisher_group' returned '0': PYTHONPATH=/home/user/ros2_dev/build/publisher_group/prefix_override:/usr/lib/python3/dist-packages/colcon_core/task/python/colcon_distutils_commands:/home/user/ros2_dev/install/publisher_group/lib/python3.10/site-packages:${PYTHONPATH} /usr/bin/python3 -W ignore:setup.py install is deprecated -W ignore:easy_install command is deprecated setup.py develop --editable --build-directory /home/user/ros2_dev/build/publisher_group/build --no-deps symlink_data
[3.597s] INFO:colcon.colcon_core.shell:Creating environment descriptor '/home/user/ros2_dev/build/publisher_group/share/publisher_group/hook/pythonpath_develop.dsv'
[3.598s] INFO:colcon.colcon_core.shell:Creating environment hook '/home/user/ros2_dev/build/publisher_group/share/publisher_group/hook/pythonpath_develop.sh'
[3.598s] Level 1:colcon.colcon_core.environment:checking '/home/user/ros2_dev/install/publisher_group' for CMake module files
[3.599s] Level 1:colcon.colcon_core.environment:checking '/home/user/ros2_dev/install/publisher_group' for CMake config files
[3.600s] Level 1:colcon.colcon_core.environment:checking '/home/user/ros2_dev/install/publisher_group/lib'
[3.600s] Level 1:colcon.colcon_core.environment:checking '/home/user/ros2_dev/install/publisher_group/bin'
[3.600s] Level 1:colcon.colcon_core.environment:checking '/home/user/ros2_dev/install/publisher_group/lib/pkgconfig/publisher_group.pc'
[3.600s] Level 1:colcon.colcon_core.environment:checking '/home/user/ros2_dev/install/publisher_group/lib/python3.10/site-packages'
[3.600s] Level 1:colcon.colcon_core.shell:create_environment_hook('publisher_group', 'pythonpath')
[3.600s] INFO:colcon.colcon_core.shell:Creating environment hook '/home/user/ros2_dev/install/publisher_group/share/publisher_group/hook/pythonpath.ps1'
[3.601s] INFO:colcon.colcon_core.shell:Creating environment descriptor '/home/user/ros2_dev/install/publisher_group/share/publisher_group/hook/pythonpath.dsv'
[3.601s] INFO:colcon.colcon_core.shell:Creating environment hook '/home/user/ros2_dev/install/publisher_group/share/publisher_group/hook/pythonpath.sh'
[3.602s] Level 1:colcon.colcon_core.environment:checking '/home/user/ros2_dev/install/publisher_group/bin'
[3.602s] Level 1:colcon.colcon_core.environment:create_environment_scripts_only(publisher_group)
[3.603s] INFO:colcon.colcon_core.shell:Creating package script '/home/user/ros2_dev/install/publisher_group/share/publisher_group/package.ps1'
[3.603s] INFO:colcon.colcon_core.shell:Creating package descriptor '/home/user/ros2_dev/install/publisher_group/share/publisher_group/package.dsv'
[3.604s] INFO:colcon.colcon_core.shell:Creating package script '/home/user/ros2_dev/install/publisher_group/share/publisher_group/package.sh'
[3.605s] INFO:colcon.colcon_core.shell:Creating package script '/home/user/ros2_dev/install/publisher_group/share/publisher_group/package.bash'
[3.605s] INFO:colcon.colcon_core.shell:Creating package script '/home/user/ros2_dev/install/publisher_group/share/publisher_group/package.zsh'
[3.606s] Level 1:colcon.colcon_core.environment:create_file_with_runtime_dependencies(/home/user/ros2_dev/install/publisher_group/share/colcon-core/packages/publisher_group)
[3.729s] Level 1:colcon.colcon_core.shell:create_environment_hook('decider_group', 'pythonpath_develop')
[3.730s] INFO:colcon.colcon_core.shell:Creating environment hook '/home/user/ros2_dev/build/decider_group/share/decider_group/hook/pythonpath_develop.ps1'
[3.730s] DEBUG:colcon.colcon_core.event_handler.log_command:Invoked command in '/home/user/ros2_dev/build/decider_group' returned '0': PYTHONPATH=/home/user/ros2_dev/build/decider_group/prefix_override:/usr/lib/python3/dist-packages/colcon_core/task/python/colcon_distutils_commands:/home/user/ros2_dev/install/decider_group/lib/python3.10/site-packages:${PYTHONPATH} /usr/bin/python3 -W ignore:setup.py install is deprecated -W ignore:easy_install command is deprecated setup.py develop --editable --build-directory /home/user/ros2_dev/build/decider_group/build --no-deps symlink_data
[3.730s] INFO:colcon.colcon_core.shell:Creating environment descriptor '/home/user/ros2_dev/build/decider_group/share/decider_group/hook/pythonpath_develop.dsv'
[3.731s] INFO:colcon.colcon_core.shell:Creating environment hook '/home/user/ros2_dev/build/decider_group/share/decider_group/hook/pythonpath_develop.sh'
[3.731s] Level 1:colcon.colcon_core.environment:checking '/home/user/ros2_dev/install/decider_group' for CMake module files
[3.732s] Level 1:colcon.colcon_core.environment:checking '/home/user/ros2_dev/install/decider_group' for CMake config files
[3.732s] Level 1:colcon.colcon_core.environment:checking '/home/user/ros2_dev/install/decider_group/lib'
[3.732s] Level 1:colcon.colcon_core.environment:checking '/home/user/ros2_dev/install/decider_group/bin'
[3.732s] Level 1:colcon.colcon_core.environment:checking '/home/user/ros2_dev/install/decider_group/lib/pkgconfig/decider_group.pc'
[3.733s] Level 1:colcon.colcon_core.environment:checking '/home/user/ros2_dev/install/decider_group/lib/python3.10/site-packages'
[3.733s] Level 1:colcon.colcon_core.shell:create_environment_hook('decider_group', 'pythonpath')
[3.733s] INFO:colcon.colcon_core.shell:Creating environment hook '/home/user/ros2_dev/install/decider_group/share/decider_group/hook/pythonpath.ps1'
[3.733s] INFO:colcon.colcon_core.shell:Creating environment descriptor '/home/user/ros2_dev/install/decider_group/share/decider_group/hook/pythonpath.dsv'
[3.733s] INFO:colcon.colcon_core.shell:Creating environment hook '/home/user/ros2_dev/install/decider_group/share/decider_group/hook/pythonpath.sh'
[3.735s] Level 1:colcon.colcon_core.environment:checking '/home/user/ros2_dev/install/decider_group/bin'
[3.735s] Level 1:colcon.colcon_core.environment:create_environment_scripts_only(decider_group)
[3.735s] INFO:colcon.colcon_core.shell:Creating package script '/home/user/ros2_dev/install/decider_group/share/decider_group/package.ps1'
[3.736s] INFO:colcon.colcon_core.shell:Creating package descriptor '/home/user/ros2_dev/install/decider_group/share/decider_group/package.dsv'
[3.736s] INFO:colcon.colcon_core.shell:Creating package script '/home/user/ros2_dev/install/decider_group/share/decider_group/package.sh'
[3.737s] INFO:colcon.colcon_core.shell:Creating package script '/home/user/ros2_dev/install/decider_group/share/decider_group/package.bash'
[3.737s] INFO:colcon.colcon_core.shell:Creating package script '/home/user/ros2_dev/install/decider_group/share/decider_group/package.zsh'
[3.737s] Level 1:colcon.colcon_core.environment:create_file_with_runtime_dependencies(/home/user/ros2_dev/install/decider_group/share/colcon-core/packages/decider_group)
[3.767s] Level 1:colcon.colcon_core.shell:create_environment_hook('communicator_group', 'pythonpath_develop')
[3.768s] INFO:colcon.colcon_core.shell:Creating environment hook '/home/user/ros2_dev/build/communicator_group/share/communicator_group/hook/pythonpath_develop.ps1'
[3.769s] DEBUG:colcon.colcon_core.event_handler.log_command:Invoked command in '/home/user/ros2_dev/build/communicator_group' returned '0': PYTHONPATH=/home/user/ros2_dev/build/communicator_group/prefix_override:/usr/lib/python3/dist-packages/colcon_core/task/python/colcon_distutils_commands:/home/user/ros2_dev/install/communicator_group/lib/python3.10/site-packages:${PYTHONPATH} /usr/bin/python3 -W ignore:setup.py install is deprecated -W ignore:easy_install command is deprecated setup.py develop --editable --build-directory /home/user/ros2_dev/build/communicator_group/build --no-deps symlink_data
[3.769s] INFO:colcon.colcon_core.shell:Creating environment descriptor '/home/user/ros2_dev/build/communicator_group/share/communicator_group/hook/pythonpath_develop.dsv'
[3.770s] INFO:colcon.colcon_core.shell:Creating environment hook '/home/user/ros2_dev/build/communicator_group/share/communicator_group/hook/pythonpath_develop.sh'
[3.770s] Level 1:colcon.colcon_core.environment:checking '/home/user/ros2_dev/install/communicator_group' for CMake module files
[3.771s] Level 1:colcon.colcon_core.environment:checking '/home/user/ros2_dev/install/communicator_group' for CMake config files
[3.771s] Level 1:colcon.colcon_core.environment:checking '/home/user/ros2_dev/install/communicator_group/lib'
[3.772s] Level 1:colcon.colcon_core.environment:checking '/home/user/ros2_dev/install/communicator_group/bin'
[3.772s] Level 1:colcon.colcon_core.environment:checking '/home/user/ros2_dev/install/communicator_group/lib/pkgconfig/communicator_group.pc'
[3.772s] Level 1:colcon.colcon_core.environment:checking '/home/user/ros2_dev/install/communicator_group/lib/python3.10/site-packages'
[3.772s] Level 1:colcon.colcon_core.shell:create_environment_hook('communicator_group', 'pythonpath')
[3.772s] INFO:colcon.colcon_core.shell:Creating environment hook '/home/user/ros2_dev/install/communicator_group/share/communicator_group/hook/pythonpath.ps1'
[3.773s] INFO:colcon.colcon_core.shell:Creating environment descriptor '/home/user/ros2_dev/install/communicator_group/share/communicator_group/hook/pythonpath.dsv'
[3.773s] INFO:colcon.colcon_core.shell:Creating environment hook '/home/user/ros2_dev/install/communicator_group/share/communicator_group/hook/pythonpath.sh'
[3.774s] Level 1:colcon.colcon_core.environment:checking '/home/user/ros2_dev/install/communicator_group/bin'
[3.774s] Level 1:colcon.colcon_core.environment:create_environment_scripts_only(communicator_group)
[3.774s] INFO:colcon.colcon_core.shell:Creating package script '/home/user/ros2_dev/install/communicator_group/share/communicator_group/package.ps1'
[3.775s] INFO:colcon.colcon_core.shell:Creating package descriptor '/home/user/ros2_dev/install/communicator_group/share/communicator_group/package.dsv'
[3.776s] INFO:colcon.colcon_core.shell:Creating package script '/home/user/ros2_dev/install/communicator_group/share/communicator_group/package.sh'
[3.776s] INFO:colcon.colcon_core.shell:Creating package script '/home/user/ros2_dev/install/communicator_group/share/communicator_group/package.bash'
[3.777s] INFO:colcon.colcon_core.shell:Creating package script '/home/user/ros2_dev/install/communicator_group/share/communicator_group/package.zsh'
[3.777s] Level 1:colcon.colcon_core.environment:create_file_with_runtime_dependencies(/home/user/ros2_dev/install/communicator_group/share/colcon-core/packages/communicator_group)
[3.858s] Level 1:colcon.colcon_core.shell:create_environment_hook('recognizer_group', 'pythonpath_develop')
[3.859s] INFO:colcon.colcon_core.shell:Creating environment hook '/home/user/ros2_dev/build/recognizer_group/share/recognizer_group/hook/pythonpath_develop.ps1'
[3.859s] DEBUG:colcon.colcon_core.event_handler.log_command:Invoked command in '/home/user/ros2_dev/build/recognizer_group' returned '0': PYTHONPATH=/home/user/ros2_dev/build/recognizer_group/prefix_override:/usr/lib/python3/dist-packages/colcon_core/task/python/colcon_distutils_commands:/home/user/ros2_dev/install/recognizer_group/lib/python3.10/site-packages:${PYTHONPATH} /usr/bin/python3 -W ignore:setup.py install is deprecated -W ignore:easy_install command is deprecated setup.py develop --editable --build-directory /home/user/ros2_dev/build/recognizer_group/build --no-deps symlink_data
[3.860s] INFO:colcon.colcon_core.shell:Creating environment descriptor '/home/user/ros2_dev/build/recognizer_group/share/recognizer_group/hook/pythonpath_develop.dsv'
[3.860s] INFO:colcon.colcon_core.shell:Creating environment hook '/home/user/ros2_dev/build/recognizer_group/share/recognizer_group/hook/pythonpath_develop.sh'
[3.861s] Level 1:colcon.colcon_core.environment:checking '/home/user/ros2_dev/install/recognizer_group' for CMake module files
[3.861s] Level 1:colcon.colcon_core.environment:checking '/home/user/ros2_dev/install/recognizer_group' for CMake config files
[3.862s] Level 1:colcon.colcon_core.environment:checking '/home/user/ros2_dev/install/recognizer_group/lib'
[3.862s] Level 1:colcon.colcon_core.environment:checking '/home/user/ros2_dev/install/recognizer_group/bin'
[3.862s] Level 1:colcon.colcon_core.environment:checking '/home/user/ros2_dev/install/recognizer_group/lib/pkgconfig/recognizer_group.pc'
[3.862s] Level 1:colcon.colcon_core.environment:checking '/home/user/ros2_dev/install/recognizer_group/lib/python3.10/site-packages'
[3.862s] Level 1:colcon.colcon_core.shell:create_environment_hook('recognizer_group', 'pythonpath')
[3.863s] INFO:colcon.colcon_core.shell:Creating environment hook '/home/user/ros2_dev/install/recognizer_group/share/recognizer_group/hook/pythonpath.ps1'
[3.863s] INFO:colcon.colcon_core.shell:Creating environment descriptor '/home/user/ros2_dev/install/recognizer_group/share/recognizer_group/hook/pythonpath.dsv'
[3.864s] INFO:colcon.colcon_core.shell:Creating environment hook '/home/user/ros2_dev/install/recognizer_group/share/recognizer_group/hook/pythonpath.sh'
[3.864s] Level 1:colcon.colcon_core.environment:checking '/home/user/ros2_dev/install/recognizer_group/bin'
[3.864s] Level 1:colcon.colcon_core.environment:create_environment_scripts_only(recognizer_group)
[3.865s] INFO:colcon.colcon_core.shell:Creating package script '/home/user/ros2_dev/install/recognizer_group/share/recognizer_group/package.ps1'
[3.866s] INFO:colcon.colcon_core.shell:Creating package descriptor '/home/user/ros2_dev/install/recognizer_group/share/recognizer_group/package.dsv'
[3.866s] INFO:colcon.colcon_core.shell:Creating package script '/home/user/ros2_dev/install/recognizer_group/share/recognizer_group/package.sh'
[3.867s] INFO:colcon.colcon_core.shell:Creating package script '/home/user/ros2_dev/install/recognizer_group/share/recognizer_group/package.bash'
[3.867s] INFO:colcon.colcon_core.shell:Creating package script '/home/user/ros2_dev/install/recognizer_group/share/recognizer_group/package.zsh'
[3.867s] Level 1:colcon.colcon_core.environment:create_file_with_runtime_dependencies(/home/user/ros2_dev/install/recognizer_group/share/colcon-core/packages/recognizer_group)
[3.867s] DEBUG:colcon.colcon_parallel_executor.executor.parallel:closing loop
[3.868s] DEBUG:colcon.colcon_parallel_executor.executor.parallel:loop closed
[3.868s] DEBUG:colcon.colcon_parallel_executor.executor.parallel:run_until_complete finished with '0'
[3.868s] DEBUG:colcon.colcon_core.event_reactor:joining thread
[3.876s] INFO:colcon.colcon_core.plugin_system:Skipping extension 'colcon_notification.desktop_notification.terminal_notifier': Not used on non-Darwin systems
[3.876s] INFO:colcon.colcon_core.plugin_system:Skipping extension 'colcon_notification.desktop_notification.win32': Not used on non-Windows systems
[3.876s] INFO:colcon.colcon_notification.desktop_notification:Sending desktop notification using 'notify2'
[3.883s] DEBUG:colcon.colcon_core.event_reactor:joined thread
[3.883s] INFO:colcon.colcon_core.shell:Creating prefix script '/home/user/ros2_dev/install/local_setup.ps1'
[3.884s] INFO:colcon.colcon_core.shell:Creating prefix util module '/home/user/ros2_dev/install/_local_setup_util_ps1.py'
[3.886s] INFO:colcon.colcon_core.shell:Creating prefix chain script '/home/user/ros2_dev/install/setup.ps1'
[3.899s] INFO:colcon.colcon_core.shell:Creating prefix script '/home/user/ros2_dev/install/local_setup.sh'
[3.899s] INFO:colcon.colcon_core.shell:Creating prefix util module '/home/user/ros2_dev/install/_local_setup_util_sh.py'
[3.900s] INFO:colcon.colcon_core.shell:Creating prefix chain script '/home/user/ros2_dev/install/setup.sh'
[3.912s] INFO:colcon.colcon_core.shell:Creating prefix script '/home/user/ros2_dev/install/local_setup.bash'
[3.912s] INFO:colcon.colcon_core.shell:Creating prefix chain script '/home/user/ros2_dev/install/setup.bash'
[3.918s] INFO:colcon.colcon_core.shell:Creating prefix script '/home/user/ros2_dev/install/local_setup.zsh'
[3.918s] INFO:colcon.colcon_core.shell:Creating prefix chain script '/home/user/ros2_dev/install/setup.zsh'
